#
# There is insufficient memory for the Java Runtime Environment to continue.
# Native memory allocation (malloc) failed to allocate 310816 bytes for Chunk::new
# Possible reasons:
#   The system is out of physical RAM or swap space
#   In 32 bit mode, the process size limit was hit
# Possible solutions:
#   Reduce memory load on the system
#   Increase physical memory or swap space
#   Check if swap backing store is full
#   Use 64 bit Java on a 64 bit OS
#   Decrease Java heap size (-Xmx/-Xms)
#   Decrease number of Java threads
#   Decrease Java thread stack sizes (-Xss)
#   Set larger code cache with -XX:ReservedCodeCacheSize=
# This output file may be truncated or incomplete.
#
#  Out of Memory Error (allocation.cpp:390), pid=13240, tid=11720
#
# JRE version: Java(TM) SE Runtime Environment (8.0_91-b15) (build 1.8.0_91-b15)
# Java VM: Java HotSpot(TM) 64-Bit Server VM (25.91-b15 mixed mode windows-amd64 compressed oops)
# Failed to write core dump. Minidumps are not enabled by default on client versions of Windows
#

---------------  T H R E A D  ---------------

Current thread (0x0000000014f8d000):  JavaThread "C2 CompilerThread0" daemon [_thread_in_native, id=11720, stack(0x00000000165f0000,0x00000000166f0000)]

Stack: [0x00000000165f0000,0x00000000166f0000]
[error occurred during error reporting (printing stack bounds), id 0xc0000005]

Native frames: (J=compiled Java code, j=interpreted, Vv=VM code, C=native code)


Current CompileTask:
C2:   5209 1632       4       com.android.dx.ssa.Dominators::compress (229 bytes)


---------------  P R O C E S S  ---------------

Java Threads: ( => current thread )
  0x00000000198c0800 JavaThread "pool-1-thread-1" [_thread_in_Java, id=11072, stack(0x000000001ab60000,0x000000001ac60000)]
  0x00000000168f5800 JavaThread "Service Thread" daemon [_thread_blocked, id=364, stack(0x0000000016cf0000,0x0000000016df0000)]
  0x0000000014feb000 JavaThread "C1 CompilerThread2" daemon [_thread_blocked, id=6328, stack(0x00000000167f0000,0x00000000168f0000)]
  0x0000000014f92800 JavaThread "C2 CompilerThread1" daemon [_thread_in_vm, id=7364, stack(0x00000000166f0000,0x00000000167f0000)]
=>0x0000000014f8d000 JavaThread "C2 CompilerThread0" daemon [_thread_in_native, id=11720, stack(0x00000000165f0000,0x00000000166f0000)]
  0x0000000014f8a800 JavaThread "Attach Listener" daemon [_thread_blocked, id=13232, stack(0x00000000164f0000,0x00000000165f0000)]
  0x0000000014f89000 JavaThread "Signal Dispatcher" daemon [_thread_blocked, id=10484, stack(0x00000000163f0000,0x00000000164f0000)]
  0x0000000014f7a800 JavaThread "Finalizer" daemon [_thread_blocked, id=8120, stack(0x00000000161f0000,0x00000000162f0000)]
  0x0000000014f59000 JavaThread "Reference Handler" daemon [_thread_blocked, id=10668, stack(0x00000000160f0000,0x00000000161f0000)]
  0x00000000027be000 JavaThread "main" [_thread_blocked, id=8828, stack(0x0000000002690000,0x0000000002790000)]

Other Threads:
  0x0000000014f57000 VMThread [stack: 0x0000000015ff0000,0x00000000160f0000] [id=12828]
  0x0000000016903000 WatcherThread [stack: 0x0000000016df0000,0x0000000016ef0000] [id=11620]

VM state:not at safepoint (normal execution)

VM Mutex/Monitor currently owned by a thread: None

Heap:
 PSYoungGen      total 101888K, used 91596K [0x00000000eab00000, 0x00000000f9100000, 0x0000000100000000)
  eden space 98304K, 89% used [0x00000000eab00000,0x00000000f00f9ba0,0x00000000f0b00000)
  from space 3584K, 99% used [0x00000000f0b00000,0x00000000f0e79618,0x00000000f0e80000)
  to   space 19456K, 0% used [0x00000000f7e00000,0x00000000f7e00000,0x00000000f9100000)
 ParOldGen       total 64512K, used 33826K [0x00000000c0000000, 0x00000000c3f00000, 0x00000000eab00000)
  object space 64512K, 52% used [0x00000000c0000000,0x00000000c2108920,0x00000000c3f00000)
 Metaspace       used 6571K, capacity 7256K, committed 7424K, reserved 1056768K
  class space    used 631K, capacity 656K, committed 768K, reserved 1048576K

Card table byte_map: [0x0000000011c80000,0x0000000011e90000] byte_map_base: 0x0000000011680000

Marking Bits: (ParMarkBitMap*) 0x0000000063f82f70
 Begin Bits: [0x00000000123f0000, 0x00000000133f0000)
 End Bits:   [0x00000000133f0000, 0x00000000143f0000)

Polling page: 0x00000000025c0000

CodeCache: size=245760Kb used=8353Kb max_used=8366Kb free=237406Kb
 bounds [0x00000000028c0000, 0x0000000003100000, 0x00000000118c0000]
 total_blobs=2204 nmethods=1934 adapters=182
 compilation: enabled

Compilation events (10 events):
Event: 5.176 Thread 0x0000000014f92800 nmethod 1790 0x00000000030f0d50 code [0x00000000030f1140, 0x00000000030f4178]
Event: 5.176 Thread 0x0000000014f92800 1928       4       com.android.dx.cf.iface.StdAttributeList::findFirst (44 bytes)
Event: 5.180 Thread 0x0000000014f92800 nmethod 1928 0x00000000030e1ad0 code [0x00000000030e1c20, 0x00000000030e1ef8]
Event: 5.180 Thread 0x0000000014f92800 1862       4       com.android.dx.ssa.back.SsaToRop::convertInsns (53 bytes)
Event: 5.187 Thread 0x0000000014f8d000 nmethod 1929 0x00000000030e27d0 code [0x00000000030e2960, 0x00000000030e30c8]
Event: 5.187 Thread 0x0000000014f8d000 1632       4       com.android.dx.ssa.Dominators::compress (229 bytes)
Event: 5.188 Thread 0x0000000014f92800 nmethod 1862 0x00000000030df4d0 code [0x00000000030df640, 0x00000000030dfa78]
Event: 5.188 Thread 0x0000000014f92800 1796       4       java.util.ArrayList::remove (77 bytes)
Event: 5.196 Thread 0x0000000014f92800 nmethod 1796 0x00000000030dee10 code [0x00000000030def60, 0x00000000030df2f8]
Event: 5.196 Thread 0x0000000014f92800 1829   !   4       com.android.dx.cf.code.RopperMachine::run (1550 bytes)

GC Heap History (10 events):
Event: 1.394 GC heap before
{Heap before GC invocations=1 (full 0):
 PSYoungGen      total 28160K, used 24576K [0x00000000eab00000, 0x00000000eca00000, 0x0000000100000000)
  eden space 24576K, 100% used [0x00000000eab00000,0x00000000ec300000,0x00000000ec300000)
  from space 3584K, 0% used [0x00000000ec680000,0x00000000ec680000,0x00000000eca00000)
  to   space 3584K, 0% used [0x00000000ec300000,0x00000000ec300000,0x00000000ec680000)
 ParOldGen       total 64512K, used 0K [0x00000000c0000000, 0x00000000c3f00000, 0x00000000eab00000)
  object space 64512K, 0% used [0x00000000c0000000,0x00000000c0000000,0x00000000c3f00000)
 Metaspace       used 5868K, capacity 6770K, committed 7040K, reserved 1056768K
  class space    used 603K, capacity 618K, committed 640K, reserved 1048576K
Event: 1.489 GC heap after
Heap after GC invocations=1 (full 0):
 PSYoungGen      total 28160K, used 3559K [0x00000000eab00000, 0x00000000ee200000, 0x0000000100000000)
  eden space 24576K, 0% used [0x00000000eab00000,0x00000000eab00000,0x00000000ec300000)
  from space 3584K, 99% used [0x00000000ec300000,0x00000000ec679c88,0x00000000ec680000)
  to   space 3584K, 0% used [0x00000000ede80000,0x00000000ede80000,0x00000000ee200000)
 ParOldGen       total 64512K, used 1419K [0x00000000c0000000, 0x00000000c3f00000, 0x00000000eab00000)
  object space 64512K, 2% used [0x00000000c0000000,0x00000000c0162f40,0x00000000c3f00000)
 Metaspace       used 5868K, capacity 6770K, committed 7040K, reserved 1056768K
  class space    used 603K, capacity 618K, committed 640K, reserved 1048576K
}
Event: 2.484 GC heap before
{Heap before GC invocations=2 (full 0):
 PSYoungGen      total 28160K, used 28135K [0x00000000eab00000, 0x00000000ee200000, 0x0000000100000000)
  eden space 24576K, 100% used [0x00000000eab00000,0x00000000ec300000,0x00000000ec300000)
  from space 3584K, 99% used [0x00000000ec300000,0x00000000ec679c88,0x00000000ec680000)
  to   space 3584K, 0% used [0x00000000ede80000,0x00000000ede80000,0x00000000ee200000)
 ParOldGen       total 64512K, used 1419K [0x00000000c0000000, 0x00000000c3f00000, 0x00000000eab00000)
  object space 64512K, 2% used [0x00000000c0000000,0x00000000c0162f40,0x00000000c3f00000)
 Metaspace       used 6169K, capacity 7026K, committed 7296K, reserved 1056768K
  class space    used 603K, capacity 618K, committed 640K, reserved 1048576K
Event: 2.517 GC heap after
Heap after GC invocations=2 (full 0):
 PSYoungGen      total 52736K, used 3583K [0x00000000eab00000, 0x00000000ee200000, 0x0000000100000000)
  eden space 49152K, 0% used [0x00000000eab00000,0x00000000eab00000,0x00000000edb00000)
  from space 3584K, 99% used [0x00000000ede80000,0x00000000ee1ffdf0,0x00000000ee200000)
  to   space 3584K, 0% used [0x00000000edb00000,0x00000000edb00000,0x00000000ede80000)
 ParOldGen       total 64512K, used 4582K [0x00000000c0000000, 0x00000000c3f00000, 0x00000000eab00000)
  object space 64512K, 7% used [0x00000000c0000000,0x00000000c0479990,0x00000000c3f00000)
 Metaspace       used 6169K, capacity 7026K, committed 7296K, reserved 1056768K
  class space    used 603K, capacity 618K, committed 640K, reserved 1048576K
}
Event: 3.217 GC heap before
{Heap before GC invocations=3 (full 0):
 PSYoungGen      total 52736K, used 52735K [0x00000000eab00000, 0x00000000ee200000, 0x0000000100000000)
  eden space 49152K, 100% used [0x00000000eab00000,0x00000000edb00000,0x00000000edb00000)
  from space 3584K, 99% used [0x00000000ede80000,0x00000000ee1ffdf0,0x00000000ee200000)
  to   space 3584K, 0% used [0x00000000edb00000,0x00000000edb00000,0x00000000ede80000)
 ParOldGen       total 64512K, used 4582K [0x00000000c0000000, 0x00000000c3f00000, 0x00000000eab00000)
  object space 64512K, 7% used [0x00000000c0000000,0x00000000c0479990,0x00000000c3f00000)
 Metaspace       used 6254K, capacity 7090K, committed 7296K, reserved 1056768K
  class space    used 604K, capacity 618K, committed 640K, reserved 1048576K
Event: 3.257 GC heap after
Heap after GC invocations=3 (full 0):
 PSYoungGen      total 52736K, used 3560K [0x00000000eab00000, 0x00000000f1200000, 0x0000000100000000)
  eden space 49152K, 0% used [0x00000000eab00000,0x00000000eab00000,0x00000000edb00000)
  from space 3584K, 99% used [0x00000000edb00000,0x00000000ede7a398,0x00000000ede80000)
  to   space 3584K, 0% used [0x00000000f0e80000,0x00000000f0e80000,0x00000000f1200000)
 ParOldGen       total 64512K, used 11691K [0x00000000c0000000, 0x00000000c3f00000, 0x00000000eab00000)
  object space 64512K, 18% used [0x00000000c0000000,0x00000000c0b6acf8,0x00000000c3f00000)
 Metaspace       used 6254K, capacity 7090K, committed 7296K, reserved 1056768K
  class space    used 604K, capacity 618K, committed 640K, reserved 1048576K
}
Event: 3.544 GC heap before
{Heap before GC invocations=4 (full 0):
 PSYoungGen      total 52736K, used 52712K [0x00000000eab00000, 0x00000000f1200000, 0x0000000100000000)
  eden space 49152K, 100% used [0x00000000eab00000,0x00000000edb00000,0x00000000edb00000)
  from space 3584K, 99% used [0x00000000edb00000,0x00000000ede7a398,0x00000000ede80000)
  to   space 3584K, 0% used [0x00000000f0e80000,0x00000000f0e80000,0x00000000f1200000)
 ParOldGen       total 64512K, used 11691K [0x00000000c0000000, 0x00000000c3f00000, 0x00000000eab00000)
  object space 64512K, 18% used [0x00000000c0000000,0x00000000c0b6acf8,0x00000000c3f00000)
 Metaspace       used 6298K, capacity 7154K, committed 7296K, reserved 1056768K
  class space    used 604K, capacity 618K, committed 640K, reserved 1048576K
Event: 3.567 GC heap after
Heap after GC invocations=4 (full 0):
 PSYoungGen      total 101888K, used 3561K [0x00000000eab00000, 0x00000000f1200000, 0x0000000100000000)
  eden space 98304K, 0% used [0x00000000eab00000,0x00000000eab00000,0x00000000f0b00000)
  from space 3584K, 99% used [0x00000000f0e80000,0x00000000f11fa540,0x00000000f1200000)
  to   space 3584K, 0% used [0x00000000f0b00000,0x00000000f0b00000,0x00000000f0e80000)
 ParOldGen       total 64512K, used 19593K [0x00000000c0000000, 0x00000000c3f00000, 0x00000000eab00000)
  object space 64512K, 30% used [0x00000000c0000000,0x00000000c13225a8,0x00000000c3f00000)
 Metaspace       used 6298K, capacity 7154K, committed 7296K, reserved 1056768K
  class space    used 604K, capacity 618K, committed 640K, reserved 1048576K
}
Event: 4.446 GC heap before
{Heap before GC invocations=5 (full 0):
 PSYoungGen      total 101888K, used 101865K [0x00000000eab00000, 0x00000000f1200000, 0x0000000100000000)
  eden space 98304K, 100% used [0x00000000eab00000,0x00000000f0b00000,0x00000000f0b00000)
  from space 3584K, 99% used [0x00000000f0e80000,0x00000000f11fa540,0x00000000f1200000)
  to   space 3584K, 0% used [0x00000000f0b00000,0x00000000f0b00000,0x00000000f0e80000)
 ParOldGen       total 64512K, used 19593K [0x00000000c0000000, 0x00000000c3f00000, 0x00000000eab00000)
  object space 64512K, 30% used [0x00000000c0000000,0x00000000c13225a8,0x00000000c3f00000)
 Metaspace       used 6452K, capacity 7192K, committed 7424K, reserved 1056768K
  class space    used 625K, capacity 656K, committed 768K, reserved 1048576K
Event: 4.484 GC heap after
Heap after GC invocations=5 (full 0):
 PSYoungGen      total 101888K, used 3557K [0x00000000eab00000, 0x00000000f9100000, 0x0000000100000000)
  eden space 98304K, 0% used [0x00000000eab00000,0x00000000eab00000,0x00000000f0b00000)
  from space 3584K, 99% used [0x00000000f0b00000,0x00000000f0e79618,0x00000000f0e80000)
  to   space 19456K, 0% used [0x00000000f7e00000,0x00000000f7e00000,0x00000000f9100000)
 ParOldGen       total 64512K, used 33826K [0x00000000c0000000, 0x00000000c3f00000, 0x00000000eab00000)
  object space 64512K, 52% used [0x00000000c0000000,0x00000000c2108920,0x00000000c3f00000)
 Metaspace       used 6452K, capacity 7192K, committed 7424K, reserved 1056768K
  class space    used 625K, capacity 656K, committed 768K, reserved 1048576K
}

Deoptimization events (10 events):
Event: 4.070 Thread 0x0000000016c79000 Uncommon trap: reason=unstable_if action=reinterpret pc=0x0000000002eaf88c method=com.android.dx.ssa.MoveParamCombiner$1.visitNonMoveInsn(Lcom/android/dx/ssa/NormalSsaInsn;)V @ 27
Event: 4.419 Thread 0x0000000016c74000 Uncommon trap: reason=bimorphic action=maybe_recompile pc=0x0000000002fd0514 method=com.android.dx.rop.code.RegisterSpec.withSimpleType()Lcom/android/dx/rop/code/RegisterSpec; @ 21
Event: 4.423 Thread 0x00000000027be000 Uncommon trap: reason=unstable_if action=reinterpret pc=0x0000000002eed7bc method=java.util.HashMap.resize()[Ljava/util/HashMap$Node; @ 206
Event: 4.501 Thread 0x0000000016c74000 Uncommon trap: reason=bimorphic action=maybe_recompile pc=0x0000000002fd0514 method=com.android.dx.rop.code.RegisterSpec.withSimpleType()Lcom/android/dx/rop/code/RegisterSpec; @ 21
Event: 4.680 Thread 0x0000000016c78000 Uncommon trap: reason=unstable_if action=reinterpret pc=0x0000000002fe5d10 method=com.android.dx.ssa.SCCP.simulateBranch(Lcom/android/dx/ssa/SsaInsn;)V @ 548
Event: 5.103 Thread 0x00000000198c0800 Uncommon trap: reason=class_check action=maybe_recompile pc=0x0000000002d7b988 method=java.util.Arrays.hashCode([Ljava/lang/Object;)I @ 43
Event: 5.103 Thread 0x00000000198c0800 Uncommon trap: reason=class_check action=maybe_recompile pc=0x0000000002d7b988 method=java.util.Arrays.hashCode([Ljava/lang/Object;)I @ 43
Event: 5.104 Thread 0x00000000198c0800 Uncommon trap: reason=class_check action=maybe_recompile pc=0x0000000002d7b988 method=java.util.Arrays.hashCode([Ljava/lang/Object;)I @ 43
Event: 5.104 Thread 0x00000000198c0800 Uncommon trap: reason=class_check action=maybe_recompile pc=0x0000000002d7b988 method=java.util.Arrays.hashCode([Ljava/lang/Object;)I @ 43
Event: 5.104 Thread 0x00000000198c0800 Uncommon trap: reason=class_check action=maybe_recompile pc=0x0000000002d70268 method=java.util.Arrays.hashCode([Ljava/lang/Object;)I @ 43

Internal exceptions (5 events):
Event: 0.076 Thread 0x00000000027be000 Exception <a 'java/lang/NoSuchMethodError': Method sun.misc.Unsafe.defineClass(Ljava/lang/String;[BII)Ljava/lang/Class; name or signature does not match> (0x00000000eab07cc0) thrown at [C:\re\workspace\8-2-build-windows-amd64-cygwin\jdk8u91\7017\hotspot\srS/q±7é≥?
Event: 0.076 Thread 0x00000000027be000 Exception <a 'java/lang/NoSuchMethodError': Method sun.misc.Unsafe.prefetchRead(Ljava/lang/Object;J)V name or signature does not match> (0x00000000eab07fa8) thrown at [C:\re\workspace\8-2-build-windows-amd64-cygwin\jdk8u91\7017\hotspot\src\share\vm\prims\j”∞Å˝Ó@
Event: 3.742 Thread 0x0000000016c79000 Exception <a 'java/lang/ArrayIndexOutOfBoundsException': 18> (0x00000000ecc6ae00) thrown at [C:\re\workspace\8-2-build-windows-amd64-cygwin\jdk8u91\7017\hotspot\src\share\vm\interpreter\interpreterRuntime.cpp, line 366]
Event: 3.743 Thread 0x0000000016c79000 Exception <a 'java/lang/ArrayIndexOutOfBoundsException'> (0x00000000ecc6c980) thrown at [C:\re\workspace\8-2-build-windows-amd64-cygwin\jdk8u91\7017\hotspot\src\share\vm\runtime\sharedRuntime.cpp, line 605]
Event: 3.744 Thread 0x0000000016c79000 Exception <a 'java/lang/ArrayIndexOutOfBoundsException'> (0x00000000ecc6dc68) thrown at [C:\re\workspace\8-2-build-windows-amd64-cygwin\jdk8u91\7017\hotspot\src\share\vm\runtime\sharedRuntime.cpp, line 605]

Events (10 events):
Event: 5.104 Thread 0x00000000198c0800 DEOPT UNPACKING pc=0x000000000290582a sp=0x000000001ac5e880 mode 2
Event: 5.104 Thread 0x00000000198c0800 Uncommon trap: trap_request=0xffffffde fr.pc=0x0000000002d70268
Event: 5.104 Thread 0x00000000198c0800 DEOPT PACKING pc=0x0000000002d70268 sp=0x000000001ac5e900
Event: 5.104 Thread 0x00000000198c0800 DEOPT UNPACKING pc=0x000000000290582a sp=0x000000001ac5e888 mode 2
Event: 5.106 loading class com/android/dx/rop/cst/Zeroes
Event: 5.106 loading class com/android/dx/rop/cst/Zeroes done
Event: 5.141 loading class com/android/dx/dex/file/CatchStructs
Event: 5.141 loading class com/android/dx/dex/file/CatchStructs done
Event: 5.162 Thread 0x00000000198c0800 DEOPT PACKING pc=0x00000000030d126a sp=0x000000001ac5ea40
Event: 5.162 Thread 0x00000000198c0800 DEOPT UNPACKING pc=0x000000000290787f sp=0x000000001ac5e7d0 mode 0


Dynamic libraries:
0x00007ff711820000 - 0x00007ff711857000 	C:\Program Files\Java\jdk1.8.0_91\bin\java.exe
0x00007ffb54a20000 - 0x00007ffb54bf1000 	C:\WINDOWS\SYSTEM32\ntdll.dll
0x00007ffb51fb0000 - 0x00007ffb5205b000 	C:\WINDOWS\System32\KERNEL32.DLL
0x00007ffb51d30000 - 0x00007ffb51f4d000 	C:\WINDOWS\System32\KERNELBASE.dll
0x00007ffb52b10000 - 0x00007ffb52bb2000 	C:\WINDOWS\System32\ADVAPI32.dll
0x00007ffb54610000 - 0x00007ffb546ae000 	C:\WINDOWS\System32\msvcrt.dll
0x00007ffb54460000 - 0x00007ffb544b9000 	C:\WINDOWS\System32\sechost.dll
0x00007ffb52380000 - 0x00007ffb524a1000 	C:\WINDOWS\System32\RPCRT4.dll
0x00007ffb52d70000 - 0x00007ffb52ed5000 	C:\WINDOWS\System32\USER32.dll
0x00007ffb51000000 - 0x00007ffb5101e000 	C:\WINDOWS\System32\win32u.dll
0x00007ffb546b0000 - 0x00007ffb546e4000 	C:\WINDOWS\System32\GDI32.dll
0x00007ffb518d0000 - 0x00007ffb51a52000 	C:\WINDOWS\System32\gdi32full.dll
0x00007ffb4c200000 - 0x00007ffb4c479000 	C:\WINDOWS\WinSxS\amd64_microsoft.windows.common-controls_6595b64144ccf1df_6.0.14393.0_none_2d0f50fcbdb171b8\COMCTL32.dll
0x00007ffb546f0000 - 0x00007ffb549b7000 	C:\WINDOWS\System32\combase.dll
0x00007ffb51c30000 - 0x00007ffb51d25000 	C:\WINDOWS\System32\ucrtbase.dll
0x00007ffb51860000 - 0x00007ffb518ca000 	C:\WINDOWS\System32\bcryptPrimitives.dll
0x00007ffb521b0000 - 0x00007ffb521de000 	C:\WINDOWS\System32\IMM32.DLL
0x00007ffb50e20000 - 0x00007ffb50e51000 	C:\Windows\system32\nvinitx.dll
0x00007ffb50e10000 - 0x00007ffb50e1a000 	C:\WINDOWS\SYSTEM32\VERSION.dll
0x0000000063310000 - 0x00000000633e2000 	C:\Program Files\Java\jdk1.8.0_91\jre\bin\msvcr100.dll
0x0000000063770000 - 0x0000000064003000 	C:\Program Files\Java\jdk1.8.0_91\jre\bin\server\jvm.dll
0x00007ffb52d60000 - 0x00007ffb52d68000 	C:\WINDOWS\System32\PSAPI.DLL
0x00007ffb4b330000 - 0x00007ffb4b339000 	C:\WINDOWS\SYSTEM32\WSOCK32.dll
0x00007ffb52ee0000 - 0x00007ffb52f4a000 	C:\WINDOWS\System32\WS2_32.dll
0x00007ffb4eb70000 - 0x00007ffb4eb93000 	C:\WINDOWS\SYSTEM32\WINMM.dll
0x00007ffb4ea20000 - 0x00007ffb4ea4b000 	C:\WINDOWS\SYSTEM32\WINMMBASE.dll
0x00007ffb50fb0000 - 0x00007ffb50ff2000 	C:\WINDOWS\System32\cfgmgr32.dll
0x00000000641e0000 - 0x00000000641ef000 	C:\Program Files\Java\jdk1.8.0_91\jre\bin\verify.dll
0x0000000063740000 - 0x0000000063769000 	C:\Program Files\Java\jdk1.8.0_91\jre\bin\java.dll
0x0000000063720000 - 0x0000000063736000 	C:\Program Files\Java\jdk1.8.0_91\jre\bin\zip.dll
0x00007ffb52f50000 - 0x00007ffb54458000 	C:\WINDOWS\System32\SHELL32.dll
0x00007ffb51020000 - 0x00007ffb516fa000 	C:\WINDOWS\System32\windows.storage.dll
0x00007ffb50f40000 - 0x00007ffb50f8c000 	C:\WINDOWS\System32\powrprof.dll
0x00007ffb549c0000 - 0x00007ffb54a12000 	C:\WINDOWS\System32\shlwapi.dll
0x00007ffb50fa0000 - 0x00007ffb50faf000 	C:\WINDOWS\System32\kernel.appcore.dll
0x00007ffb51700000 - 0x00007ffb517a9000 	C:\WINDOWS\System32\shcore.dll
0x00007ffb50f20000 - 0x00007ffb50f34000 	C:\WINDOWS\System32\profapi.dll

VM Arguments:
jvm_args: -Djava.awt.headless=true -Xmx1024M -Dfile.encoding=windows-1252 -Duser.country=BR -Duser.language=pt -Duser.variant 
java_command: com.android.dx.command.Main --dex --force-jumbo --num-threads=4 --multi-dex --output C:\Users\Douglas\Desktop\AndroidStudio\AppPOO\app\build\intermediates\transforms\dex\debug\folders\1000\10\com.android.support-appcompat-v7-23.4.0_70c1ea5369273f797233c89de7d350f5e95d5fda C:\Users\Douglas\Desktop\AndroidStudio\AppPOO\app\build\intermediates\exploded-aar\com.android.support\appcompat-v7\23.4.0\jars\classes.jar
java_class_path (initial): C:\Users\Douglas\AppData\Local\Android\sdk\build-tools\24.0.1\lib\dx.jar
Launcher Type: SUN_STANDARD

Environment Variables:
PATH=C:\ProgramData\Oracle\Java\javapath;C:\Program Files (x86)\Intel\iCLS Client\;C:\Program Files\Intel\iCLS Client\;C:\WINDOWS\system32;C:\WINDOWS;C:\WINDOWS\System32\Wbem;C:\WINDOWS\System32\WindowsPowerShell\v1.0\;C:\Program Files\Intel\Intel(R) Management Engine Components\DAL;C:\Program Files\Intel\Intel(R) Management Engine Components\IPT;C:\Program Files (x86)\Intel\Intel(R) Management Engine Components\DAL;C:\Program Files (x86)\Intel\Intel(R) Management Engine Components\IPT;C:\Program Files (x86)\Windows Live\Shared;C:\Program Files (x86)\Skype\Phone\;C:\Program Files (x86)\NVIDIA Corporation\PhysX\Common;C:\WINDOWS\system32;C:\WINDOWS;C:\WINDOWS\System32\Wbem;C:\WINDOWS\System32\WindowsPowerShell\v1.0\;C:\Program Files\Microsoft SQL Server\Client SDK\ODBC\110\Tools\Binn\;C:\Program Files (x86)\Microsoft SQL Server\120\Tools\Binn\;C:\Program Files\Microsoft SQL Server\120\Tools\Binn\;C:\Program Files\Microsoft SQL Server\120\DTS\Binn\;C:\Program Files (x86)\Microsoft SQL Server\120\Tools\Binn\ManagementStudio\;C:\Program Files (x86)\Microsoft SQL Server\120\DTS\Binn\;C:\Program Files\Git\cmd;C:\Users\Douglas\AppData\Local\Microsoft\WindowsApps;
USERNAME=Douglas
OS=Windows_NT
PROCESSOR_IDENTIFIER=Intel64 Family 6 Model 58 Stepping 9, GenuineIntel



---------------  S Y S T E M  ---------------

OS: Windows 10.0 , 64 bit Build 14393 (10.0.14393.0)

CPU:total 4 (2 cores per cpu, 2 threads per core) family 6 model 58 stepping 9, cmov, cx8, fxsr, mmx, sse, sse2, sse3, ssse3, sse4.1, sse4.2, popcnt, avx, aes, clmul, erms, ht, tsc, tscinvbit, tscinv

Memory: 4k page, physical 6153312k(937620k free), swap 6153312k(5284k free)

vm_info: Java HotSpot(TM) 64-Bit Server VM (25.91-b15) for windows-amd64 JRE (1.8.0_91-b15), built on May 20 2016 17:43:15 by "java_re" with MS VC++ 10.0 (VS2010)

time: Wed Aug 31 19:44:17 2016
elapsed time: 5 seconds (0d 0h 0m 5s)

