#
# There is insufficient memory for the Java Runtime Environment to continue.
# Native memory allocation (malloc) failed to allocate 294416 bytes for Chunk::new
# Possible reasons:
#   The system is out of physical RAM or swap space
#   In 32 bit mode, the process size limit was hit
# Possible solutions:
#   Reduce memory load on the system
#   Increase physical memory or swap space
#   Check if swap backing store is full
#   Use 64 bit Java on a 64 bit OS
#   Decrease Java heap size (-Xmx/-Xms)
#   Decrease number of Java threads
#   Decrease Java thread stack sizes (-Xss)
#   Set larger code cache with -XX:ReservedCodeCacheSize=
# This output file may be truncated or incomplete.
#
#  Out of Memory Error (allocation.cpp:390), pid=7276, tid=12912
#
# JRE version: Java(TM) SE Runtime Environment (8.0_91-b15) (build 1.8.0_91-b15)
# Java VM: Java HotSpot(TM) 64-Bit Server VM (25.91-b15 mixed mode windows-amd64 compressed oops)
# Failed to write core dump. Minidumps are not enabled by default on client versions of Windows
#

---------------  T H R E A D  ---------------

Current thread (0x0000000014d5e000):  JavaThread "C2 CompilerThread0" daemon [_thread_in_native, id=12912, stack(0x00000000163d0000,0x00000000164d0000)]

Stack: [0x00000000163d0000,0x00000000164d0000]
[error occurred during error reporting (printing stack bounds), id 0xc0000005]

Native frames: (J=compiled Java code, j=interpreted, Vv=VM code, C=native code)


Current CompileTask:
C2:  16628 2263       4       com.android.dx.cf.code.Simulator$SimVisitor::visitNoArgs (2136 bytes)


---------------  P R O C E S S  ---------------

Java Threads: ( => current thread )
  0x0000000016857800 JavaThread "pool-2-thread-4" [_thread_in_Java, id=12536, stack(0x00000000170d0000,0x00000000171d0000)]
  0x0000000016857000 JavaThread "pool-2-thread-3" [_thread_in_vm, id=7244, stack(0x0000000016fd0000,0x00000000170d0000)]
  0x0000000016855800 JavaThread "pool-2-thread-2" [_thread_blocked, id=11180, stack(0x0000000016ed0000,0x0000000016fd0000)]
  0x0000000016919000 JavaThread "pool-3-thread-1" [_thread_blocked, id=10392, stack(0x0000000016dd0000,0x0000000016ed0000)]
  0x000000001690e000 JavaThread "pool-2-thread-1" [_thread_blocked, id=9068, stack(0x0000000016cd0000,0x0000000016dd0000)]
  0x00000000165dd000 JavaThread "Service Thread" daemon [_thread_blocked, id=1468, stack(0x0000000016ad0000,0x0000000016bd0000)]
  0x00000000165d8800 JavaThread "C1 CompilerThread2" daemon [_thread_blocked, id=11680, stack(0x00000000169d0000,0x0000000016ad0000)]
  0x0000000014d62800 JavaThread "C2 CompilerThread1" daemon [_thread_in_native, id=10492, stack(0x00000000164d0000,0x00000000165d0000)]
=>0x0000000014d5e000 JavaThread "C2 CompilerThread0" daemon [_thread_in_native, id=12912, stack(0x00000000163d0000,0x00000000164d0000)]
  0x0000000014d5c800 JavaThread "Attach Listener" daemon [_thread_blocked, id=12780, stack(0x00000000162d0000,0x00000000163d0000)]
  0x0000000014d5b800 JavaThread "Signal Dispatcher" daemon [_thread_blocked, id=8132, stack(0x00000000161d0000,0x00000000162d0000)]
  0x0000000014d4a000 JavaThread "Finalizer" daemon [_thread_blocked, id=11516, stack(0x0000000015fd0000,0x00000000160d0000)]
  0x0000000014d28800 JavaThread "Reference Handler" daemon [_thread_blocked, id=9316, stack(0x0000000015ed0000,0x0000000015fd0000)]
  0x000000000248e000 JavaThread "main" [_thread_in_vm, id=8036, stack(0x0000000002490000,0x0000000002590000)]

Other Threads:
  0x0000000014d27800 VMThread [stack: 0x0000000015dd0000,0x0000000015ed0000] [id=1608]
  0x00000000165e1000 WatcherThread [stack: 0x0000000016bd0000,0x0000000016cd0000] [id=12916]

VM state:not at safepoint (normal execution)

VM Mutex/Monitor currently owned by a thread: None

Heap:
 PSYoungGen      total 52736K, used 40819K [0x00000000eab00000, 0x00000000ee200000, 0x0000000100000000)
  eden space 49152K, 75% used [0x00000000eab00000,0x00000000ecf60bd8,0x00000000edb00000)
  from space 3584K, 99% used [0x00000000edb00000,0x00000000ede7c1f0,0x00000000ede80000)
  to   space 3584K, 0% used [0x00000000ede80000,0x00000000ede80000,0x00000000ee200000)
 ParOldGen       total 64512K, used 43096K [0x00000000c0000000, 0x00000000c3f00000, 0x00000000eab00000)
  object space 64512K, 66% used [0x00000000c0000000,0x00000000c2a160d8,0x00000000c3f00000)
 Metaspace       used 6566K, capacity 7256K, committed 7424K, reserved 1056768K
  class space    used 624K, capacity 656K, committed 768K, reserved 1048576K

Card table byte_map: [0x0000000011a50000,0x0000000011c60000] byte_map_base: 0x0000000011450000

Marking Bits: (ParMarkBitMap*) 0x0000000063f82f70
 Begin Bits: [0x00000000121c0000, 0x00000000131c0000)
 End Bits:   [0x00000000131c0000, 0x00000000141c0000)

Polling page: 0x0000000000ad0000

CodeCache: size=245760Kb used=11609Kb max_used=11609Kb free=234150Kb
 bounds [0x0000000002690000, 0x0000000003200000, 0x0000000011690000]
 total_blobs=2508 nmethods=2238 adapters=182
 compilation: enabled

Compilation events (10 events):
Event: 16.436 Thread 0x00000000165d8800 2271       3       com.android.dx.rop.code.SwitchInsn::withNewRegisters (22 bytes)
Event: 16.436 Thread 0x00000000165d8800 nmethod 2271 0x000000000319a410 code [0x000000000319a580, 0x000000000319a8a8]
Event: 16.451 Thread 0x00000000165d8800 2272   !   3       com.android.dx.rop.code.RegisterSpec::intern (70 bytes)
Event: 16.452 Thread 0x00000000165d8800 nmethod 2272 0x00000000031ea0d0 code [0x00000000031ea300, 0x00000000031eafc8]
Event: 16.598 Thread 0x00000000165d8800 2276       3       com.android.dx.rop.type.Type::getArrayType (50 bytes)
Event: 16.599 Thread 0x00000000165d8800 nmethod 2276 0x00000000031e8ed0 code [0x00000000031e90c0, 0x00000000031e9b48]
Event: 16.601 Thread 0x00000000165d8800 2277       3       java.util.HashMap::getNode (148 bytes)
Event: 16.602 Thread 0x00000000165d8800 nmethod 2277 0x00000000031eedd0 code [0x00000000031eefc0, 0x00000000031efc28]
Event: 16.605 Thread 0x00000000165d8800 2278       3       java.util.HashMap$TreeNode::find (172 bytes)
Event: 16.607 Thread 0x00000000165d8800 nmethod 2278 0x00000000031f00d0 code [0x00000000031f02c0, 0x00000000031f0dd8]

GC Heap History (10 events):
Event: 9.090 GC heap before
{Heap before GC invocations=3 (full 0):
 PSYoungGen      total 52736K, used 52714K [0x00000000eab00000, 0x00000000ee200000, 0x0000000100000000)
  eden space 49152K, 100% used [0x00000000eab00000,0x00000000edb00000,0x00000000edb00000)
  from space 3584K, 99% used [0x00000000ede80000,0x00000000ee1fabc8,0x00000000ee200000)
  to   space 3584K, 0% used [0x00000000edb00000,0x00000000edb00000,0x00000000ede80000)
 ParOldGen       total 64512K, used 3125K [0x00000000c0000000, 0x00000000c3f00000, 0x00000000eab00000)
  object space 64512K, 4% used [0x00000000c0000000,0x00000000c030d720,0x00000000c3f00000)
 Metaspace       used 6233K, capacity 7090K, committed 7296K, reserved 1056768K
  class space    used 602K, capacity 618K, committed 640K, reserved 1048576K
Event: 9.206 GC heap after
Heap after GC invocations=3 (full 0):
 PSYoungGen      total 52736K, used 3564K [0x00000000eab00000, 0x00000000ee200000, 0x0000000100000000)
  eden space 49152K, 0% used [0x00000000eab00000,0x00000000eab00000,0x00000000edb00000)
  from space 3584K, 99% used [0x00000000edb00000,0x00000000ede7b328,0x00000000ede80000)
  to   space 3584K, 0% used [0x00000000ede80000,0x00000000ede80000,0x00000000ee200000)
 ParOldGen       total 64512K, used 9460K [0x00000000c0000000, 0x00000000c3f00000, 0x00000000eab00000)
  object space 64512K, 14% used [0x00000000c0000000,0x00000000c093d3a8,0x00000000c3f00000)
 Metaspace       used 6233K, capacity 7090K, committed 7296K, reserved 1056768K
  class space    used 602K, capacity 618K, committed 640K, reserved 1048576K
}
Event: 11.801 GC heap before
{Heap before GC invocations=4 (full 0):
 PSYoungGen      total 52736K, used 52716K [0x00000000eab00000, 0x00000000ee200000, 0x0000000100000000)
  eden space 49152K, 100% used [0x00000000eab00000,0x00000000edb00000,0x00000000edb00000)
  from space 3584K, 99% used [0x00000000edb00000,0x00000000ede7b328,0x00000000ede80000)
  to   space 3584K, 0% used [0x00000000ede80000,0x00000000ede80000,0x00000000ee200000)
 ParOldGen       total 64512K, used 9460K [0x00000000c0000000, 0x00000000c3f00000, 0x00000000eab00000)
  object space 64512K, 14% used [0x00000000c0000000,0x00000000c093d3a8,0x00000000c3f00000)
 Metaspace       used 6333K, capacity 7154K, committed 7296K, reserved 1056768K
  class space    used 604K, capacity 618K, committed 640K, reserved 1048576K
Event: 12.251 GC heap after
Heap after GC invocations=4 (full 0):
 PSYoungGen      total 52736K, used 3564K [0x00000000eab00000, 0x00000000ee200000, 0x0000000100000000)
  eden space 49152K, 0% used [0x00000000eab00000,0x00000000eab00000,0x00000000edb00000)
  from space 3584K, 99% used [0x00000000ede80000,0x00000000ee1fb348,0x00000000ee200000)
  to   space 3584K, 0% used [0x00000000edb00000,0x00000000edb00000,0x00000000ede80000)
 ParOldGen       total 64512K, used 18136K [0x00000000c0000000, 0x00000000c3f00000, 0x00000000eab00000)
  object space 64512K, 28% used [0x00000000c0000000,0x00000000c11b61f0,0x00000000c3f00000)
 Metaspace       used 6333K, capacity 7154K, committed 7296K, reserved 1056768K
  class space    used 604K, capacity 618K, committed 640K, reserved 1048576K
}
Event: 13.665 GC heap before
{Heap before GC invocations=5 (full 0):
 PSYoungGen      total 52736K, used 52716K [0x00000000eab00000, 0x00000000ee200000, 0x0000000100000000)
  eden space 49152K, 100% used [0x00000000eab00000,0x00000000edb00000,0x00000000edb00000)
  from space 3584K, 99% used [0x00000000ede80000,0x00000000ee1fb348,0x00000000ee200000)
  to   space 3584K, 0% used [0x00000000edb00000,0x00000000edb00000,0x00000000ede80000)
 ParOldGen       total 64512K, used 18136K [0x00000000c0000000, 0x00000000c3f00000, 0x00000000eab00000)
  object space 64512K, 28% used [0x00000000c0000000,0x00000000c11b61f0,0x00000000c3f00000)
 Metaspace       used 6424K, capacity 7218K, committed 7296K, reserved 1056768K
  class space    used 604K, capacity 618K, committed 640K, reserved 1048576K
Event: 13.805 GC heap after
Heap after GC invocations=5 (full 0):
 PSYoungGen      total 52736K, used 3580K [0x00000000eab00000, 0x00000000ee200000, 0x0000000100000000)
  eden space 49152K, 0% used [0x00000000eab00000,0x00000000eab00000,0x00000000edb00000)
  from space 3584K, 99% used [0x00000000edb00000,0x00000000ede7f338,0x00000000ede80000)
  to   space 3584K, 0% used [0x00000000ede80000,0x00000000ede80000,0x00000000ee200000)
 ParOldGen       total 64512K, used 26218K [0x00000000c0000000, 0x00000000c3f00000, 0x00000000eab00000)
  object space 64512K, 40% used [0x00000000c0000000,0x00000000c199aa20,0x00000000c3f00000)
 Metaspace       used 6424K, capacity 7218K, committed 7296K, reserved 1056768K
  class space    used 604K, capacity 618K, committed 640K, reserved 1048576K
}
Event: 14.728 GC heap before
{Heap before GC invocations=6 (full 0):
 PSYoungGen      total 52736K, used 52732K [0x00000000eab00000, 0x00000000ee200000, 0x0000000100000000)
  eden space 49152K, 100% used [0x00000000eab00000,0x00000000edb00000,0x00000000edb00000)
  from space 3584K, 99% used [0x00000000edb00000,0x00000000ede7f338,0x00000000ede80000)
  to   space 3584K, 0% used [0x00000000ede80000,0x00000000ede80000,0x00000000ee200000)
 ParOldGen       total 64512K, used 26218K [0x00000000c0000000, 0x00000000c3f00000, 0x00000000eab00000)
  object space 64512K, 40% used [0x00000000c0000000,0x00000000c199aa20,0x00000000c3f00000)
 Metaspace       used 6451K, capacity 7218K, committed 7296K, reserved 1056768K
  class space    used 604K, capacity 618K, committed 640K, reserved 1048576K
Event: 14.800 GC heap after
Heap after GC invocations=6 (full 0):
 PSYoungGen      total 52736K, used 3570K [0x00000000eab00000, 0x00000000ee200000, 0x0000000100000000)
  eden space 49152K, 0% used [0x00000000eab00000,0x00000000eab00000,0x00000000edb00000)
  from space 3584K, 99% used [0x00000000ede80000,0x00000000ee1fc8f8,0x00000000ee200000)
  to   space 3584K, 0% used [0x00000000edb00000,0x00000000edb00000,0x00000000ede80000)
 ParOldGen       total 64512K, used 34955K [0x00000000c0000000, 0x00000000c3f00000, 0x00000000eab00000)
  object space 64512K, 54% used [0x00000000c0000000,0x00000000c2222f20,0x00000000c3f00000)
 Metaspace       used 6451K, capacity 7218K, committed 7296K, reserved 1056768K
  class space    used 604K, capacity 618K, committed 640K, reserved 1048576K
}
Event: 16.147 GC heap before
{Heap before GC invocations=7 (full 0):
 PSYoungGen      total 52736K, used 52722K [0x00000000eab00000, 0x00000000ee200000, 0x0000000100000000)
  eden space 49152K, 100% used [0x00000000eab00000,0x00000000edb00000,0x00000000edb00000)
  from space 3584K, 99% used [0x00000000ede80000,0x00000000ee1fc8f8,0x00000000ee200000)
  to   space 3584K, 0% used [0x00000000edb00000,0x00000000edb00000,0x00000000ede80000)
 ParOldGen       total 64512K, used 34955K [0x00000000c0000000, 0x00000000c3f00000, 0x00000000eab00000)
  object space 64512K, 54% used [0x00000000c0000000,0x00000000c2222f20,0x00000000c3f00000)
 Metaspace       used 6554K, capacity 7256K, committed 7424K, reserved 1056768K
  class space    used 624K, capacity 656K, committed 768K, reserved 1048576K
Event: 16.243 GC heap after
Heap after GC invocations=7 (full 0):
 PSYoungGen      total 52736K, used 3568K [0x00000000eab00000, 0x00000000ee200000, 0x0000000100000000)
  eden space 49152K, 0% used [0x00000000eab00000,0x00000000eab00000,0x00000000edb00000)
  from space 3584K, 99% used [0x00000000edb00000,0x00000000ede7c1f0,0x00000000ede80000)
  to   space 3584K, 0% used [0x00000000ede80000,0x00000000ede80000,0x00000000ee200000)
 ParOldGen       total 64512K, used 43096K [0x00000000c0000000, 0x00000000c3f00000, 0x00000000eab00000)
  object space 64512K, 66% used [0x00000000c0000000,0x00000000c2a160d8,0x00000000c3f00000)
 Metaspace       used 6554K, capacity 7256K, committed 7424K, reserved 1056768K
  class space    used 624K, capacity 656K, committed 768K, reserved 1048576K
}

Deoptimization events (10 events):
Event: 15.327 Thread 0x0000000016855800 Uncommon trap: reason=unstable_if action=reinterpret pc=0x0000000002e5e104 method=java.util.HashMap.getNode(ILjava/lang/Object;)Ljava/util/HashMap$Node; @ 84
Event: 15.597 Thread 0x0000000016857000 Uncommon trap: reason=bimorphic action=maybe_recompile pc=0x00000000031a46f0 method=com.android.dx.cf.code.BytecodeArray.parseInstruction(ILcom/android/dx/cf/code/BytecodeArray$Visitor;)I @ 1357
Event: 15.598 Thread 0x0000000016857000 Uncommon trap: reason=bimorphic action=maybe_recompile pc=0x00000000031a46f0 method=com.android.dx.cf.code.BytecodeArray.parseInstruction(ILcom/android/dx/cf/code/BytecodeArray$Visitor;)I @ 1357
Event: 16.266 Thread 0x0000000016857800 Uncommon trap: reason=bimorphic action=maybe_recompile pc=0x0000000002c7be80 method=com.android.dx.ssa.LiteralOpUpgrader.tryReplacingWithConstant(Lcom/android/dx/ssa/NormalSsaInsn;)Z @ 62
Event: 16.266 Thread 0x0000000016857800 Uncommon trap: reason=unstable_if action=reinterpret pc=0x0000000002ec6780 method=com.android.dx.ssa.LiteralOpUpgrader$1.visitNonMoveInsn(Lcom/android/dx/ssa/NormalSsaInsn;)V @ 24
Event: 16.270 Thread 0x0000000016857800 Uncommon trap: reason=bimorphic action=maybe_recompile pc=0x0000000002c7be80 method=com.android.dx.ssa.LiteralOpUpgrader.tryReplacingWithConstant(Lcom/android/dx/ssa/NormalSsaInsn;)Z @ 62
Event: 16.451 Thread 0x0000000016857000 Uncommon trap: reason=unstable_if action=reinterpret pc=0x00000000031db998 method=java.util.HashMap.putVal(ILjava/lang/Object;Ljava/lang/Object;ZZ)Ljava/lang/Object; @ 109
Event: 16.454 Thread 0x0000000016857000 Uncommon trap: reason=bimorphic action=maybe_recompile pc=0x00000000031c8bd4 method=com.android.dx.cf.code.BytecodeArray.parseInstruction(ILcom/android/dx/cf/code/BytecodeArray$Visitor;)I @ 971
Event: 16.454 Thread 0x0000000016857000 Uncommon trap: reason=bimorphic action=maybe_recompile pc=0x00000000031c8bd4 method=com.android.dx.cf.code.BytecodeArray.parseInstruction(ILcom/android/dx/cf/code/BytecodeArray$Visitor;)I @ 971
Event: 16.601 Thread 0x0000000016857000 Uncommon trap: reason=unstable_if action=reinterpret pc=0x0000000003042ad8 method=java.util.HashMap.getNode(ILjava/lang/Object;)Ljava/util/HashMap$Node; @ 84

Internal exceptions (8 events):
Event: 0.076 Thread 0x000000000248e000 Exception <a 'java/lang/NoSuchMethodError': Method sun.misc.Unsafe.defineClass(Ljava/lang/String;[BII)Ljava/lang/Class; name or signature does not match> (0x00000000eab07cc0) thrown at [C:\re\workspace\8-2-build-windows-amd64-cygwin\jdk8u91\7017\hotspot\srx¤µ;Äg³?
Event: 0.076 Thread 0x000000000248e000 Exception <a 'java/lang/NoSuchMethodError': Method sun.misc.Unsafe.prefetchRead(Ljava/lang/Object;J)V name or signature does not match> (0x00000000eab07fa8) thrown at [C:\re\workspace\8-2-build-windows-amd64-cygwin\jdk8u91\7017\hotspot\src\share\vm\prims\j(2[âi@
Event: 5.353 Thread 0x0000000016857000 Implicit null exception at 0x0000000002999be2 to 0x0000000002999ce1
Event: 7.774 Thread 0x0000000016855800 Implicit null exception at 0x00000000029a3082 to 0x00000000029a50b9
Event: 14.106 Thread 0x0000000016857800 Implicit null exception at 0x0000000002c3b2e4 to 0x0000000002c3c74d
Event: 15.323 Thread 0x0000000016855800 Exception <a 'java/lang/ArrayIndexOutOfBoundsException': 18> (0x00000000ed334210) thrown at [C:\re\workspace\8-2-build-windows-amd64-cygwin\jdk8u91\7017\hotspot\src\share\vm\interpreter\interpreterRuntime.cpp, line 366]
Event: 15.325 Thread 0x0000000016855800 Exception <a 'java/lang/ArrayIndexOutOfBoundsException'> (0x00000000ed335d90) thrown at [C:\re\workspace\8-2-build-windows-amd64-cygwin\jdk8u91\7017\hotspot\src\share\vm\runtime\sharedRuntime.cpp, line 605]
Event: 15.326 Thread 0x0000000016855800 Exception <a 'java/lang/ArrayIndexOutOfBoundsException'> (0x00000000ed337078) thrown at [C:\re\workspace\8-2-build-windows-amd64-cygwin\jdk8u91\7017\hotspot\src\share\vm\runtime\sharedRuntime.cpp, line 605]

Events (10 events):
Event: 16.451 Thread 0x0000000016857000 DEOPT UNPACKING pc=0x00000000026d582a sp=0x00000000170ce338 mode 2
Event: 16.454 Thread 0x0000000016857000 Uncommon trap: trap_request=0xffffffc6 fr.pc=0x00000000031c8bd4
Event: 16.454 Thread 0x0000000016857000 DEOPT PACKING pc=0x00000000031c8bd4 sp=0x00000000170ce430
Event: 16.454 Thread 0x0000000016857000 DEOPT UNPACKING pc=0x00000000026d582a sp=0x00000000170ce3b8 mode 2
Event: 16.454 Thread 0x0000000016857000 Uncommon trap: trap_request=0xffffffc6 fr.pc=0x00000000031c8bd4
Event: 16.454 Thread 0x0000000016857000 DEOPT PACKING pc=0x00000000031c8bd4 sp=0x00000000170ce430
Event: 16.454 Thread 0x0000000016857000 DEOPT UNPACKING pc=0x00000000026d582a sp=0x00000000170ce3b8 mode 2
Event: 16.601 Thread 0x0000000016857000 Uncommon trap: trap_request=0xffffff65 fr.pc=0x0000000003042ad8
Event: 16.601 Thread 0x0000000016857000 DEOPT PACKING pc=0x0000000003042ad8 sp=0x00000000170ce230
Event: 16.601 Thread 0x0000000016857000 DEOPT UNPACKING pc=0x00000000026d582a sp=0x00000000170ce1a8 mode 2


Dynamic libraries:
0x00007ff711820000 - 0x00007ff711857000 	C:\Program Files\Java\jdk1.8.0_91\bin\java.exe
0x00007ffb54a20000 - 0x00007ffb54bf1000 	C:\WINDOWS\SYSTEM32\ntdll.dll
0x00007ffb51fb0000 - 0x00007ffb5205b000 	C:\WINDOWS\System32\KERNEL32.DLL
0x00007ffb51d30000 - 0x00007ffb51f4d000 	C:\WINDOWS\System32\KERNELBASE.dll
0x00007ffb52b10000 - 0x00007ffb52bb2000 	C:\WINDOWS\System32\ADVAPI32.dll
0x00007ffb54610000 - 0x00007ffb546ae000 	C:\WINDOWS\System32\msvcrt.dll
0x00007ffb54460000 - 0x00007ffb544b9000 	C:\WINDOWS\System32\sechost.dll
0x00007ffb52380000 - 0x00007ffb524a1000 	C:\WINDOWS\System32\RPCRT4.dll
0x00007ffb52d70000 - 0x00007ffb52ed5000 	C:\WINDOWS\System32\USER32.dll
0x00007ffb51000000 - 0x00007ffb5101e000 	C:\WINDOWS\System32\win32u.dll
0x00007ffb546b0000 - 0x00007ffb546e4000 	C:\WINDOWS\System32\GDI32.dll
0x00007ffb518d0000 - 0x00007ffb51a52000 	C:\WINDOWS\System32\gdi32full.dll
0x00007ffb4c200000 - 0x00007ffb4c479000 	C:\WINDOWS\WinSxS\amd64_microsoft.windows.common-controls_6595b64144ccf1df_6.0.14393.0_none_2d0f50fcbdb171b8\COMCTL32.dll
0x00007ffb546f0000 - 0x00007ffb549b7000 	C:\WINDOWS\System32\combase.dll
0x00007ffb51c30000 - 0x00007ffb51d25000 	C:\WINDOWS\System32\ucrtbase.dll
0x00007ffb51860000 - 0x00007ffb518ca000 	C:\WINDOWS\System32\bcryptPrimitives.dll
0x00007ffb521b0000 - 0x00007ffb521de000 	C:\WINDOWS\System32\IMM32.DLL
0x00007ffb50e20000 - 0x00007ffb50e51000 	C:\Windows\system32\nvinitx.dll
0x00007ffb50e10000 - 0x00007ffb50e1a000 	C:\WINDOWS\SYSTEM32\VERSION.dll
0x0000000063310000 - 0x00000000633e2000 	C:\Program Files\Java\jdk1.8.0_91\jre\bin\msvcr100.dll
0x0000000063770000 - 0x0000000064003000 	C:\Program Files\Java\jdk1.8.0_91\jre\bin\server\jvm.dll
0x00007ffb52d60000 - 0x00007ffb52d68000 	C:\WINDOWS\System32\PSAPI.DLL
0x00007ffb4b330000 - 0x00007ffb4b339000 	C:\WINDOWS\SYSTEM32\WSOCK32.dll
0x00007ffb52ee0000 - 0x00007ffb52f4a000 	C:\WINDOWS\System32\WS2_32.dll
0x00007ffb4eb70000 - 0x00007ffb4eb93000 	C:\WINDOWS\SYSTEM32\WINMM.dll
0x00007ffb4ea20000 - 0x00007ffb4ea4b000 	C:\WINDOWS\SYSTEM32\WINMMBASE.dll
0x00007ffb50fb0000 - 0x00007ffb50ff2000 	C:\WINDOWS\System32\cfgmgr32.dll
0x00000000641e0000 - 0x00000000641ef000 	C:\Program Files\Java\jdk1.8.0_91\jre\bin\verify.dll
0x0000000063740000 - 0x0000000063769000 	C:\Program Files\Java\jdk1.8.0_91\jre\bin\java.dll
0x0000000063720000 - 0x0000000063736000 	C:\Program Files\Java\jdk1.8.0_91\jre\bin\zip.dll
0x00007ffb52f50000 - 0x00007ffb54458000 	C:\WINDOWS\System32\SHELL32.dll
0x00007ffb51020000 - 0x00007ffb516fa000 	C:\WINDOWS\System32\windows.storage.dll
0x00007ffb50f40000 - 0x00007ffb50f8c000 	C:\WINDOWS\System32\powrprof.dll
0x00007ffb549c0000 - 0x00007ffb54a12000 	C:\WINDOWS\System32\shlwapi.dll
0x00007ffb50fa0000 - 0x00007ffb50faf000 	C:\WINDOWS\System32\kernel.appcore.dll
0x00007ffb51700000 - 0x00007ffb517a9000 	C:\WINDOWS\System32\shcore.dll
0x00007ffb50f20000 - 0x00007ffb50f34000 	C:\WINDOWS\System32\profapi.dll

VM Arguments:
jvm_args: -Djava.awt.headless=true -Xmx1024M -Dfile.encoding=windows-1252 -Duser.country=BR -Duser.language=pt -Duser.variant 
java_command: com.android.dx.command.Main --dex --force-jumbo --num-threads=4 --multi-dex --output C:\Users\Douglas\Desktop\AndroidStudio\AppPOO\app\build\intermediates\transforms\dex\debug\folders\1000\10\com.android.support-support-v4-23.4.0_1180ba4a4ee8d2a7f78c5c11206ff5e80e55b73e C:\Users\Douglas\Desktop\AndroidStudio\AppPOO\app\build\intermediates\exploded-aar\com.android.support\support-v4\23.4.0\jars\classes.jar
java_class_path (initial): C:\Users\Douglas\AppData\Local\Android\sdk\build-tools\24.0.1\lib\dx.jar
Launcher Type: SUN_STANDARD

Environment Variables:
PATH=C:\ProgramData\Oracle\Java\javapath;C:\Program Files (x86)\Intel\iCLS Client\;C:\Program Files\Intel\iCLS Client\;C:\WINDOWS\system32;C:\WINDOWS;C:\WINDOWS\System32\Wbem;C:\WINDOWS\System32\WindowsPowerShell\v1.0\;C:\Program Files\Intel\Intel(R) Management Engine Components\DAL;C:\Program Files\Intel\Intel(R) Management Engine Components\IPT;C:\Program Files (x86)\Intel\Intel(R) Management Engine Components\DAL;C:\Program Files (x86)\Intel\Intel(R) Management Engine Components\IPT;C:\Program Files (x86)\Windows Live\Shared;C:\Program Files (x86)\Skype\Phone\;C:\Program Files (x86)\NVIDIA Corporation\PhysX\Common;C:\WINDOWS\system32;C:\WINDOWS;C:\WINDOWS\System32\Wbem;C:\WINDOWS\System32\WindowsPowerShell\v1.0\;C:\Program Files\Microsoft SQL Server\Client SDK\ODBC\110\Tools\Binn\;C:\Program Files (x86)\Microsoft SQL Server\120\Tools\Binn\;C:\Program Files\Microsoft SQL Server\120\Tools\Binn\;C:\Program Files\Microsoft SQL Server\120\DTS\Binn\;C:\Program Files (x86)\Microsoft SQL Server\120\Tools\Binn\ManagementStudio\;C:\Program Files (x86)\Microsoft SQL Server\120\DTS\Binn\;C:\Program Files\Git\cmd;C:\Users\Douglas\AppData\Local\Microsoft\WindowsApps;
USERNAME=Douglas
OS=Windows_NT
PROCESSOR_IDENTIFIER=Intel64 Family 6 Model 58 Stepping 9, GenuineIntel



---------------  S Y S T E M  ---------------

OS: Windows 10.0 , 64 bit Build 14393 (10.0.14393.0)

CPU:total 4 (2 cores per cpu, 2 threads per core) family 6 model 58 stepping 9, cmov, cx8, fxsr, mmx, sse, sse2, sse3, ssse3, sse4.1, sse4.2, popcnt, avx, aes, clmul, erms, ht, tsc, tscinvbit, tscinv

Memory: 4k page, physical 6153312k(662616k free), swap 6153312k(6072k free)

vm_info: Java HotSpot(TM) 64-Bit Server VM (25.91-b15) for windows-amd64 JRE (1.8.0_91-b15), built on May 20 2016 17:43:15 by "java_re" with MS VC++ 10.0 (VS2010)

time: Wed Aug 31 19:12:33 2016
elapsed time: 16 seconds (0d 0h 0m 16s)

