#
# There is insufficient memory for the Java Runtime Environment to continue.
# Native memory allocation (malloc) failed to allocate 1653856 bytes for Chunk::new
# Possible reasons:
#   The system is out of physical RAM or swap space
#   In 32 bit mode, the process size limit was hit
# Possible solutions:
#   Reduce memory load on the system
#   Increase physical memory or swap space
#   Check if swap backing store is full
#   Use 64 bit Java on a 64 bit OS
#   Decrease Java heap size (-Xmx/-Xms)
#   Decrease number of Java threads
#   Decrease Java thread stack sizes (-Xss)
#   Set larger code cache with -XX:ReservedCodeCacheSize=
# This output file may be truncated or incomplete.
#
#  Out of Memory Error (allocation.cpp:390), pid=2280, tid=5896
#
# JRE version: Java(TM) SE Runtime Environment (8.0_91-b15) (build 1.8.0_91-b15)
# Java VM: Java HotSpot(TM) 64-Bit Server VM (25.91-b15 mixed mode windows-amd64 compressed oops)
# Failed to write core dump. Minidumps are not enabled by default on client versions of Windows
#

---------------  T H R E A D  ---------------

Current thread (0x000000001541d800):  JavaThread "C2 CompilerThread0" daemon [_thread_in_native, id=5896, stack(0x0000000016a70000,0x0000000016b70000)]

Stack: [0x0000000016a70000,0x0000000016b70000]
[error occurred during error reporting (printing stack bounds), id 0xc0000005]

Native frames: (J=compiled Java code, j=interpreted, Vv=VM code, C=native code)


Current CompileTask:
C2:  20468 2398   !   4       com.android.dx.cf.code.BytecodeArray::parseInstruction (2764 bytes)


---------------  P R O C E S S  ---------------

Java Threads: ( => current thread )
  0x0000000016f9b000 JavaThread "pool-2-thread-4" [_thread_blocked, id=1092, stack(0x0000000017770000,0x0000000017870000)]
  0x0000000016f9a800 JavaThread "pool-2-thread-3" [_thread_in_Java, id=12496, stack(0x0000000017670000,0x0000000017770000)]
  0x0000000016f99000 JavaThread "pool-2-thread-2" [_thread_blocked, id=12188, stack(0x0000000017570000,0x0000000017670000)]
  0x0000000016f2a800 JavaThread "pool-3-thread-1" [_thread_blocked, id=6872, stack(0x0000000017470000,0x0000000017570000)]
  0x0000000016ed6000 JavaThread "pool-2-thread-1" [_thread_in_vm, id=2140, stack(0x0000000017370000,0x0000000017470000)]
  0x000000001547d000 JavaThread "Service Thread" daemon [_thread_blocked, id=7520, stack(0x0000000017170000,0x0000000017270000)]
  0x0000000016c78800 JavaThread "C1 CompilerThread2" daemon [_thread_blocked, id=1516, stack(0x0000000017070000,0x0000000017170000)]
  0x0000000015422000 JavaThread "C2 CompilerThread1" daemon [_thread_in_native, id=7312, stack(0x0000000016b70000,0x0000000016c70000)]
=>0x000000001541d800 JavaThread "C2 CompilerThread0" daemon [_thread_in_native, id=5896, stack(0x0000000016a70000,0x0000000016b70000)]
  0x000000001541b000 JavaThread "Attach Listener" daemon [_thread_blocked, id=1628, stack(0x0000000016970000,0x0000000016a70000)]
  0x000000001541a000 JavaThread "Signal Dispatcher" daemon [_thread_blocked, id=10528, stack(0x0000000016870000,0x0000000016970000)]
  0x0000000002d4a800 JavaThread "Finalizer" daemon [_thread_blocked, id=9908, stack(0x0000000016670000,0x0000000016770000)]
  0x00000000153e9000 JavaThread "Reference Handler" daemon [_thread_blocked, id=7188, stack(0x0000000016570000,0x0000000016670000)]
  0x0000000002c4e000 JavaThread "main" [_thread_blocked, id=7864, stack(0x0000000002ad0000,0x0000000002bd0000)]

Other Threads:
  0x00000000153e7000 VMThread [stack: 0x0000000016470000,0x0000000016570000] [id=8104]
  0x000000001547e800 WatcherThread [stack: 0x0000000017270000,0x0000000017370000] [id=9900]

VM state:not at safepoint (normal execution)

VM Mutex/Monitor currently owned by a thread: None

Heap:
 PSYoungGen      total 214528K, used 39811K [0x00000000eab00000, 0x00000000f9c00000, 0x0000000100000000)
  eden space 193024K, 10% used [0x00000000eab00000,0x00000000ebe69248,0x00000000f6780000)
  from space 21504K, 92% used [0x00000000f8000000,0x00000000f9377b70,0x00000000f9500000)
  to   space 25088K, 0% used [0x00000000f6780000,0x00000000f6780000,0x00000000f8000000)
 ParOldGen       total 64512K, used 33744K [0x00000000c0000000, 0x00000000c3f00000, 0x00000000eab00000)
  object space 64512K, 52% used [0x00000000c0000000,0x00000000c20f4130,0x00000000c3f00000)
 Metaspace       used 6560K, capacity 7256K, committed 7424K, reserved 1056768K
  class space    used 624K, capacity 656K, committed 768K, reserved 1048576K

Card table byte_map: [0x0000000012110000,0x0000000012320000] byte_map_base: 0x0000000011b10000

Marking Bits: (ParMarkBitMap*) 0x0000000058ef2f70
 Begin Bits: [0x0000000012880000, 0x0000000013880000)
 End Bits:   [0x0000000013880000, 0x0000000014880000)

Polling page: 0x0000000001270000

CodeCache: size=245760Kb used=12272Kb max_used=12286Kb free=233487Kb
 bounds [0x0000000002d50000, 0x0000000003960000, 0x0000000011d50000]
 total_blobs=2577 nmethods=2307 adapters=182
 compilation: enabled

Compilation events (10 events):
Event: 20.070 Thread 0x0000000015422000 nmethod 2394 0x0000000003922ed0 code [0x0000000003923180, 0x00000000039244a0]
Event: 20.075 Thread 0x000000001541d800 2395       4       com.android.dx.rop.cst.Constant::compareTo (33 bytes)
Event: 20.077 Thread 0x000000001541d800 nmethod 2395 0x000000000390ded0 code [0x000000000390e020, 0x000000000390e1f8]
Event: 20.080 Thread 0x0000000015422000 2396       4       com.android.dx.rop.cst.TypedConstant::getBasicFrameType (8 bytes)
Event: 20.081 Thread 0x0000000015422000 nmethod 2396 0x00000000038b4d10 code [0x00000000038b4e60, 0x00000000038b4f18]
Event: 20.086 Thread 0x0000000016c78800 2397   !   3       com.android.dx.rop.code.RegisterSpec::intern (70 bytes)
Event: 20.087 Thread 0x0000000016c78800 nmethod 2397 0x000000000390e910 code [0x000000000390eb40, 0x000000000390f808]
Event: 20.091 Thread 0x000000001541d800 2398   !   4       com.android.dx.cf.code.BytecodeArray::parseInstruction (2764 bytes)
Event: 20.155 Thread 0x0000000015422000 2399       4       com.android.dx.dex.code.RopTranslator$TranslationVisitor::addOutput (9 bytes)
Event: 20.166 Thread 0x0000000015422000 nmethod 2399 0x000000000390a790 code [0x000000000390a920, 0x000000000390ae68]

GC Heap History (10 events):
Event: 1.314 GC heap before
{Heap before GC invocations=1 (full 0):
 PSYoungGen      total 28160K, used 24576K [0x00000000eab00000, 0x00000000eca00000, 0x0000000100000000)
  eden space 24576K, 100% used [0x00000000eab00000,0x00000000ec300000,0x00000000ec300000)
  from space 3584K, 0% used [0x00000000ec680000,0x00000000ec680000,0x00000000eca00000)
  to   space 3584K, 0% used [0x00000000ec300000,0x00000000ec300000,0x00000000ec680000)
 ParOldGen       total 64512K, used 0K [0x00000000c0000000, 0x00000000c3f00000, 0x00000000eab00000)
  object space 64512K, 0% used [0x00000000c0000000,0x00000000c0000000,0x00000000c3f00000)
 Metaspace       used 5607K, capacity 6576K, committed 6784K, reserved 1056768K
  class space    used 597K, capacity 616K, committed 640K, reserved 1048576K
Event: 1.468 GC heap after
Heap after GC invocations=1 (full 0):
 PSYoungGen      total 28160K, used 3572K [0x00000000eab00000, 0x00000000ee200000, 0x0000000100000000)
  eden space 24576K, 0% used [0x00000000eab00000,0x00000000eab00000,0x00000000ec300000)
  from space 3584K, 99% used [0x00000000ec300000,0x00000000ec67d198,0x00000000ec680000)
  to   space 3584K, 0% used [0x00000000ede80000,0x00000000ede80000,0x00000000ee200000)
 ParOldGen       total 64512K, used 145K [0x00000000c0000000, 0x00000000c3f00000, 0x00000000eab00000)
  object space 64512K, 0% used [0x00000000c0000000,0x00000000c0024550,0x00000000c3f00000)
 Metaspace       used 5607K, capacity 6576K, committed 6784K, reserved 1056768K
  class space    used 597K, capacity 616K, committed 640K, reserved 1048576K
}
Event: 3.852 GC heap before
{Heap before GC invocations=2 (full 0):
 PSYoungGen      total 28160K, used 28148K [0x00000000eab00000, 0x00000000ee200000, 0x0000000100000000)
  eden space 24576K, 100% used [0x00000000eab00000,0x00000000ec300000,0x00000000ec300000)
  from space 3584K, 99% used [0x00000000ec300000,0x00000000ec67d198,0x00000000ec680000)
  to   space 3584K, 0% used [0x00000000ede80000,0x00000000ede80000,0x00000000ee200000)
 ParOldGen       total 64512K, used 145K [0x00000000c0000000, 0x00000000c3f00000, 0x00000000eab00000)
  object space 64512K, 0% used [0x00000000c0000000,0x00000000c0024550,0x00000000c3f00000)
 Metaspace       used 6177K, capacity 7026K, committed 7296K, reserved 1056768K
  class space    used 602K, capacity 618K, committed 640K, reserved 1048576K
Event: 4.026 GC heap after
Heap after GC invocations=2 (full 0):
 PSYoungGen      total 52736K, used 3553K [0x00000000eab00000, 0x00000000ee200000, 0x0000000100000000)
  eden space 49152K, 0% used [0x00000000eab00000,0x00000000eab00000,0x00000000edb00000)
  from space 3584K, 99% used [0x00000000ede80000,0x00000000ee1f85b0,0x00000000ee200000)
  to   space 3584K, 0% used [0x00000000edb00000,0x00000000edb00000,0x00000000ede80000)
 ParOldGen       total 64512K, used 3057K [0x00000000c0000000, 0x00000000c3f00000, 0x00000000eab00000)
  object space 64512K, 4% used [0x00000000c0000000,0x00000000c02fc468,0x00000000c3f00000)
 Metaspace       used 6177K, capacity 7026K, committed 7296K, reserved 1056768K
  class space    used 602K, capacity 618K, committed 640K, reserved 1048576K
}
Event: 6.857 GC heap before
{Heap before GC invocations=3 (full 0):
 PSYoungGen      total 52736K, used 52705K [0x00000000eab00000, 0x00000000ee200000, 0x0000000100000000)
  eden space 49152K, 100% used [0x00000000eab00000,0x00000000edb00000,0x00000000edb00000)
  from space 3584K, 99% used [0x00000000ede80000,0x00000000ee1f85b0,0x00000000ee200000)
  to   space 3584K, 0% used [0x00000000edb00000,0x00000000edb00000,0x00000000ede80000)
 ParOldGen       total 64512K, used 3057K [0x00000000c0000000, 0x00000000c3f00000, 0x00000000eab00000)
  object space 64512K, 4% used [0x00000000c0000000,0x00000000c02fc468,0x00000000c3f00000)
 Metaspace       used 6230K, capacity 7090K, committed 7296K, reserved 1056768K
  class space    used 603K, capacity 618K, committed 640K, reserved 1048576K
Event: 7.070 GC heap after
Heap after GC invocations=3 (full 0):
 PSYoungGen      total 52736K, used 3564K [0x00000000eab00000, 0x00000000f1200000, 0x0000000100000000)
  eden space 49152K, 0% used [0x00000000eab00000,0x00000000eab00000,0x00000000edb00000)
  from space 3584K, 99% used [0x00000000edb00000,0x00000000ede7b328,0x00000000ede80000)
  to   space 3584K, 0% used [0x00000000f0e80000,0x00000000f0e80000,0x00000000f1200000)
 ParOldGen       total 64512K, used 8973K [0x00000000c0000000, 0x00000000c3f00000, 0x00000000eab00000)
  object space 64512K, 13% used [0x00000000c0000000,0x00000000c08c3608,0x00000000c3f00000)
 Metaspace       used 6230K, capacity 7090K, committed 7296K, reserved 1056768K
  class space    used 603K, capacity 618K, committed 640K, reserved 1048576K
}
Event: 9.430 GC heap before
{Heap before GC invocations=4 (full 0):
 PSYoungGen      total 52736K, used 52716K [0x00000000eab00000, 0x00000000f1200000, 0x0000000100000000)
  eden space 49152K, 100% used [0x00000000eab00000,0x00000000edb00000,0x00000000edb00000)
  from space 3584K, 99% used [0x00000000edb00000,0x00000000ede7b328,0x00000000ede80000)
  to   space 3584K, 0% used [0x00000000f0e80000,0x00000000f0e80000,0x00000000f1200000)
 ParOldGen       total 64512K, used 8973K [0x00000000c0000000, 0x00000000c3f00000, 0x00000000eab00000)
  object space 64512K, 13% used [0x00000000c0000000,0x00000000c08c3608,0x00000000c3f00000)
 Metaspace       used 6318K, capacity 7154K, committed 7296K, reserved 1056768K
  class space    used 604K, capacity 618K, committed 640K, reserved 1048576K
Event: 9.503 GC heap after
Heap after GC invocations=4 (full 0):
 PSYoungGen      total 101888K, used 3564K [0x00000000eab00000, 0x00000000f1200000, 0x0000000100000000)
  eden space 98304K, 0% used [0x00000000eab00000,0x00000000eab00000,0x00000000f0b00000)
  from space 3584K, 99% used [0x00000000f0e80000,0x00000000f11fb348,0x00000000f1200000)
  to   space 3584K, 0% used [0x00000000f0b00000,0x00000000f0b00000,0x00000000f0e80000)
 ParOldGen       total 64512K, used 17339K [0x00000000c0000000, 0x00000000c3f00000, 0x00000000eab00000)
  object space 64512K, 26% used [0x00000000c0000000,0x00000000c10eef70,0x00000000c3f00000)
 Metaspace       used 6318K, capacity 7154K, committed 7296K, reserved 1056768K
  class space    used 604K, capacity 618K, committed 640K, reserved 1048576K
}
Event: 14.964 GC heap before
{Heap before GC invocations=5 (full 0):
 PSYoungGen      total 101888K, used 101868K [0x00000000eab00000, 0x00000000f1200000, 0x0000000100000000)
  eden space 98304K, 100% used [0x00000000eab00000,0x00000000f0b00000,0x00000000f0b00000)
  from space 3584K, 99% used [0x00000000f0e80000,0x00000000f11fb348,0x00000000f1200000)
  to   space 3584K, 0% used [0x00000000f0b00000,0x00000000f0b00000,0x00000000f0e80000)
 ParOldGen       total 64512K, used 17339K [0x00000000c0000000, 0x00000000c3f00000, 0x00000000eab00000)
  object space 64512K, 26% used [0x00000000c0000000,0x00000000c10eef70,0x00000000c3f00000)
 Metaspace       used 6413K, capacity 7218K, committed 7296K, reserved 1056768K
  class space    used 604K, capacity 618K, committed 640K, reserved 1048576K
Event: 15.825 GC heap after
Heap after GC invocations=5 (full 0):
 PSYoungGen      total 101888K, used 3553K [0x00000000eab00000, 0x00000000f9500000, 0x0000000100000000)
  eden space 98304K, 0% used [0x00000000eab00000,0x00000000eab00000,0x00000000f0b00000)
  from space 3584K, 99% used [0x00000000f0b00000,0x00000000f0e78718,0x00000000f0e80000)
  to   space 21504K, 0% used [0x00000000f8000000,0x00000000f8000000,0x00000000f9500000)
 ParOldGen       total 64512K, used 33744K [0x00000000c0000000, 0x00000000c3f00000, 0x00000000eab00000)
  object space 64512K, 52% used [0x00000000c0000000,0x00000000c20f4130,0x00000000c3f00000)
 Metaspace       used 6413K, capacity 7218K, committed 7296K, reserved 1056768K
  class space    used 604K, capacity 618K, committed 640K, reserved 1048576K
}

Deoptimization events (10 events):
Event: 17.275 Thread 0x0000000016f9b000 Uncommon trap: reason=bimorphic action=maybe_recompile pc=0x00000000037dfb80 method=com.android.dx.cf.code.RopperMachine.run(Lcom/android/dx/cf/code/Frame;II)V @ 310
Event: 17.276 Thread 0x0000000016f9b000 Uncommon trap: reason=bimorphic action=maybe_recompile pc=0x00000000037dfb80 method=com.android.dx.cf.code.RopperMachine.run(Lcom/android/dx/cf/code/Frame;II)V @ 310
Event: 18.749 Thread 0x0000000016f9b000 Uncommon trap: reason=bimorphic action=maybe_recompile pc=0x00000000037dfb80 method=com.android.dx.cf.code.RopperMachine.run(Lcom/android/dx/cf/code/Frame;II)V @ 310
Event: 18.886 Thread 0x0000000016f9b000 Uncommon trap: reason=bimorphic action=maybe_recompile pc=0x00000000038e1094 method=com.android.dx.cf.code.BytecodeArray.parseInstruction(ILcom/android/dx/cf/code/BytecodeArray$Visitor;)I @ 939
Event: 18.886 Thread 0x0000000016f9b000 Uncommon trap: reason=bimorphic action=maybe_recompile pc=0x00000000038e1094 method=com.android.dx.cf.code.BytecodeArray.parseInstruction(ILcom/android/dx/cf/code/BytecodeArray$Visitor;)I @ 939
Event: 18.918 Thread 0x0000000016f99000 Uncommon trap: reason=bimorphic action=maybe_recompile pc=0x0000000003607d94 method=com.android.dx.ssa.LiteralOpUpgrader.tryReplacingWithConstant(Lcom/android/dx/ssa/NormalSsaInsn;)Z @ 62
Event: 18.928 Thread 0x0000000016f99000 Uncommon trap: reason=bimorphic action=maybe_recompile pc=0x0000000003607d94 method=com.android.dx.ssa.LiteralOpUpgrader.tryReplacingWithConstant(Lcom/android/dx/ssa/NormalSsaInsn;)Z @ 62
Event: 20.085 Thread 0x0000000016f99000 Uncommon trap: reason=unstable_if action=reinterpret pc=0x00000000038d0444 method=java.util.HashMap.putVal(ILjava/lang/Object;Ljava/lang/Object;ZZ)Ljava/lang/Object; @ 109
Event: 20.091 Thread 0x0000000016f99000 Uncommon trap: reason=bimorphic action=maybe_recompile pc=0x0000000003945840 method=com.android.dx.cf.code.BytecodeArray.parseInstruction(ILcom/android/dx/cf/code/BytecodeArray$Visitor;)I @ 971
Event: 20.091 Thread 0x0000000016f99000 Uncommon trap: reason=bimorphic action=maybe_recompile pc=0x0000000003945840 method=com.android.dx.cf.code.BytecodeArray.parseInstruction(ILcom/android/dx/cf/code/BytecodeArray$Visitor;)I @ 971

Internal exceptions (8 events):
Event: 0.046 Thread 0x0000000002c4e000 Exception <a 'java/lang/NoSuchMethodError': Method sun.misc.Unsafe.defineClass(Ljava/lang/String;[BII)Ljava/lang/Class; name or signature does not match> (0x00000000eab07cc0) thrown at [C:\re\workspace\8-2-build-windows-amd64-cygwin\jdk8u91\7017\hotspot\sr¨‹˚ﬁôùß?
Event: 0.046 Thread 0x0000000002c4e000 Exception <a 'java/lang/NoSuchMethodError': Method sun.misc.Unsafe.prefetchRead(Ljava/lang/Object;J)V name or signature does not match> (0x00000000eab07fa8) thrown at [C:\re\workspace\8-2-build-windows-amd64-cygwin\jdk8u91\7017\hotspot\src\share\vm\prims\jõ◊ÉjÉ@
Event: 7.378 Thread 0x0000000016ed6000 Implicit null exception at 0x00000000033fd3b6 to 0x000000000340078d
Event: 7.962 Thread 0x0000000016f9b000 Implicit null exception at 0x00000000034210a7 to 0x0000000003424389
Event: 14.103 Thread 0x0000000016f9a800 Implicit null exception at 0x000000000338a928 to 0x000000000338bef1
Event: 16.840 Thread 0x0000000016f9a800 Exception <a 'java/lang/ArrayIndexOutOfBoundsException': 18> (0x00000000eca2be28) thrown at [C:\re\workspace\8-2-build-windows-amd64-cygwin\jdk8u91\7017\hotspot\src\share\vm\interpreter\interpreterRuntime.cpp, line 366]
Event: 16.842 Thread 0x0000000016f9a800 Exception <a 'java/lang/ArrayIndexOutOfBoundsException'> (0x00000000eca2d9a8) thrown at [C:\re\workspace\8-2-build-windows-amd64-cygwin\jdk8u91\7017\hotspot\src\share\vm\runtime\sharedRuntime.cpp, line 605]
Event: 16.843 Thread 0x0000000016f9a800 Exception <a 'java/lang/ArrayIndexOutOfBoundsException'> (0x00000000eca2ec90) thrown at [C:\re\workspace\8-2-build-windows-amd64-cygwin\jdk8u91\7017\hotspot\src\share\vm\runtime\sharedRuntime.cpp, line 605]

Events (10 events):
Event: 18.928 Thread 0x0000000016f99000 DEOPT UNPACKING pc=0x0000000002d9582a sp=0x000000001766eab8 mode 2
Event: 20.085 Thread 0x0000000016f99000 Uncommon trap: trap_request=0xffffff65 fr.pc=0x00000000038d0444
Event: 20.085 Thread 0x0000000016f99000 DEOPT PACKING pc=0x00000000038d0444 sp=0x000000001766eb30
Event: 20.086 Thread 0x0000000016f99000 DEOPT UNPACKING pc=0x0000000002d9582a sp=0x000000001766e9d8 mode 2
Event: 20.091 Thread 0x0000000016f99000 Uncommon trap: trap_request=0xffffffc6 fr.pc=0x0000000003945840
Event: 20.091 Thread 0x0000000016f99000 DEOPT PACKING pc=0x0000000003945840 sp=0x000000001766ea10
Event: 20.091 Thread 0x0000000016f99000 DEOPT UNPACKING pc=0x0000000002d9582a sp=0x000000001766e9f8 mode 2
Event: 20.091 Thread 0x0000000016f99000 Uncommon trap: trap_request=0xffffffc6 fr.pc=0x0000000003945840
Event: 20.091 Thread 0x0000000016f99000 DEOPT PACKING pc=0x0000000003945840 sp=0x000000001766ea90
Event: 20.091 Thread 0x0000000016f99000 DEOPT UNPACKING pc=0x0000000002d9582a sp=0x000000001766ea78 mode 2


Dynamic libraries:
0x00007ff754290000 - 0x00007ff7542c7000 	C:\Program Files\Java\jdk1.8.0_91\bin\java.exe
0x00007ff992c00000 - 0x00007ff992dd1000 	C:\WINDOWS\SYSTEM32\ntdll.dll
0x00007ff990a10000 - 0x00007ff990abb000 	C:\WINDOWS\System32\KERNEL32.DLL
0x00007ff98f740000 - 0x00007ff98f95d000 	C:\WINDOWS\System32\KERNELBASE.dll
0x00007ff990190000 - 0x00007ff990232000 	C:\WINDOWS\System32\ADVAPI32.dll
0x00007ff9911a0000 - 0x00007ff99123e000 	C:\WINDOWS\System32\msvcrt.dll
0x00007ff9909b0000 - 0x00007ff990a09000 	C:\WINDOWS\System32\sechost.dll
0x00007ff990240000 - 0x00007ff990361000 	C:\WINDOWS\System32\RPCRT4.dll
0x00007ff991520000 - 0x00007ff991685000 	C:\WINDOWS\System32\USER32.dll
0x00007ff98f1f0000 - 0x00007ff98f20e000 	C:\WINDOWS\System32\win32u.dll
0x00007ff990380000 - 0x00007ff9903b4000 	C:\WINDOWS\System32\GDI32.dll
0x00007ff98f5b0000 - 0x00007ff98f732000 	C:\WINDOWS\System32\gdi32full.dll
0x00007ff98b6a0000 - 0x00007ff98b919000 	C:\WINDOWS\WinSxS\amd64_microsoft.windows.common-controls_6595b64144ccf1df_6.0.14393.0_none_2d0f50fcbdb171b8\COMCTL32.dll
0x00007ff990c60000 - 0x00007ff990f27000 	C:\WINDOWS\System32\combase.dll
0x00007ff990090000 - 0x00007ff990185000 	C:\WINDOWS\System32\ucrtbase.dll
0x00007ff98f540000 - 0x00007ff98f5aa000 	C:\WINDOWS\System32\bcryptPrimitives.dll
0x00007ff991490000 - 0x00007ff9914be000 	C:\WINDOWS\System32\IMM32.DLL
0x00007ff98f000000 - 0x00007ff98f031000 	C:\Windows\system32\nvinitx.dll
0x00007ff98eff0000 - 0x00007ff98effa000 	C:\WINDOWS\SYSTEM32\VERSION.dll
0x0000000057390000 - 0x0000000057462000 	C:\Program Files\Java\jdk1.8.0_91\jre\bin\msvcr100.dll
0x00000000586e0000 - 0x0000000058f73000 	C:\Program Files\Java\jdk1.8.0_91\jre\bin\server\jvm.dll
0x00007ff991090000 - 0x00007ff991098000 	C:\WINDOWS\System32\PSAPI.DLL
0x00007ff984510000 - 0x00007ff984519000 	C:\WINDOWS\SYSTEM32\WSOCK32.dll
0x00007ff991240000 - 0x00007ff9912aa000 	C:\WINDOWS\System32\WS2_32.dll
0x00007ff98c440000 - 0x00007ff98c463000 	C:\WINDOWS\SYSTEM32\WINMM.dll
0x00007ff98c3e0000 - 0x00007ff98c40b000 	C:\WINDOWS\SYSTEM32\WINMMBASE.dll
0x00007ff98f960000 - 0x00007ff98f9a2000 	C:\WINDOWS\System32\cfgmgr32.dll
0x00000000586d0000 - 0x00000000586df000 	C:\Program Files\Java\jdk1.8.0_91\jre\bin\verify.dll
0x00000000586a0000 - 0x00000000586c9000 	C:\Program Files\Java\jdk1.8.0_91\jre\bin\java.dll
0x0000000058680000 - 0x0000000058696000 	C:\Program Files\Java\jdk1.8.0_91\jre\bin\zip.dll
0x00007ff9916f0000 - 0x00007ff992bf8000 	C:\WINDOWS\System32\SHELL32.dll
0x00007ff98f9b0000 - 0x00007ff99008a000 	C:\WINDOWS\System32\windows.storage.dll
0x00007ff98f110000 - 0x00007ff98f15c000 	C:\WINDOWS\System32\powrprof.dll
0x00007ff991690000 - 0x00007ff9916e2000 	C:\WINDOWS\System32\shlwapi.dll
0x00007ff98f180000 - 0x00007ff98f18f000 	C:\WINDOWS\System32\kernel.appcore.dll
0x00007ff98f2c0000 - 0x00007ff98f369000 	C:\WINDOWS\System32\shcore.dll
0x00007ff98f160000 - 0x00007ff98f174000 	C:\WINDOWS\System32\profapi.dll

VM Arguments:
jvm_args: -Djava.awt.headless=true -Xmx1024M -Dfile.encoding=windows-1252 -Duser.country=BR -Duser.language=pt -Duser.variant 
java_command: com.android.dx.command.Main --dex --force-jumbo --num-threads=4 --multi-dex --output C:\Users\Douglas\Desktop\AndroidStudio\AppPOO\app\build\intermediates\transforms\dex\debug\folders\1000\10\com.android.support-support-v4-23.4.0_1180ba4a4ee8d2a7f78c5c11206ff5e80e55b73e C:\Users\Douglas\Desktop\AndroidStudio\AppPOO\app\build\intermediates\exploded-aar\com.android.support\support-v4\23.4.0\jars\classes.jar
java_class_path (initial): C:\Users\Douglas\AppData\Local\Android\sdk\build-tools\24.0.1\lib\dx.jar
Launcher Type: SUN_STANDARD

Environment Variables:
PATH=C:\ProgramData\Oracle\Java\javapath;C:\Program Files (x86)\Intel\iCLS Client\;C:\Program Files\Intel\iCLS Client\;C:\WINDOWS\system32;C:\WINDOWS;C:\WINDOWS\System32\Wbem;C:\WINDOWS\System32\WindowsPowerShell\v1.0\;C:\Program Files\Intel\Intel(R) Management Engine Components\DAL;C:\Program Files\Intel\Intel(R) Management Engine Components\IPT;C:\Program Files (x86)\Intel\Intel(R) Management Engine Components\DAL;C:\Program Files (x86)\Intel\Intel(R) Management Engine Components\IPT;C:\Program Files (x86)\Windows Live\Shared;C:\Program Files (x86)\Skype\Phone\;C:\Program Files (x86)\NVIDIA Corporation\PhysX\Common;C:\WINDOWS\system32;C:\WINDOWS;C:\WINDOWS\System32\Wbem;C:\WINDOWS\System32\WindowsPowerShell\v1.0\;C:\Program Files\Microsoft SQL Server\Client SDK\ODBC\110\Tools\Binn\;C:\Program Files (x86)\Microsoft SQL Server\120\Tools\Binn\;C:\Program Files\Microsoft SQL Server\120\Tools\Binn\;C:\Program Files\Microsoft SQL Server\120\DTS\Binn\;C:\Program Files (x86)\Microsoft SQL Server\120\Tools\Binn\ManagementStudio\;C:\Program Files (x86)\Microsoft SQL Server\120\DTS\Binn\;C:\Program Files\Git\cmd;C:\Users\Douglas\AppData\Local\Microsoft\WindowsApps;
USERNAME=Douglas
OS=Windows_NT
PROCESSOR_IDENTIFIER=Intel64 Family 6 Model 58 Stepping 9, GenuineIntel



---------------  S Y S T E M  ---------------

OS: Windows 10.0 , 64 bit Build 14393 (10.0.14393.0)

CPU:total 4 (2 cores per cpu, 2 threads per core) family 6 model 58 stepping 9, cmov, cx8, fxsr, mmx, sse, sse2, sse3, ssse3, sse4.1, sse4.2, popcnt, avx, aes, clmul, erms, ht, tsc, tscinvbit, tscinv

Memory: 4k page, physical 6153312k(1033900k free), swap 6153312k(26384k free)

vm_info: Java HotSpot(TM) 64-Bit Server VM (25.91-b15) for windows-amd64 JRE (1.8.0_91-b15), built on May 20 2016 17:43:15 by "java_re" with MS VC++ 10.0 (VS2010)

time: Mon Sep 05 21:26:05 2016
elapsed time: 20 seconds (0d 0h 0m 20s)

