#
# There is insufficient memory for the Java Runtime Environment to continue.
# Native memory allocation (malloc) failed to allocate 262160 bytes for Chunk::new
# Possible reasons:
#   The system is out of physical RAM or swap space
#   In 32 bit mode, the process size limit was hit
# Possible solutions:
#   Reduce memory load on the system
#   Increase physical memory or swap space
#   Check if swap backing store is full
#   Use 64 bit Java on a 64 bit OS
#   Decrease Java heap size (-Xmx/-Xms)
#   Decrease number of Java threads
#   Decrease Java thread stack sizes (-Xss)
#   Set larger code cache with -XX:ReservedCodeCacheSize=
# This output file may be truncated or incomplete.
#
#  Out of Memory Error (allocation.cpp:390), pid=13100, tid=3724
#
# JRE version: Java(TM) SE Runtime Environment (8.0_91-b15) (build 1.8.0_91-b15)
# Java VM: Java HotSpot(TM) 64-Bit Server VM (25.91-b15 mixed mode windows-amd64 compressed oops)
# Failed to write core dump. Minidumps are not enabled by default on client versions of Windows
#

---------------  T H R E A D  ---------------

Current thread (0x00000000151ec000):  JavaThread "C2 CompilerThread0" daemon [_thread_in_native, id=3724, stack(0x0000000016860000,0x0000000016960000)]

Stack: [0x0000000016860000,0x0000000016960000]
[error occurred during error reporting (printing stack bounds), id 0xc0000005]

Native frames: (J=compiled Java code, j=interpreted, Vv=VM code, C=native code)


Current CompileTask:
C2:   6130 1870   !   4       com.android.dx.cf.cst.ConstantPoolParser::parse0 (731 bytes)


---------------  P R O C E S S  ---------------

Java Threads: ( => current thread )
  0x0000000016dbc800 JavaThread "pool-2-thread-4" [_thread_blocked, id=3660, stack(0x0000000017560000,0x0000000017660000)]
  0x0000000016dbb800 JavaThread "pool-2-thread-3" [_thread_blocked, id=8760, stack(0x0000000017460000,0x0000000017560000)]
  0x0000000016db3800 JavaThread "pool-2-thread-2" [_thread_blocked, id=10024, stack(0x0000000017360000,0x0000000017460000)]
  0x0000000016db0000 JavaThread "pool-3-thread-1" [_thread_blocked, id=8976, stack(0x0000000017260000,0x0000000017360000)]
  0x0000000016e03800 JavaThread "pool-2-thread-1" [_thread_blocked, id=3484, stack(0x0000000017160000,0x0000000017260000)]
  0x0000000016b88800 JavaThread "Service Thread" daemon [_thread_blocked, id=6820, stack(0x0000000016f60000,0x0000000017060000)]
  0x00000000151f9000 JavaThread "C1 CompilerThread2" daemon [_thread_blocked, id=13140, stack(0x0000000016a60000,0x0000000016b60000)]
  0x00000000151f2800 JavaThread "C2 CompilerThread1" daemon [_thread_in_vm, id=4412, stack(0x0000000016960000,0x0000000016a60000)]
=>0x00000000151ec000 JavaThread "C2 CompilerThread0" daemon [_thread_in_native, id=3724, stack(0x0000000016860000,0x0000000016960000)]
  0x00000000151e9800 JavaThread "Attach Listener" daemon [_thread_blocked, id=8116, stack(0x0000000016760000,0x0000000016860000)]
  0x00000000151e8000 JavaThread "Signal Dispatcher" daemon [_thread_blocked, id=12908, stack(0x0000000016660000,0x0000000016760000)]
  0x0000000002a9a800 JavaThread "Finalizer" daemon [_thread_blocked, id=12868, stack(0x0000000016460000,0x0000000016560000)]
  0x00000000151b9000 JavaThread "Reference Handler" daemon [_thread_blocked, id=11492, stack(0x0000000016360000,0x0000000016460000)]
  0x000000000124e000 JavaThread "main" [_thread_blocked, id=6468, stack(0x0000000001130000,0x0000000001230000)]

Other Threads:
  0x00000000151b7000 VMThread [stack: 0x0000000016260000,0x0000000016360000] [id=5832]
  0x0000000016bb5000 WatcherThread [stack: 0x0000000017060000,0x0000000017160000] [id=712]

VM state:not at safepoint (normal execution)

VM Mutex/Monitor currently owned by a thread:  ([mutex/lock_event])
[0x000000000124bf40] CodeCache_lock - owner thread: 0x00000000151f2800
[0x00000000029a14d0] Compile_lock - owner thread: 0x00000000151f2800
[0x00000000029a05d0] MethodCompileQueue_lock - owner thread: 0x00000000151f2800

Heap:
 PSYoungGen      total 52736K, used 36699K [0x00000000eab00000, 0x00000000ee200000, 0x0000000100000000)
  eden space 49152K, 67% used [0x00000000eab00000,0x00000000ecb5a6a0,0x00000000edb00000)
  from space 3584K, 99% used [0x00000000ede80000,0x00000000ee1fc7c8,0x00000000ee200000)
  to   space 3584K, 0% used [0x00000000edb00000,0x00000000edb00000,0x00000000ede80000)
 ParOldGen       total 64512K, used 26426K [0x00000000c0000000, 0x00000000c3f00000, 0x00000000eab00000)
  object space 64512K, 40% used [0x00000000c0000000,0x00000000c19ceaf8,0x00000000c3f00000)
 Metaspace       used 6413K, capacity 7192K, committed 7424K, reserved 1056768K
  class space    used 625K, capacity 656K, committed 768K, reserved 1048576K

Card table byte_map: [0x0000000011ee0000,0x00000000120f0000] byte_map_base: 0x00000000118e0000

Marking Bits: (ParMarkBitMap*) 0x0000000063f82f70
 Begin Bits: [0x0000000012650000, 0x0000000013650000)
 End Bits:   [0x0000000013650000, 0x0000000014650000)

Polling page: 0x0000000000c50000

CodeCache: size=245760Kb used=8192Kb max_used=8192Kb free=237567Kb
 bounds [0x0000000002b20000, 0x0000000003330000, 0x0000000011b20000]
 total_blobs=2109 nmethods=1836 adapters=182
 compilation: enabled

Compilation events (10 events):
Event: 5.796 Thread 0x00000000151ec000 nmethod 1884 0x00000000032c1690 code [0x00000000032c17e0, 0x00000000032c1cd8]
Event: 5.796 Thread 0x00000000151ec000 1885 %     4       com.android.dx.ssa.Dominators::run @ 283 (506 bytes)
Event: 5.828 Thread 0x00000000151f2800 nmethod 1873 0x0000000003319090 code [0x0000000003319500, 0x000000000331cc40]
Event: 5.828 Thread 0x00000000151f2800 1897       4       java.util.ArrayList::removeRange (75 bytes)
Event: 5.831 Thread 0x00000000151f2800 nmethod 1897 0x00000000032b8c50 code [0x00000000032b8da0, 0x00000000032b8f18]
Event: 5.831 Thread 0x00000000151f2800 1887       4       com.android.dx.cf.code.ValueAwareMachine::run (1142 bytes)
Event: 5.861 Thread 0x00000000151ec000 nmethod 1885% 0x0000000003315850 code [0x0000000003315aa0, 0x0000000003317218]
Event: 5.861 Thread 0x00000000151ec000 1908       4       com.android.dx.cf.code.BasicBlocker::addWorkIfNecessary (32 bytes)
Event: 5.863 Thread 0x00000000151ec000 nmethod 1908 0x00000000032c1210 code [0x00000000032c1360, 0x00000000032c1498]
Event: 5.863 Thread 0x00000000151ec000 1870   !   4       com.android.dx.cf.cst.ConstantPoolParser::parse0 (731 bytes)

GC Heap History (10 events):
Event: 2.198 GC heap before
{Heap before GC invocations=2 (full 0):
 PSYoungGen      total 28160K, used 28132K [0x00000000eab00000, 0x00000000eca00000, 0x0000000100000000)
  eden space 24576K, 100% used [0x00000000eab00000,0x00000000ec300000,0x00000000ec300000)
  from space 3584K, 99% used [0x00000000ec300000,0x00000000ec679238,0x00000000ec680000)
  to   space 3584K, 0% used [0x00000000ec680000,0x00000000ec680000,0x00000000eca00000)
 ParOldGen       total 64512K, used 1201K [0x00000000c0000000, 0x00000000c3f00000, 0x00000000eab00000)
  object space 64512K, 1% used [0x00000000c0000000,0x00000000c012c6e8,0x00000000c3f00000)
 Metaspace       used 6108K, capacity 7026K, committed 7296K, reserved 1056768K
  class space    used 603K, capacity 618K, committed 640K, reserved 1048576K
Event: 2.257 GC heap after
Heap after GC invocations=2 (full 0):
 PSYoungGen      total 28160K, used 3567K [0x00000000eab00000, 0x00000000ee200000, 0x0000000100000000)
  eden space 24576K, 0% used [0x00000000eab00000,0x00000000eab00000,0x00000000ec300000)
  from space 3584K, 99% used [0x00000000ec680000,0x00000000ec9fbe08,0x00000000eca00000)
  to   space 3584K, 0% used [0x00000000ec300000,0x00000000ec300000,0x00000000ec680000)
 ParOldGen       total 64512K, used 4399K [0x00000000c0000000, 0x00000000c3f00000, 0x00000000eab00000)
  object space 64512K, 6% used [0x00000000c0000000,0x00000000c044bee0,0x00000000c3f00000)
 Metaspace       used 6108K, capacity 7026K, committed 7296K, reserved 1056768K
  class space    used 603K, capacity 618K, committed 640K, reserved 1048576K
}
Event: 2.623 GC heap before
{Heap before GC invocations=3 (full 0):
 PSYoungGen      total 28160K, used 28143K [0x00000000eab00000, 0x00000000ee200000, 0x0000000100000000)
  eden space 24576K, 100% used [0x00000000eab00000,0x00000000ec300000,0x00000000ec300000)
  from space 3584K, 99% used [0x00000000ec680000,0x00000000ec9fbe08,0x00000000eca00000)
  to   space 3584K, 0% used [0x00000000ec300000,0x00000000ec300000,0x00000000ec680000)
 ParOldGen       total 64512K, used 4399K [0x00000000c0000000, 0x00000000c3f00000, 0x00000000eab00000)
  object space 64512K, 6% used [0x00000000c0000000,0x00000000c044bee0,0x00000000c3f00000)
 Metaspace       used 6198K, capacity 7090K, committed 7296K, reserved 1056768K
  class space    used 603K, capacity 618K, committed 640K, reserved 1048576K
Event: 2.657 GC heap after
Heap after GC invocations=3 (full 0):
 PSYoungGen      total 28160K, used 3576K [0x00000000eab00000, 0x00000000ee200000, 0x0000000100000000)
  eden space 24576K, 0% used [0x00000000eab00000,0x00000000eab00000,0x00000000ec300000)
  from space 3584K, 99% used [0x00000000ec300000,0x00000000ec67e370,0x00000000ec680000)
  to   space 3584K, 0% used [0x00000000ede80000,0x00000000ede80000,0x00000000ee200000)
 ParOldGen       total 64512K, used 8259K [0x00000000c0000000, 0x00000000c3f00000, 0x00000000eab00000)
  object space 64512K, 12% used [0x00000000c0000000,0x00000000c0810d18,0x00000000c3f00000)
 Metaspace       used 6198K, capacity 7090K, committed 7296K, reserved 1056768K
  class space    used 603K, capacity 618K, committed 640K, reserved 1048576K
}
Event: 3.058 GC heap before
{Heap before GC invocations=4 (full 0):
 PSYoungGen      total 28160K, used 28152K [0x00000000eab00000, 0x00000000ee200000, 0x0000000100000000)
  eden space 24576K, 100% used [0x00000000eab00000,0x00000000ec300000,0x00000000ec300000)
  from space 3584K, 99% used [0x00000000ec300000,0x00000000ec67e370,0x00000000ec680000)
  to   space 3584K, 0% used [0x00000000ede80000,0x00000000ede80000,0x00000000ee200000)
 ParOldGen       total 64512K, used 8259K [0x00000000c0000000, 0x00000000c3f00000, 0x00000000eab00000)
  object space 64512K, 12% used [0x00000000c0000000,0x00000000c0810d18,0x00000000c3f00000)
 Metaspace       used 6246K, capacity 7090K, committed 7296K, reserved 1056768K
  class space    used 603K, capacity 618K, committed 640K, reserved 1048576K
Event: 3.094 GC heap after
Heap after GC invocations=4 (full 0):
 PSYoungGen      total 52736K, used 3574K [0x00000000eab00000, 0x00000000ee200000, 0x0000000100000000)
  eden space 49152K, 0% used [0x00000000eab00000,0x00000000eab00000,0x00000000edb00000)
  from space 3584K, 99% used [0x00000000ede80000,0x00000000ee1fda20,0x00000000ee200000)
  to   space 3584K, 0% used [0x00000000edb00000,0x00000000edb00000,0x00000000ede80000)
 ParOldGen       total 64512K, used 11793K [0x00000000c0000000, 0x00000000c3f00000, 0x00000000eab00000)
  object space 64512K, 18% used [0x00000000c0000000,0x00000000c0b84690,0x00000000c3f00000)
 Metaspace       used 6246K, capacity 7090K, committed 7296K, reserved 1056768K
  class space    used 603K, capacity 618K, committed 640K, reserved 1048576K
}
Event: 3.629 GC heap before
{Heap before GC invocations=5 (full 0):
 PSYoungGen      total 52736K, used 52726K [0x00000000eab00000, 0x00000000ee200000, 0x0000000100000000)
  eden space 49152K, 100% used [0x00000000eab00000,0x00000000edb00000,0x00000000edb00000)
  from space 3584K, 99% used [0x00000000ede80000,0x00000000ee1fda20,0x00000000ee200000)
  to   space 3584K, 0% used [0x00000000edb00000,0x00000000edb00000,0x00000000ede80000)
 ParOldGen       total 64512K, used 11793K [0x00000000c0000000, 0x00000000c3f00000, 0x00000000eab00000)
  object space 64512K, 18% used [0x00000000c0000000,0x00000000c0b84690,0x00000000c3f00000)
 Metaspace       used 6295K, capacity 7154K, committed 7296K, reserved 1056768K
  class space    used 604K, capacity 618K, committed 640K, reserved 1048576K
Event: 3.651 GC heap after
Heap after GC invocations=5 (full 0):
 PSYoungGen      total 52736K, used 3560K [0x00000000eab00000, 0x00000000ee200000, 0x0000000100000000)
  eden space 49152K, 0% used [0x00000000eab00000,0x00000000eab00000,0x00000000edb00000)
  from space 3584K, 99% used [0x00000000edb00000,0x00000000ede7a2f8,0x00000000ede80000)
  to   space 3584K, 0% used [0x00000000ede80000,0x00000000ede80000,0x00000000ee200000)
 ParOldGen       total 64512K, used 19800K [0x00000000c0000000, 0x00000000c3f00000, 0x00000000eab00000)
  object space 64512K, 30% used [0x00000000c0000000,0x00000000c1356390,0x00000000c3f00000)
 Metaspace       used 6295K, capacity 7154K, committed 7296K, reserved 1056768K
  class space    used 604K, capacity 618K, committed 640K, reserved 1048576K
}
Event: 4.418 GC heap before
{Heap before GC invocations=6 (full 0):
 PSYoungGen      total 52736K, used 52712K [0x00000000eab00000, 0x00000000ee200000, 0x0000000100000000)
  eden space 49152K, 100% used [0x00000000eab00000,0x00000000edb00000,0x00000000edb00000)
  from space 3584K, 99% used [0x00000000edb00000,0x00000000ede7a2f8,0x00000000ede80000)
  to   space 3584K, 0% used [0x00000000ede80000,0x00000000ede80000,0x00000000ee200000)
 ParOldGen       total 64512K, used 19800K [0x00000000c0000000, 0x00000000c3f00000, 0x00000000eab00000)
  object space 64512K, 30% used [0x00000000c0000000,0x00000000c1356390,0x00000000c3f00000)
 Metaspace       used 6400K, capacity 7192K, committed 7424K, reserved 1056768K
  class space    used 625K, capacity 656K, committed 768K, reserved 1048576K
Event: 4.537 GC heap after
Heap after GC invocations=6 (full 0):
 PSYoungGen      total 52736K, used 3569K [0x00000000eab00000, 0x00000000ee200000, 0x0000000100000000)
  eden space 49152K, 0% used [0x00000000eab00000,0x00000000eab00000,0x00000000edb00000)
  from space 3584K, 99% used [0x00000000ede80000,0x00000000ee1fc7c8,0x00000000ee200000)
  to   space 3584K, 0% used [0x00000000edb00000,0x00000000edb00000,0x00000000ede80000)
 ParOldGen       total 64512K, used 26426K [0x00000000c0000000, 0x00000000c3f00000, 0x00000000eab00000)
  object space 64512K, 40% used [0x00000000c0000000,0x00000000c19ceaf8,0x00000000c3f00000)
 Metaspace       used 6400K, capacity 7192K, committed 7424K, reserved 1056768K
  class space    used 625K, capacity 656K, committed 768K, reserved 1048576K
}

Deoptimization events (10 events):
Event: 3.826 Thread 0x000000000124e000 Uncommon trap: reason=unstable_if action=reinterpret pc=0x0000000003062eec method=java.util.HashMap.putVal(ILjava/lang/Object;Ljava/lang/Object;ZZ)Ljava/lang/Object; @ 162
Event: 3.991 Thread 0x0000000016db3800 Uncommon trap: reason=bimorphic action=maybe_recompile pc=0x000000000302a2f0 method=com.android.dx.ssa.LiteralOpUpgrader.tryReplacingWithConstant(Lcom/android/dx/ssa/NormalSsaInsn;)Z @ 62
Event: 4.331 Thread 0x000000000124e000 Uncommon trap: reason=bimorphic action=maybe_recompile pc=0x000000000302a2f0 method=com.android.dx.ssa.LiteralOpUpgrader.tryReplacingWithConstant(Lcom/android/dx/ssa/NormalSsaInsn;)Z @ 62
Event: 4.692 Thread 0x000000000124e000 Uncommon trap: reason=unstable_if action=reinterpret pc=0x00000000030ee70c method=com.android.dx.ssa.MoveParamCombiner$1.visitNonMoveInsn(Lcom/android/dx/ssa/NormalSsaInsn;)V @ 27
Event: 4.727 Thread 0x0000000016e03800 Uncommon trap: reason=bimorphic action=maybe_recompile pc=0x000000000324d540 method=com.android.dx.cf.code.BytecodeArray.parseInstruction(ILcom/android/dx/cf/code/BytecodeArray$Visitor;)I @ 1130
Event: 4.727 Thread 0x0000000016e03800 Uncommon trap: reason=bimorphic action=maybe_recompile pc=0x000000000324d0ac method=com.android.dx.cf.code.BytecodeArray.parseInstruction(ILcom/android/dx/cf/code/BytecodeArray$Visitor;)I @ 955
Event: 4.727 Thread 0x0000000016e03800 Uncommon trap: reason=bimorphic action=maybe_recompile pc=0x000000000324d12c method=com.android.dx.cf.code.BytecodeArray.parseInstruction(ILcom/android/dx/cf/code/BytecodeArray$Visitor;)I @ 971
Event: 4.727 Thread 0x0000000016e03800 Uncommon trap: reason=bimorphic action=maybe_recompile pc=0x000000000324d1ac method=com.android.dx.cf.code.BytecodeArray.parseInstruction(ILcom/android/dx/cf/code/BytecodeArray$Visitor;)I @ 987
Event: 4.727 Thread 0x0000000016e03800 Uncommon trap: reason=bimorphic action=maybe_recompile pc=0x000000000324d540 method=com.android.dx.cf.code.BytecodeArray.parseInstruction(ILcom/android/dx/cf/code/BytecodeArray$Visitor;)I @ 1130
Event: 5.585 Thread 0x0000000016dbc800 Uncommon trap: reason=unstable_if action=reinterpret pc=0x00000000032d9070 method=com.android.dx.rop.code.DexTranslationAdvice.hasConstantOperation(Lcom/android/dx/rop/code/Rop;Lcom/android/dx/rop/code/RegisterSpec;Lcom/android/dx/rop/code/RegisterSpec;)Z 

Internal exceptions (5 events):
Event: 0.042 Thread 0x000000000124e000 Exception <a 'java/lang/NoSuchMethodError': Method sun.misc.Unsafe.defineClass(Ljava/lang/String;[BII)Ljava/lang/Class; name or signature does not match> (0x00000000eab07cc0) thrown at [C:\re\workspace\8-2-build-windows-amd64-cygwin\jdk8u91\7017\hotspot\srçJ2&x°•?
Event: 0.042 Thread 0x000000000124e000 Exception <a 'java/lang/NoSuchMethodError': Method sun.misc.Unsafe.prefetchRead(Ljava/lang/Object;J)V name or signature does not match> (0x00000000eab07fa8) thrown at [C:\re\workspace\8-2-build-windows-amd64-cygwin\jdk8u91\7017\hotspot\src\share\vm\prims\j) KÁLY@
Event: 3.794 Thread 0x000000000124e000 Exception <a 'java/lang/ArrayIndexOutOfBoundsException': 18> (0x00000000ebc35068) thrown at [C:\re\workspace\8-2-build-windows-amd64-cygwin\jdk8u91\7017\hotspot\src\share\vm\interpreter\interpreterRuntime.cpp, line 366]
Event: 3.798 Thread 0x000000000124e000 Exception <a 'java/lang/ArrayIndexOutOfBoundsException'> (0x00000000ebc36be8) thrown at [C:\re\workspace\8-2-build-windows-amd64-cygwin\jdk8u91\7017\hotspot\src\share\vm\runtime\sharedRuntime.cpp, line 605]
Event: 3.802 Thread 0x000000000124e000 Exception <a 'java/lang/ArrayIndexOutOfBoundsException'> (0x00000000ebc37ed0) thrown at [C:\re\workspace\8-2-build-windows-amd64-cygwin\jdk8u91\7017\hotspot\src\share\vm\runtime\sharedRuntime.cpp, line 605]

Events (10 events):
Event: 4.727 Thread 0x0000000016e03800 Uncommon trap: trap_request=0xffffffc6 fr.pc=0x000000000324d540
Event: 4.727 Thread 0x0000000016e03800 DEOPT PACKING pc=0x000000000324d540 sp=0x000000001725e410
Event: 4.727 Thread 0x0000000016e03800 DEOPT UNPACKING pc=0x0000000002b6582a sp=0x000000001725e3e8 mode 2
Event: 4.937 Thread 0x000000000124e000 DEOPT PACKING pc=0x00000000031a99a1 sp=0x000000000122eb80
Event: 4.937 Thread 0x000000000124e000 DEOPT UNPACKING pc=0x0000000002b6787f sp=0x000000000122e940 mode 0
Event: 5.585 Thread 0x0000000016dbc800 Uncommon trap: trap_request=0xffffff65 fr.pc=0x00000000032d9070
Event: 5.585 Thread 0x0000000016dbc800 DEOPT PACKING pc=0x00000000032d9070 sp=0x000000001765e090
Event: 5.585 Thread 0x0000000016dbc800 DEOPT UNPACKING pc=0x0000000002b6582a sp=0x000000001765dfc0 mode 2
Event: 5.669 Thread 0x0000000016dbb800 DEOPT PACKING pc=0x00000000031a6929 sp=0x000000001755ecc0
Event: 5.669 Thread 0x0000000016dbb800 DEOPT UNPACKING pc=0x0000000002b6787f sp=0x000000001755eac8 mode 0


Dynamic libraries:
0x00007ff711820000 - 0x00007ff711857000 	C:\Program Files\Java\jdk1.8.0_91\bin\java.exe
0x00007ffb54a20000 - 0x00007ffb54bf1000 	C:\WINDOWS\SYSTEM32\ntdll.dll
0x00007ffb51fb0000 - 0x00007ffb5205b000 	C:\WINDOWS\System32\KERNEL32.DLL
0x00007ffb51d30000 - 0x00007ffb51f4d000 	C:\WINDOWS\System32\KERNELBASE.dll
0x00007ffb52b10000 - 0x00007ffb52bb2000 	C:\WINDOWS\System32\ADVAPI32.dll
0x00007ffb54610000 - 0x00007ffb546ae000 	C:\WINDOWS\System32\msvcrt.dll
0x00007ffb54460000 - 0x00007ffb544b9000 	C:\WINDOWS\System32\sechost.dll
0x00007ffb52380000 - 0x00007ffb524a1000 	C:\WINDOWS\System32\RPCRT4.dll
0x00007ffb52d70000 - 0x00007ffb52ed5000 	C:\WINDOWS\System32\USER32.dll
0x00007ffb51000000 - 0x00007ffb5101e000 	C:\WINDOWS\System32\win32u.dll
0x00007ffb546b0000 - 0x00007ffb546e4000 	C:\WINDOWS\System32\GDI32.dll
0x00007ffb518d0000 - 0x00007ffb51a52000 	C:\WINDOWS\System32\gdi32full.dll
0x00007ffb4c200000 - 0x00007ffb4c479000 	C:\WINDOWS\WinSxS\amd64_microsoft.windows.common-controls_6595b64144ccf1df_6.0.14393.0_none_2d0f50fcbdb171b8\COMCTL32.dll
0x00007ffb546f0000 - 0x00007ffb549b7000 	C:\WINDOWS\System32\combase.dll
0x00007ffb51c30000 - 0x00007ffb51d25000 	C:\WINDOWS\System32\ucrtbase.dll
0x00007ffb51860000 - 0x00007ffb518ca000 	C:\WINDOWS\System32\bcryptPrimitives.dll
0x00007ffb521b0000 - 0x00007ffb521de000 	C:\WINDOWS\System32\IMM32.DLL
0x00007ffb50e20000 - 0x00007ffb50e51000 	C:\Windows\system32\nvinitx.dll
0x00007ffb50e10000 - 0x00007ffb50e1a000 	C:\WINDOWS\SYSTEM32\VERSION.dll
0x0000000063310000 - 0x00000000633e2000 	C:\Program Files\Java\jdk1.8.0_91\jre\bin\msvcr100.dll
0x0000000063770000 - 0x0000000064003000 	C:\Program Files\Java\jdk1.8.0_91\jre\bin\server\jvm.dll
0x00007ffb52d60000 - 0x00007ffb52d68000 	C:\WINDOWS\System32\PSAPI.DLL
0x00007ffb4b330000 - 0x00007ffb4b339000 	C:\WINDOWS\SYSTEM32\WSOCK32.dll
0x00007ffb52ee0000 - 0x00007ffb52f4a000 	C:\WINDOWS\System32\WS2_32.dll
0x00007ffb4eb70000 - 0x00007ffb4eb93000 	C:\WINDOWS\SYSTEM32\WINMM.dll
0x00007ffb4ea20000 - 0x00007ffb4ea4b000 	C:\WINDOWS\SYSTEM32\WINMMBASE.dll
0x00007ffb50fb0000 - 0x00007ffb50ff2000 	C:\WINDOWS\System32\cfgmgr32.dll
0x00000000641e0000 - 0x00000000641ef000 	C:\Program Files\Java\jdk1.8.0_91\jre\bin\verify.dll
0x0000000063740000 - 0x0000000063769000 	C:\Program Files\Java\jdk1.8.0_91\jre\bin\java.dll
0x0000000063720000 - 0x0000000063736000 	C:\Program Files\Java\jdk1.8.0_91\jre\bin\zip.dll
0x00007ffb52f50000 - 0x00007ffb54458000 	C:\WINDOWS\System32\SHELL32.dll
0x00007ffb51020000 - 0x00007ffb516fa000 	C:\WINDOWS\System32\windows.storage.dll
0x00007ffb50f40000 - 0x00007ffb50f8c000 	C:\WINDOWS\System32\powrprof.dll
0x00007ffb549c0000 - 0x00007ffb54a12000 	C:\WINDOWS\System32\shlwapi.dll
0x00007ffb50fa0000 - 0x00007ffb50faf000 	C:\WINDOWS\System32\kernel.appcore.dll
0x00007ffb51700000 - 0x00007ffb517a9000 	C:\WINDOWS\System32\shcore.dll
0x00007ffb50f20000 - 0x00007ffb50f34000 	C:\WINDOWS\System32\profapi.dll

VM Arguments:
jvm_args: -Djava.awt.headless=true -Xmx1024M -Dfile.encoding=windows-1252 -Duser.country=BR -Duser.language=pt -Duser.variant 
java_command: com.android.dx.command.Main --dex --force-jumbo --num-threads=4 --multi-dex --output C:\Users\Douglas\Desktop\AndroidStudio\AppPOO\app\build\intermediates\transforms\dex\debug\folders\1000\10\com.android.support-appcompat-v7-23.4.0_70c1ea5369273f797233c89de7d350f5e95d5fda C:\Users\Douglas\Desktop\AndroidStudio\AppPOO\app\build\intermediates\exploded-aar\com.android.support\appcompat-v7\23.4.0\jars\classes.jar
java_class_path (initial): C:\Users\Douglas\AppData\Local\Android\sdk\build-tools\24.0.1\lib\dx.jar
Launcher Type: SUN_STANDARD

Environment Variables:
PATH=C:\ProgramData\Oracle\Java\javapath;C:\Program Files (x86)\Intel\iCLS Client\;C:\Program Files\Intel\iCLS Client\;C:\WINDOWS\system32;C:\WINDOWS;C:\WINDOWS\System32\Wbem;C:\WINDOWS\System32\WindowsPowerShell\v1.0\;C:\Program Files\Intel\Intel(R) Management Engine Components\DAL;C:\Program Files\Intel\Intel(R) Management Engine Components\IPT;C:\Program Files (x86)\Intel\Intel(R) Management Engine Components\DAL;C:\Program Files (x86)\Intel\Intel(R) Management Engine Components\IPT;C:\Program Files (x86)\Windows Live\Shared;C:\Program Files (x86)\Skype\Phone\;C:\Program Files (x86)\NVIDIA Corporation\PhysX\Common;C:\WINDOWS\system32;C:\WINDOWS;C:\WINDOWS\System32\Wbem;C:\WINDOWS\System32\WindowsPowerShell\v1.0\;C:\Program Files\Microsoft SQL Server\Client SDK\ODBC\110\Tools\Binn\;C:\Program Files (x86)\Microsoft SQL Server\120\Tools\Binn\;C:\Program Files\Microsoft SQL Server\120\Tools\Binn\;C:\Program Files\Microsoft SQL Server\120\DTS\Binn\;C:\Program Files (x86)\Microsoft SQL Server\120\Tools\Binn\ManagementStudio\;C:\Program Files (x86)\Microsoft SQL Server\120\DTS\Binn\;C:\Program Files\Git\cmd;C:\Users\Douglas\AppData\Local\Microsoft\WindowsApps;
USERNAME=Douglas
OS=Windows_NT
PROCESSOR_IDENTIFIER=Intel64 Family 6 Model 58 Stepping 9, GenuineIntel



---------------  S Y S T E M  ---------------

OS: Windows 10.0 , 64 bit Build 14393 (10.0.14393.0)

CPU:total 4 (2 cores per cpu, 2 threads per core) family 6 model 58 stepping 9, cmov, cx8, fxsr, mmx, sse, sse2, sse3, ssse3, sse4.1, sse4.2, popcnt, avx, aes, clmul, erms, ht, tsc, tscinvbit, tscinv

Memory: 4k page, physical 6153312k(637860k free), swap 6153312k(5152k free)

vm_info: Java HotSpot(TM) 64-Bit Server VM (25.91-b15) for windows-amd64 JRE (1.8.0_91-b15), built on May 20 2016 17:43:15 by "java_re" with MS VC++ 10.0 (VS2010)

time: Wed Aug 31 19:07:16 2016
elapsed time: 6 seconds (0d 0h 0m 6s)

