#
# There is insufficient memory for the Java Runtime Environment to continue.
# Native memory allocation (malloc) failed to allocate 334016 bytes for Chunk::new
# Possible reasons:
#   The system is out of physical RAM or swap space
#   In 32 bit mode, the process size limit was hit
# Possible solutions:
#   Reduce memory load on the system
#   Increase physical memory or swap space
#   Check if swap backing store is full
#   Use 64 bit Java on a 64 bit OS
#   Decrease Java heap size (-Xmx/-Xms)
#   Decrease number of Java threads
#   Decrease Java thread stack sizes (-Xss)
#   Set larger code cache with -XX:ReservedCodeCacheSize=
# This output file may be truncated or incomplete.
#
#  Out of Memory Error (allocation.cpp:390), pid=9292, tid=9480
#
# JRE version: Java(TM) SE Runtime Environment (8.0_91-b15) (build 1.8.0_91-b15)
# Java VM: Java HotSpot(TM) 64-Bit Server VM (25.91-b15 mixed mode windows-amd64 compressed oops)
# Failed to write core dump. Minidumps are not enabled by default on client versions of Windows
#

---------------  T H R E A D  ---------------

Current thread (0x0000000014e3d000):  JavaThread "C2 CompilerThread0" daemon [_thread_in_native, id=9480, stack(0x00000000164a0000,0x00000000165a0000)]

Stack: [0x00000000164a0000,0x00000000165a0000]
[error occurred during error reporting (printing stack bounds), id 0xc0000005]

Native frames: (J=compiled Java code, j=interpreted, Vv=VM code, C=native code)


Current CompileTask:
C2:   2874  851   !   4       com.android.dx.rop.code.RegisterSpec::intern (70 bytes)


---------------  P R O C E S S  ---------------

Java Threads: ( => current thread )
  0x0000000016a47000 JavaThread "pool-2-thread-4" [_thread_in_Java, id=9140, stack(0x00000000179a0000,0x0000000017aa0000)]
  0x0000000016a46800 JavaThread "pool-2-thread-3" [_thread_in_vm, id=11620, stack(0x00000000178a0000,0x00000000179a0000)]
  0x0000000016a46000 JavaThread "pool-2-thread-2" [_thread_in_Java, id=10944, stack(0x00000000177a0000,0x00000000178a0000)]
  0x0000000016a74000 JavaThread "pool-3-thread-1" [_thread_blocked, id=200, stack(0x00000000176a0000,0x00000000177a0000)]
  0x0000000016a57000 JavaThread "pool-2-thread-1" [_thread_in_vm, id=7316, stack(0x00000000175a0000,0x00000000176a0000)]
  0x00000000167a5800 JavaThread "Service Thread" daemon [_thread_blocked, id=8156, stack(0x0000000016ba0000,0x0000000016ca0000)]
  0x0000000014e9b000 JavaThread "C1 CompilerThread2" daemon [_thread_blocked, id=9496, stack(0x00000000166a0000,0x00000000167a0000)]
  0x0000000014e42800 JavaThread "C2 CompilerThread1" daemon [_thread_in_native, id=1068, stack(0x00000000165a0000,0x00000000166a0000)]
=>0x0000000014e3d000 JavaThread "C2 CompilerThread0" daemon [_thread_in_native, id=9480, stack(0x00000000164a0000,0x00000000165a0000)]
  0x0000000014e3a800 JavaThread "Attach Listener" daemon [_thread_blocked, id=8448, stack(0x00000000163a0000,0x00000000164a0000)]
  0x0000000014e39800 JavaThread "Signal Dispatcher" daemon [_thread_blocked, id=6896, stack(0x00000000162a0000,0x00000000163a0000)]
  0x0000000002765000 JavaThread "Finalizer" daemon [_thread_blocked, id=364, stack(0x00000000160a0000,0x00000000161a0000)]
  0x000000000275f800 JavaThread "Reference Handler" daemon [_thread_blocked, id=7524, stack(0x0000000015fa0000,0x00000000160a0000)]
  0x0000000000a9e000 JavaThread "main" [_thread_in_vm, id=11816, stack(0x0000000002420000,0x0000000002520000)]

Other Threads:
  0x0000000014e08000 VMThread [stack: 0x0000000015ea0000,0x0000000015fa0000] [id=4912]
  0x00000000167ba800 WatcherThread [stack: 0x0000000016ca0000,0x0000000016da0000] [id=7512]

VM state:synchronizing (normal execution)

VM Mutex/Monitor currently owned by a thread:  ([mutex/lock_event])
[0x0000000000a9c970] Safepoint_lock - owner thread: 0x0000000014e08000
[0x0000000000a9cb70] Threads_lock - owner thread: 0x0000000014e08000
[0x00000000026712d0] CompiledIC_lock - owner thread: 0x0000000016a46800

Heap:
 PSYoungGen      total 28160K, used 21184K [0x00000000eab00000, 0x00000000eca00000, 0x0000000100000000)
  eden space 24576K, 86% used [0x00000000eab00000,0x00000000ebfb02d8,0x00000000ec300000)
  from space 3584K, 0% used [0x00000000ec680000,0x00000000ec680000,0x00000000eca00000)
  to   space 3584K, 0% used [0x00000000ec300000,0x00000000ec300000,0x00000000ec680000)
 ParOldGen       total 64512K, used 0K [0x00000000c0000000, 0x00000000c3f00000, 0x00000000eab00000)
  object space 64512K, 0% used [0x00000000c0000000,0x00000000c0000000,0x00000000c3f00000)
 Metaspace       used 5740K, capacity 6704K, committed 6784K, reserved 1056768K
  class space    used 594K, capacity 616K, committed 640K, reserved 1048576K

Card table byte_map: [0x0000000011b30000,0x0000000011d40000] byte_map_base: 0x0000000011530000

Marking Bits: (ParMarkBitMap*) 0x0000000063f82f70
 Begin Bits: [0x00000000122a0000, 0x00000000132a0000)
 End Bits:   [0x00000000132a0000, 0x00000000142a0000)

Polling page: 0x0000000000aa0000

CodeCache: size=245760Kb used=3307Kb max_used=3318Kb free=242452Kb
 bounds [0x0000000002770000, 0x0000000002ac0000, 0x0000000011770000]
 total_blobs=1119 nmethods=850 adapters=182
 compilation: enabled

Compilation events (10 events):
Event: 2.860 Thread 0x0000000014e42800 nmethod 859 0x0000000002a8bc10 code [0x0000000002a8bd40, 0x0000000002a8bdd8]
Event: 2.862 Thread 0x0000000014e42800  861       4       com.android.dx.ssa.NormalSsaInsn::getLocalAssignment (54 bytes)
Event: 2.863 Thread 0x0000000014e9b000 nmethod 854 0x0000000002aa7b90 code [0x0000000002aa81a0, 0x0000000002aacb38]
Event: 2.863 Thread 0x0000000014e9b000  860       1       com.android.dx.ssa.Optimizer::getPreserveLocals (4 bytes)
Event: 2.863 Thread 0x0000000014e9b000 nmethod 860 0x0000000002a977d0 code [0x0000000002a97920, 0x0000000002a97a10]
Event: 2.863 Thread 0x0000000014e9b000  853   !   3       com.android.dx.cf.code.RopperMachine::run (1550 bytes)
Event: 2.864 Thread 0x0000000014e42800 nmethod 861 0x0000000002a9cdd0 code [0x0000000002a9cf20, 0x0000000002a9d038]
Event: 2.867 Thread 0x0000000014e42800  865  s    4       java.util.Vector::elementAt (48 bytes)
Event: 2.869 Thread 0x0000000014e42800 nmethod 865 0x0000000002a9c8d0 code [0x0000000002a9ca20, 0x0000000002a9cc98]
Event: 2.870 Thread 0x0000000014e42800  866       4       java.util.HashMap::get (23 bytes)

GC Heap History (0 events):
No events

Deoptimization events (1 events):
Event: 1.234 Thread 0x0000000000a9e000 Uncommon trap: reason=unstable_if action=reinterpret pc=0x00000000028c5954 method=java.lang.String.compareTo(Ljava/lang/String;)I @ 38

Internal exceptions (2 events):
Event: 0.500 Thread 0x0000000000a9e000 Exception <a 'java/lang/NoSuchMethodError': Method sun.misc.Unsafe.defineClass(Ljava/lang/String;[BII)Ljava/lang/Class; name or signature does not match> (0x00000000eab07cc0) thrown at [C:\re\workspace\8-2-build-windows-amd64-cygwin\jdk8u91\7017\hotspot\srãÁ¸!þß?
Event: 0.500 Thread 0x0000000000a9e000 Exception <a 'java/lang/NoSuchMethodError': Method sun.misc.Unsafe.prefetchRead(Ljava/lang/Object;J)V name or signature does not match> (0x00000000eab07fa8) thrown at [C:\re\workspace\8-2-build-windows-amd64-cygwin\jdk8u91\7017\hotspot\src\share\vm\prims\j

Events (10 events):
Event: 2.240 loading class com/android/dx/dex/file/FieldAnnotationStruct
Event: 2.240 loading class com/android/dx/dex/file/FieldAnnotationStruct done
Event: 2.597 loading class com/android/dx/cf/code/BytecodeArray$ConstantParserVisitor
Event: 2.597 loading class com/android/dx/cf/code/BytecodeArray$ConstantParserVisitor done
Event: 2.644 loading class java/util/ArrayList$1
Event: 2.644 loading class java/util/ArrayList$1 done
Event: 2.651 loading class com/android/dx/cf/attrib/AttLocalVariableTypeTable
Event: 2.651 loading class com/android/dx/cf/attrib/AttLocalVariableTypeTable done
Event: 2.800 loading class com/android/dx/dex/file/MethodAnnotationStruct
Event: 2.800 loading class com/android/dx/dex/file/MethodAnnotationStruct done


Dynamic libraries:
0x00007ff711820000 - 0x00007ff711857000 	C:\Program Files\Java\jdk1.8.0_91\bin\java.exe
0x00007ffb54a20000 - 0x00007ffb54bf1000 	C:\WINDOWS\SYSTEM32\ntdll.dll
0x00007ffb51fb0000 - 0x00007ffb5205b000 	C:\WINDOWS\System32\KERNEL32.DLL
0x00007ffb51d30000 - 0x00007ffb51f4d000 	C:\WINDOWS\System32\KERNELBASE.dll
0x00007ffb52b10000 - 0x00007ffb52bb2000 	C:\WINDOWS\System32\ADVAPI32.dll
0x00007ffb54610000 - 0x00007ffb546ae000 	C:\WINDOWS\System32\msvcrt.dll
0x00007ffb54460000 - 0x00007ffb544b9000 	C:\WINDOWS\System32\sechost.dll
0x00007ffb52380000 - 0x00007ffb524a1000 	C:\WINDOWS\System32\RPCRT4.dll
0x00007ffb52d70000 - 0x00007ffb52ed5000 	C:\WINDOWS\System32\USER32.dll
0x00007ffb51000000 - 0x00007ffb5101e000 	C:\WINDOWS\System32\win32u.dll
0x00007ffb546b0000 - 0x00007ffb546e4000 	C:\WINDOWS\System32\GDI32.dll
0x00007ffb518d0000 - 0x00007ffb51a52000 	C:\WINDOWS\System32\gdi32full.dll
0x00007ffb4c200000 - 0x00007ffb4c479000 	C:\WINDOWS\WinSxS\amd64_microsoft.windows.common-controls_6595b64144ccf1df_6.0.14393.0_none_2d0f50fcbdb171b8\COMCTL32.dll
0x00007ffb546f0000 - 0x00007ffb549b7000 	C:\WINDOWS\System32\combase.dll
0x00007ffb51c30000 - 0x00007ffb51d25000 	C:\WINDOWS\System32\ucrtbase.dll
0x00007ffb51860000 - 0x00007ffb518ca000 	C:\WINDOWS\System32\bcryptPrimitives.dll
0x00007ffb521b0000 - 0x00007ffb521de000 	C:\WINDOWS\System32\IMM32.DLL
0x00007ffb50e20000 - 0x00007ffb50e51000 	C:\Windows\system32\nvinitx.dll
0x00007ffb50e10000 - 0x00007ffb50e1a000 	C:\WINDOWS\SYSTEM32\VERSION.dll
0x0000000063310000 - 0x00000000633e2000 	C:\Program Files\Java\jdk1.8.0_91\jre\bin\msvcr100.dll
0x0000000063770000 - 0x0000000064003000 	C:\Program Files\Java\jdk1.8.0_91\jre\bin\server\jvm.dll
0x00007ffb52d60000 - 0x00007ffb52d68000 	C:\WINDOWS\System32\PSAPI.DLL
0x00007ffb4b330000 - 0x00007ffb4b339000 	C:\WINDOWS\SYSTEM32\WSOCK32.dll
0x00007ffb52ee0000 - 0x00007ffb52f4a000 	C:\WINDOWS\System32\WS2_32.dll
0x00007ffb4eb70000 - 0x00007ffb4eb93000 	C:\WINDOWS\SYSTEM32\WINMM.dll
0x00007ffb4ea20000 - 0x00007ffb4ea4b000 	C:\WINDOWS\SYSTEM32\WINMMBASE.dll
0x00007ffb50fb0000 - 0x00007ffb50ff2000 	C:\WINDOWS\System32\cfgmgr32.dll
0x00000000641e0000 - 0x00000000641ef000 	C:\Program Files\Java\jdk1.8.0_91\jre\bin\verify.dll
0x0000000063740000 - 0x0000000063769000 	C:\Program Files\Java\jdk1.8.0_91\jre\bin\java.dll
0x0000000063720000 - 0x0000000063736000 	C:\Program Files\Java\jdk1.8.0_91\jre\bin\zip.dll
0x00007ffb52f50000 - 0x00007ffb54458000 	C:\WINDOWS\System32\SHELL32.dll
0x00007ffb51020000 - 0x00007ffb516fa000 	C:\WINDOWS\System32\windows.storage.dll
0x00007ffb50f40000 - 0x00007ffb50f8c000 	C:\WINDOWS\System32\powrprof.dll
0x00007ffb549c0000 - 0x00007ffb54a12000 	C:\WINDOWS\System32\shlwapi.dll
0x00007ffb50fa0000 - 0x00007ffb50faf000 	C:\WINDOWS\System32\kernel.appcore.dll
0x00007ffb51700000 - 0x00007ffb517a9000 	C:\WINDOWS\System32\shcore.dll
0x00007ffb50f20000 - 0x00007ffb50f34000 	C:\WINDOWS\System32\profapi.dll

VM Arguments:
jvm_args: -Djava.awt.headless=true -Xmx1024M -Dfile.encoding=windows-1252 -Duser.country=BR -Duser.language=pt -Duser.variant 
java_command: com.android.dx.command.Main --dex --force-jumbo --num-threads=4 --multi-dex --output C:\Users\Douglas\Desktop\AndroidStudio\AppPOO\app\build\intermediates\transforms\dex\debug\folders\1000\10\internal_impl-23.4.0_a8df0897c9767d09df5f078ed318edc758e8b7de C:\Users\Douglas\Desktop\AndroidStudio\AppPOO\app\build\intermediates\exploded-aar\com.android.support\support-v4\23.4.0\jars\libs\internal_impl-23.4.0.jar
java_class_path (initial): C:\Users\Douglas\AppData\Local\Android\sdk\build-tools\24.0.1\lib\dx.jar
Launcher Type: SUN_STANDARD

Environment Variables:
PATH=C:\ProgramData\Oracle\Java\javapath;C:\Program Files (x86)\Intel\iCLS Client\;C:\Program Files\Intel\iCLS Client\;C:\WINDOWS\system32;C:\WINDOWS;C:\WINDOWS\System32\Wbem;C:\WINDOWS\System32\WindowsPowerShell\v1.0\;C:\Program Files\Intel\Intel(R) Management Engine Components\DAL;C:\Program Files\Intel\Intel(R) Management Engine Components\IPT;C:\Program Files (x86)\Intel\Intel(R) Management Engine Components\DAL;C:\Program Files (x86)\Intel\Intel(R) Management Engine Components\IPT;C:\Program Files (x86)\Windows Live\Shared;C:\Program Files (x86)\Skype\Phone\;C:\Program Files (x86)\NVIDIA Corporation\PhysX\Common;C:\WINDOWS\system32;C:\WINDOWS;C:\WINDOWS\System32\Wbem;C:\WINDOWS\System32\WindowsPowerShell\v1.0\;C:\Program Files\Microsoft SQL Server\Client SDK\ODBC\110\Tools\Binn\;C:\Program Files (x86)\Microsoft SQL Server\120\Tools\Binn\;C:\Program Files\Microsoft SQL Server\120\Tools\Binn\;C:\Program Files\Microsoft SQL Server\120\DTS\Binn\;C:\Program Files (x86)\Microsoft SQL Server\120\Tools\Binn\ManagementStudio\;C:\Program Files (x86)\Microsoft SQL Server\120\DTS\Binn\;C:\Program Files\Git\cmd;C:\Users\Douglas\AppData\Local\Microsoft\WindowsApps;
USERNAME=Douglas
OS=Windows_NT
PROCESSOR_IDENTIFIER=Intel64 Family 6 Model 58 Stepping 9, GenuineIntel



---------------  S Y S T E M  ---------------

OS: Windows 10.0 , 64 bit Build 14393 (10.0.14393.0)

CPU:total 4 (2 cores per cpu, 2 threads per core) family 6 model 58 stepping 9, cmov, cx8, fxsr, mmx, sse, sse2, sse3, ssse3, sse4.1, sse4.2, popcnt, avx, aes, clmul, erms, ht, tsc, tscinvbit, tscinv

Memory: 4k page, physical 6153312k(873036k free), swap 6153312k(5248k free)

vm_info: Java HotSpot(TM) 64-Bit Server VM (25.91-b15) for windows-amd64 JRE (1.8.0_91-b15), built on May 20 2016 17:43:15 by "java_re" with MS VC++ 10.0 (VS2010)

time: Wed Aug 31 19:35:04 2016
elapsed time: 2 seconds (0d 0h 0m 2s)

