#
# There is insufficient memory for the Java Runtime Environment to continue.
# Native memory allocation (malloc) failed to allocate 141616 bytes for Chunk::new
# Possible reasons:
#   The system is out of physical RAM or swap space
#   In 32 bit mode, the process size limit was hit
# Possible solutions:
#   Reduce memory load on the system
#   Increase physical memory or swap space
#   Check if swap backing store is full
#   Use 64 bit Java on a 64 bit OS
#   Decrease Java heap size (-Xmx/-Xms)
#   Decrease number of Java threads
#   Decrease Java thread stack sizes (-Xss)
#   Set larger code cache with -XX:ReservedCodeCacheSize=
# This output file may be truncated or incomplete.
#
#  Out of Memory Error (allocation.cpp:390), pid=12612, tid=7284
#
# JRE version: Java(TM) SE Runtime Environment (8.0_91-b15) (build 1.8.0_91-b15)
# Java VM: Java HotSpot(TM) 64-Bit Server VM (25.91-b15 mixed mode windows-amd64 compressed oops)
# Failed to write core dump. Minidumps are not enabled by default on client versions of Windows
#

---------------  T H R E A D  ---------------

Current thread (0x0000000014a7b800):  JavaThread "C2 CompilerThread1" daemon [_thread_in_native, id=7284, stack(0x0000000016170000,0x0000000016270000)]

Stack: [0x0000000016170000,0x0000000016270000]
[error occurred during error reporting (printing stack bounds), id 0xc0000005]

Native frames: (J=compiled Java code, j=interpreted, Vv=VM code, C=native code)


Current CompileTask:
C2:   5419 1345       4       com.android.dx.ssa.SsaRenamer$BlockRenamer::processResultReg (56 bytes)


---------------  P R O C E S S  ---------------

Java Threads: ( => current thread )
  0x0000000016612000 JavaThread "pool-2-thread-4" [_thread_blocked, id=6600, stack(0x0000000016d70000,0x0000000016e70000)]
  0x0000000016611800 JavaThread "pool-2-thread-3" [_thread_blocked, id=232, stack(0x0000000016c70000,0x0000000016d70000)]
  0x0000000016610800 JavaThread "pool-2-thread-2" [_thread_blocked, id=12760, stack(0x0000000016b70000,0x0000000016c70000)]
  0x0000000016679800 JavaThread "pool-3-thread-1" [_thread_blocked, id=11092, stack(0x0000000016a70000,0x0000000016b70000)]
  0x0000000016678800 JavaThread "pool-2-thread-1" [_thread_blocked, id=12728, stack(0x0000000016970000,0x0000000016a70000)]
  0x0000000016372000 JavaThread "Service Thread" daemon [_thread_blocked, id=10028, stack(0x0000000016770000,0x0000000016870000)]
  0x0000000014a7e800 JavaThread "C1 CompilerThread2" daemon [_thread_blocked, id=1064, stack(0x0000000016270000,0x0000000016370000)]
=>0x0000000014a7b800 JavaThread "C2 CompilerThread1" daemon [_thread_in_native, id=7284, stack(0x0000000016170000,0x0000000016270000)]
  0x0000000014a1d800 JavaThread "C2 CompilerThread0" daemon [_thread_in_native, id=13208, stack(0x0000000016070000,0x0000000016170000)]
  0x0000000014a1b000 JavaThread "Attach Listener" daemon [_thread_blocked, id=3536, stack(0x0000000015f70000,0x0000000016070000)]
  0x0000000014a19800 JavaThread "Signal Dispatcher" daemon [_thread_blocked, id=9712, stack(0x0000000015e70000,0x0000000015f70000)]
  0x0000000002345000 JavaThread "Finalizer" daemon [_thread_blocked, id=6736, stack(0x0000000015c70000,0x0000000015d70000)]
  0x000000000233f800 JavaThread "Reference Handler" daemon [_thread_blocked, id=6016, stack(0x0000000015b70000,0x0000000015c70000)]
  0x000000000213e000 JavaThread "main" [_thread_blocked, id=8920, stack(0x0000000002150000,0x0000000002250000)]

Other Threads:
  0x00000000149e8000 VMThread [stack: 0x0000000015a70000,0x0000000015b70000] [id=6100]
  0x000000001637a000 WatcherThread [stack: 0x0000000016870000,0x0000000016970000] [id=1592]

VM state:at safepoint (normal execution)

VM Mutex/Monitor currently owned by a thread:  ([mutex/lock_event])
[0x000000000213c610] Threads_lock - owner thread: 0x00000000149e8000
[0x000000000213d010] Heap_lock - owner thread: 0x0000000016610800

Heap:
 PSYoungGen      total 28160K, used 28144K [0x00000000eab00000, 0x00000000eca00000, 0x0000000100000000)
  eden space 24576K, 100% used [0x00000000eab00000,0x00000000ec300000,0x00000000ec300000)
  from space 3584K, 99% used [0x00000000ec300000,0x00000000ec67c068,0x00000000ec680000)
  to   space 3584K, 99% used [0x00000000ec680000,0x00000000ec9feaa8,0x00000000eca00000)
 ParOldGen       total 64512K, used 1921K [0x00000000c0000000, 0x00000000c3f00000, 0x00000000eab00000)
  object space 64512K, 2% used [0x00000000c0000000,0x00000000c01e25c0,0x00000000c3f00000)
 Metaspace       used 6136K, capacity 7026K, committed 7296K, reserved 1058816K
  class space    used 602K, capacity 618K, committed 640K, reserved 1048576K

Card table byte_map: [0x0000000011710000,0x0000000011920000] byte_map_base: 0x0000000011110000

Marking Bits: (ParMarkBitMap*) 0x0000000063f82f70
 Begin Bits: [0x0000000011e80000, 0x0000000012e80000)
 End Bits:   [0x0000000012e80000, 0x0000000013e80000)

Polling page: 0x00000000020d0000

CodeCache: size=245760Kb used=5642Kb max_used=5642Kb free=240117Kb
 bounds [0x0000000002350000, 0x00000000028e0000, 0x0000000011350000]
 total_blobs=1677 nmethods=1408 adapters=182
 compilation: enabled

Compilation events (10 events):
Event: 5.350 Thread 0x0000000014a7e800 1350       3       com.android.dx.cf.code.OneLocalsArray::set (10 bytes)
Event: 5.351 Thread 0x0000000014a7e800 nmethod 1350 0x00000000028998d0 code [0x0000000002899a40, 0x0000000002899c88]
Event: 5.352 Thread 0x0000000014a1d800 nmethod 1328 0x00000000028acb50 code [0x00000000028ace00, 0x00000000028ae458]
Event: 5.352 Thread 0x0000000014a1d800 1339       4       com.android.dx.ssa.SsaRenamer$BlockRenamer::visitNonMoveInsn (14 bytes)
Event: 5.356 Thread 0x0000000014a7e800 1351       3       com.android.dx.rop.code.RegisterSpec::getFrameType (10 bytes)
Event: 5.356 Thread 0x0000000014a7e800 nmethod 1351 0x0000000002897b50 code [0x0000000002897cc0, 0x0000000002897ee8]
Event: 5.357 Thread 0x0000000014a7e800 1352       3       com.android.dx.cf.code.OneLocalsArray::merge (22 bytes)
Event: 5.357 Thread 0x0000000014a7e800 nmethod 1352 0x00000000028aaf50 code [0x00000000028ab120, 0x00000000028ab858]
Event: 5.357 Thread 0x0000000014a7e800 1353       3       com.android.dx.util.IntList::equals (82 bytes)
Event: 5.358 Thread 0x0000000014a7e800 nmethod 1353 0x00000000028aa610 code [0x00000000028aa7a0, 0x00000000028aad50]

GC Heap History (2 events):
Event: 4.219 GC heap before
{Heap before GC invocations=1 (full 0):
 PSYoungGen      total 28160K, used 24576K [0x00000000eab00000, 0x00000000eca00000, 0x0000000100000000)
  eden space 24576K, 100% used [0x00000000eab00000,0x00000000ec300000,0x00000000ec300000)
  from space 3584K, 0% used [0x00000000ec680000,0x00000000ec680000,0x00000000eca00000)
  to   space 3584K, 0% used [0x00000000ec300000,0x00000000ec300000,0x00000000ec680000)
 ParOldGen       total 64512K, used 0K [0x00000000c0000000, 0x00000000c3f00000, 0x00000000eab00000)
  object space 64512K, 0% used [0x00000000c0000000,0x00000000c0000000,0x00000000c3f00000)
 Metaspace       used 5895K, capacity 6834K, committed 7040K, reserved 1056768K
  class space    used 597K, capacity 618K, committed 640K, reserved 1048576K
Event: 4.636 GC heap after
Heap after GC invocations=1 (full 0):
 PSYoungGen      total 28160K, used 3568K [0x00000000eab00000, 0x00000000eca00000, 0x0000000100000000)
  eden space 24576K, 0% used [0x00000000eab00000,0x00000000eab00000,0x00000000ec300000)
  from space 3584K, 99% used [0x00000000ec300000,0x00000000ec67c068,0x00000000ec680000)
  to   space 3584K, 0% used [0x00000000ec680000,0x00000000ec680000,0x00000000eca00000)
 ParOldGen       total 64512K, used 1089K [0x00000000c0000000, 0x00000000c3f00000, 0x00000000eab00000)
  object space 64512K, 1% used [0x00000000c0000000,0x00000000c01105c0,0x00000000c3f00000)
 Metaspace       used 5895K, capacity 6834K, committed 7040K, reserved 1056768K
  class space    used 597K, capacity 618K, committed 640K, reserved 1048576K
}

Deoptimization events (0 events):
No events

Internal exceptions (2 events):
Event: 0.095 Thread 0x000000000213e000 Exception <a 'java/lang/NoSuchMethodError': Method sun.misc.Unsafe.defineClass(Ljava/lang/String;[BII)Ljava/lang/Class; name or signature does not match> (0x00000000eab07cc0) thrown at [C:\re\workspace\8-2-build-windows-amd64-cygwin\jdk8u91\7017\hotspot\sr‰o‹¯·H∏?
Event: 0.095 Thread 0x000000000213e000 Exception <a 'java/lang/NoSuchMethodError': Method sun.misc.Unsafe.prefetchRead(Ljava/lang/Object;J)V name or signature does not match> (0x00000000eab07fa8) thrown at [C:\re\workspace\8-2-build-windows-amd64-cygwin\jdk8u91\7017\hotspot\src\share\vm\prims\j

Events (10 events):
Event: 3.871 loading class java/util/DualPivotQuicksort
Event: 3.871 loading class java/util/DualPivotQuicksort done
Event: 3.915 loading class java/util/TreeMap$EntrySet
Event: 3.915 loading class java/util/TreeMap$EntrySet done
Event: 3.915 loading class java/util/TreeMap$EntryIterator
Event: 3.915 loading class java/util/TreeMap$EntryIterator done
Event: 3.915 Executing VM operation: Deoptimize
Event: 3.916 Executing VM operation: Deoptimize done
Event: 4.068 Executing VM operation: ParallelGCFailedAllocation
Event: 4.636 Executing VM operation: ParallelGCFailedAllocation done


Dynamic libraries:
0x00007ff711820000 - 0x00007ff711857000 	C:\Program Files\Java\jdk1.8.0_91\bin\java.exe
0x00007ffb54a20000 - 0x00007ffb54bf1000 	C:\WINDOWS\SYSTEM32\ntdll.dll
0x00007ffb51fb0000 - 0x00007ffb5205b000 	C:\WINDOWS\System32\KERNEL32.DLL
0x00007ffb51d30000 - 0x00007ffb51f4d000 	C:\WINDOWS\System32\KERNELBASE.dll
0x00007ffb52b10000 - 0x00007ffb52bb2000 	C:\WINDOWS\System32\ADVAPI32.dll
0x00007ffb54610000 - 0x00007ffb546ae000 	C:\WINDOWS\System32\msvcrt.dll
0x00007ffb54460000 - 0x00007ffb544b9000 	C:\WINDOWS\System32\sechost.dll
0x00007ffb52380000 - 0x00007ffb524a1000 	C:\WINDOWS\System32\RPCRT4.dll
0x00007ffb52d70000 - 0x00007ffb52ed5000 	C:\WINDOWS\System32\USER32.dll
0x00007ffb51000000 - 0x00007ffb5101e000 	C:\WINDOWS\System32\win32u.dll
0x00007ffb546b0000 - 0x00007ffb546e4000 	C:\WINDOWS\System32\GDI32.dll
0x00007ffb518d0000 - 0x00007ffb51a52000 	C:\WINDOWS\System32\gdi32full.dll
0x00007ffb4c200000 - 0x00007ffb4c479000 	C:\WINDOWS\WinSxS\amd64_microsoft.windows.common-controls_6595b64144ccf1df_6.0.14393.0_none_2d0f50fcbdb171b8\COMCTL32.dll
0x00007ffb546f0000 - 0x00007ffb549b7000 	C:\WINDOWS\System32\combase.dll
0x00007ffb51c30000 - 0x00007ffb51d25000 	C:\WINDOWS\System32\ucrtbase.dll
0x00007ffb51860000 - 0x00007ffb518ca000 	C:\WINDOWS\System32\bcryptPrimitives.dll
0x00007ffb521b0000 - 0x00007ffb521de000 	C:\WINDOWS\System32\IMM32.DLL
0x00007ffb50e20000 - 0x00007ffb50e51000 	C:\Windows\system32\nvinitx.dll
0x00007ffb50e10000 - 0x00007ffb50e1a000 	C:\WINDOWS\SYSTEM32\VERSION.dll
0x0000000063310000 - 0x00000000633e2000 	C:\Program Files\Java\jdk1.8.0_91\jre\bin\msvcr100.dll
0x0000000063770000 - 0x0000000064003000 	C:\Program Files\Java\jdk1.8.0_91\jre\bin\server\jvm.dll
0x00007ffb52d60000 - 0x00007ffb52d68000 	C:\WINDOWS\System32\PSAPI.DLL
0x00007ffb4b330000 - 0x00007ffb4b339000 	C:\WINDOWS\SYSTEM32\WSOCK32.dll
0x00007ffb52ee0000 - 0x00007ffb52f4a000 	C:\WINDOWS\System32\WS2_32.dll
0x00007ffb4eb70000 - 0x00007ffb4eb93000 	C:\WINDOWS\SYSTEM32\WINMM.dll
0x00007ffb4ea20000 - 0x00007ffb4ea4b000 	C:\WINDOWS\SYSTEM32\WINMMBASE.dll
0x00007ffb50fb0000 - 0x00007ffb50ff2000 	C:\WINDOWS\System32\cfgmgr32.dll
0x00000000641e0000 - 0x00000000641ef000 	C:\Program Files\Java\jdk1.8.0_91\jre\bin\verify.dll
0x0000000063740000 - 0x0000000063769000 	C:\Program Files\Java\jdk1.8.0_91\jre\bin\java.dll
0x0000000063720000 - 0x0000000063736000 	C:\Program Files\Java\jdk1.8.0_91\jre\bin\zip.dll
0x00007ffb52f50000 - 0x00007ffb54458000 	C:\WINDOWS\System32\SHELL32.dll
0x00007ffb51020000 - 0x00007ffb516fa000 	C:\WINDOWS\System32\windows.storage.dll
0x00007ffb50f40000 - 0x00007ffb50f8c000 	C:\WINDOWS\System32\powrprof.dll
0x00007ffb549c0000 - 0x00007ffb54a12000 	C:\WINDOWS\System32\shlwapi.dll
0x00007ffb50fa0000 - 0x00007ffb50faf000 	C:\WINDOWS\System32\kernel.appcore.dll
0x00007ffb51700000 - 0x00007ffb517a9000 	C:\WINDOWS\System32\shcore.dll
0x00007ffb50f20000 - 0x00007ffb50f34000 	C:\WINDOWS\System32\profapi.dll

VM Arguments:
jvm_args: -Djava.awt.headless=true -Xmx1024M -Dfile.encoding=windows-1252 -Duser.country=BR -Duser.language=pt -Duser.variant 
java_command: com.android.dx.command.Main --dex --force-jumbo --num-threads=4 --multi-dex --output C:\Users\Douglas\Desktop\AndroidStudio\AppPOO\app\build\intermediates\transforms\dex\debug\folders\1000\10\internal_impl-23.4.0_a8df0897c9767d09df5f078ed318edc758e8b7de C:\Users\Douglas\Desktop\AndroidStudio\AppPOO\app\build\intermediates\exploded-aar\com.android.support\support-v4\23.4.0\jars\libs\internal_impl-23.4.0.jar
java_class_path (initial): C:\Users\Douglas\AppData\Local\Android\sdk\build-tools\24.0.1\lib\dx.jar
Launcher Type: SUN_STANDARD

Environment Variables:
PATH=C:\ProgramData\Oracle\Java\javapath;C:\Program Files (x86)\Intel\iCLS Client\;C:\Program Files\Intel\iCLS Client\;C:\WINDOWS\system32;C:\WINDOWS;C:\WINDOWS\System32\Wbem;C:\WINDOWS\System32\WindowsPowerShell\v1.0\;C:\Program Files\Intel\Intel(R) Management Engine Components\DAL;C:\Program Files\Intel\Intel(R) Management Engine Components\IPT;C:\Program Files (x86)\Intel\Intel(R) Management Engine Components\DAL;C:\Program Files (x86)\Intel\Intel(R) Management Engine Components\IPT;C:\Program Files (x86)\Windows Live\Shared;C:\Program Files (x86)\Skype\Phone\;C:\Program Files (x86)\NVIDIA Corporation\PhysX\Common;C:\WINDOWS\system32;C:\WINDOWS;C:\WINDOWS\System32\Wbem;C:\WINDOWS\System32\WindowsPowerShell\v1.0\;C:\Program Files\Microsoft SQL Server\Client SDK\ODBC\110\Tools\Binn\;C:\Program Files (x86)\Microsoft SQL Server\120\Tools\Binn\;C:\Program Files\Microsoft SQL Server\120\Tools\Binn\;C:\Program Files\Microsoft SQL Server\120\DTS\Binn\;C:\Program Files (x86)\Microsoft SQL Server\120\Tools\Binn\ManagementStudio\;C:\Program Files (x86)\Microsoft SQL Server\120\DTS\Binn\;C:\Program Files\Git\cmd;C:\Users\Douglas\AppData\Local\Microsoft\WindowsApps;
USERNAME=Douglas
OS=Windows_NT
PROCESSOR_IDENTIFIER=Intel64 Family 6 Model 58 Stepping 9, GenuineIntel



---------------  S Y S T E M  ---------------

OS: Windows 10.0 , 64 bit Build 14393 (10.0.14393.0)

CPU:total 4 (2 cores per cpu, 2 threads per core) family 6 model 58 stepping 9, cmov, cx8, fxsr, mmx, sse, sse2, sse3, ssse3, sse4.1, sse4.2, popcnt, avx, aes, clmul, erms, ht, tsc, tscinvbit, tscinv

Memory: 4k page, physical 6153312k(638240k free), swap 6153312k(4664k free)

vm_info: Java HotSpot(TM) 64-Bit Server VM (25.91-b15) for windows-amd64 JRE (1.8.0_91-b15), built on May 20 2016 17:43:15 by "java_re" with MS VC++ 10.0 (VS2010)

time: Wed Aug 31 19:07:16 2016
elapsed time: 5 seconds (0d 0h 0m 5s)

