#
# There is insufficient memory for the Java Runtime Environment to continue.
# Native memory allocation (malloc) failed to allocate 379296 bytes for Chunk::new
# Possible reasons:
#   The system is out of physical RAM or swap space
#   In 32 bit mode, the process size limit was hit
# Possible solutions:
#   Reduce memory load on the system
#   Increase physical memory or swap space
#   Check if swap backing store is full
#   Use 64 bit Java on a 64 bit OS
#   Decrease Java heap size (-Xmx/-Xms)
#   Decrease number of Java threads
#   Decrease Java thread stack sizes (-Xss)
#   Set larger code cache with -XX:ReservedCodeCacheSize=
# This output file may be truncated or incomplete.
#
#  Out of Memory Error (allocation.cpp:390), pid=6896, tid=13188
#
# JRE version: Java(TM) SE Runtime Environment (8.0_91-b15) (build 1.8.0_91-b15)
# Java VM: Java HotSpot(TM) 64-Bit Server VM (25.91-b15 mixed mode windows-amd64 compressed oops)
# Failed to write core dump. Minidumps are not enabled by default on client versions of Windows
#

---------------  T H R E A D  ---------------

Current thread (0x0000000014ecd000):  JavaThread "C2 CompilerThread0" daemon [_thread_in_native, id=13188, stack(0x0000000016520000,0x0000000016620000)]

Stack: [0x0000000016520000,0x0000000016620000]
[error occurred during error reporting (printing stack bounds), id 0xc0000005]

Native frames: (J=compiled Java code, j=interpreted, Vv=VM code, C=native code)


Current CompileTask:
C2:   8892 1828       4       com.android.dx.dex.code.RopTranslator::outputBlock (202 bytes)


---------------  P R O C E S S  ---------------

Java Threads: ( => current thread )
  0x0000000016a47800 JavaThread "pool-2-thread-4" [_thread_blocked, id=1012, stack(0x0000000017220000,0x0000000017320000)]
  0x00000000169fe800 JavaThread "pool-2-thread-3" [_thread_blocked, id=904, stack(0x0000000017120000,0x0000000017220000)]
  0x00000000169fd800 JavaThread "pool-2-thread-2" [_thread_blocked, id=8468, stack(0x0000000017020000,0x0000000017120000)]
  0x000000001697a000 JavaThread "pool-3-thread-1" [_thread_blocked, id=7704, stack(0x0000000016f20000,0x0000000017020000)]
  0x0000000016975000 JavaThread "pool-2-thread-1" [_thread_blocked, id=11072, stack(0x0000000016e20000,0x0000000016f20000)]
  0x0000000016725800 JavaThread "Service Thread" daemon [_thread_blocked, id=8824, stack(0x0000000016c20000,0x0000000016d20000)]
  0x0000000014f2e800 JavaThread "C1 CompilerThread2" daemon [_thread_blocked, id=5484, stack(0x0000000016b20000,0x0000000016c20000)]
  0x0000000014ed2800 JavaThread "C2 CompilerThread1" daemon [_thread_in_native, id=12676, stack(0x0000000016620000,0x0000000016720000)]
=>0x0000000014ecd000 JavaThread "C2 CompilerThread0" daemon [_thread_in_native, id=13188, stack(0x0000000016520000,0x0000000016620000)]
  0x0000000014eca800 JavaThread "Attach Listener" daemon [_thread_blocked, id=5948, stack(0x0000000016420000,0x0000000016520000)]
  0x0000000014ec9000 JavaThread "Signal Dispatcher" daemon [_thread_blocked, id=4820, stack(0x0000000016320000,0x0000000016420000)]
  0x0000000014eba000 JavaThread "Finalizer" daemon [_thread_blocked, id=12408, stack(0x0000000016120000,0x0000000016220000)]
  0x0000000014e99000 JavaThread "Reference Handler" daemon [_thread_blocked, id=5152, stack(0x0000000016020000,0x0000000016120000)]
  0x000000000099e000 JavaThread "main" [_thread_blocked, id=5552, stack(0x00000000025e0000,0x00000000026e0000)]

Other Threads:
  0x0000000014e97000 VMThread [stack: 0x0000000015f20000,0x0000000016020000] [id=11596]
  0x0000000016753000 WatcherThread [stack: 0x0000000016d20000,0x0000000016e20000] [id=10464]

VM state:not at safepoint (normal execution)

VM Mutex/Monitor currently owned by a thread: None

Heap:
 PSYoungGen      total 52736K, used 23358K [0x00000000eab00000, 0x00000000ee200000, 0x0000000100000000)
  eden space 49152K, 40% used [0x00000000eab00000,0x00000000ebe53b20,0x00000000edb00000)
  from space 3584K, 99% used [0x00000000edb00000,0x00000000ede7c010,0x00000000ede80000)
  to   space 3584K, 0% used [0x00000000ede80000,0x00000000ede80000,0x00000000ee200000)
 ParOldGen       total 64512K, used 11591K [0x00000000c0000000, 0x00000000c3f00000, 0x00000000eab00000)
  object space 64512K, 17% used [0x00000000c0000000,0x00000000c0b51d70,0x00000000c3f00000)
 Metaspace       used 6335K, capacity 7154K, committed 7296K, reserved 1056768K
  class space    used 604K, capacity 618K, committed 640K, reserved 1048576K

Card table byte_map: [0x0000000011bc0000,0x0000000011dd0000] byte_map_base: 0x00000000115c0000

Marking Bits: (ParMarkBitMap*) 0x0000000063f82f70
 Begin Bits: [0x0000000012330000, 0x0000000013330000)
 End Bits:   [0x0000000013330000, 0x0000000014330000)

Polling page: 0x0000000000940000

CodeCache: size=245760Kb used=8123Kb max_used=8123Kb free=237636Kb
 bounds [0x0000000002800000, 0x0000000003000000, 0x0000000011800000]
 total_blobs=2090 nmethods=1820 adapters=182
 compilation: enabled

Compilation events (10 events):
Event: 8.809 Thread 0x0000000014f2e800 1836       3       java.util.concurrent.FutureTask::get (23 bytes)
Event: 8.809 Thread 0x0000000014f2e800 nmethod 1836 0x0000000002fbbb50 code [0x0000000002fbbcc0, 0x0000000002fbbed8]
Event: 8.809 Thread 0x0000000014f2e800 1837       3       com.android.dx.command.dexer.Main::access$2800 (5 bytes)
Event: 8.810 Thread 0x0000000014f2e800 nmethod 1837 0x0000000002fb9a10 code [0x0000000002fb9ba0, 0x0000000002fba0a8]
Event: 8.810 Thread 0x0000000014f2e800 1839       3       com.android.dx.command.dexer.Main::access$2900 (5 bytes)
Event: 8.810 Thread 0x0000000014f2e800 nmethod 1839 0x0000000002f5e090 code [0x0000000002f5e1e0, 0x0000000002f5e390]
Event: 8.810 Thread 0x0000000014f2e800 1840   !   3       java.util.concurrent.LinkedBlockingQueue::take (93 bytes)
Event: 8.812 Thread 0x0000000014f2e800 nmethod 1840 0x0000000002fc6850 code [0x0000000002fc6b40, 0x0000000002fc81d8]
Event: 8.813 Thread 0x0000000014f2e800 1842       3       com.android.dx.cf.code.BaseMachine::popArgs (137 bytes)
Event: 8.815 Thread 0x0000000014f2e800 nmethod 1842 0x0000000002fc9010 code [0x0000000002fc9380, 0x0000000002fcad88]

GC Heap History (6 events):
Event: 2.677 GC heap before
{Heap before GC invocations=1 (full 0):
 PSYoungGen      total 28160K, used 24576K [0x00000000eab00000, 0x00000000eca00000, 0x0000000100000000)
  eden space 24576K, 100% used [0x00000000eab00000,0x00000000ec300000,0x00000000ec300000)
  from space 3584K, 0% used [0x00000000ec680000,0x00000000ec680000,0x00000000eca00000)
  to   space 3584K, 0% used [0x00000000ec300000,0x00000000ec300000,0x00000000ec680000)
 ParOldGen       total 64512K, used 0K [0x00000000c0000000, 0x00000000c3f00000, 0x00000000eab00000)
  object space 64512K, 0% used [0x00000000c0000000,0x00000000c0000000,0x00000000c3f00000)
 Metaspace       used 5901K, capacity 6834K, committed 7040K, reserved 1056768K
  class space    used 597K, capacity 618K, committed 640K, reserved 1048576K
Event: 3.109 GC heap after
Heap after GC invocations=1 (full 0):
 PSYoungGen      total 28160K, used 3568K [0x00000000eab00000, 0x00000000ee200000, 0x0000000100000000)
  eden space 24576K, 0% used [0x00000000eab00000,0x00000000eab00000,0x00000000ec300000)
  from space 3584K, 99% used [0x00000000ec300000,0x00000000ec67c068,0x00000000ec680000)
  to   space 3584K, 0% used [0x00000000ede80000,0x00000000ede80000,0x00000000ee200000)
 ParOldGen       total 64512K, used 1007K [0x00000000c0000000, 0x00000000c3f00000, 0x00000000eab00000)
  object space 64512K, 1% used [0x00000000c0000000,0x00000000c00fbd30,0x00000000c3f00000)
 Metaspace       used 5901K, capacity 6834K, committed 7040K, reserved 1056768K
  class space    used 597K, capacity 618K, committed 640K, reserved 1048576K
}
Event: 4.213 GC heap before
{Heap before GC invocations=2 (full 0):
 PSYoungGen      total 28160K, used 28144K [0x00000000eab00000, 0x00000000ee200000, 0x0000000100000000)
  eden space 24576K, 100% used [0x00000000eab00000,0x00000000ec300000,0x00000000ec300000)
  from space 3584K, 99% used [0x00000000ec300000,0x00000000ec67c068,0x00000000ec680000)
  to   space 3584K, 0% used [0x00000000ede80000,0x00000000ede80000,0x00000000ee200000)
 ParOldGen       total 64512K, used 1007K [0x00000000c0000000, 0x00000000c3f00000, 0x00000000eab00000)
  object space 64512K, 1% used [0x00000000c0000000,0x00000000c00fbd30,0x00000000c3f00000)
 Metaspace       used 6140K, capacity 7026K, committed 7296K, reserved 1056768K
  class space    used 602K, capacity 618K, committed 640K, reserved 1048576K
Event: 4.367 GC heap after
Heap after GC invocations=2 (full 0):
 PSYoungGen      total 52736K, used 3578K [0x00000000eab00000, 0x00000000ee200000, 0x0000000100000000)
  eden space 49152K, 0% used [0x00000000eab00000,0x00000000eab00000,0x00000000edb00000)
  from space 3584K, 99% used [0x00000000ede80000,0x00000000ee1fea90,0x00000000ee200000)
  to   space 3584K, 0% used [0x00000000edb00000,0x00000000edb00000,0x00000000ede80000)
 ParOldGen       total 64512K, used 3862K [0x00000000c0000000, 0x00000000c3f00000, 0x00000000eab00000)
  object space 64512K, 5% used [0x00000000c0000000,0x00000000c03c5ba0,0x00000000c3f00000)
 Metaspace       used 6140K, capacity 7026K, committed 7296K, reserved 1056768K
  class space    used 602K, capacity 618K, committed 640K, reserved 1048576K
}
Event: 8.235 GC heap before
{Heap before GC invocations=3 (full 0):
 PSYoungGen      total 52736K, used 52730K [0x00000000eab00000, 0x00000000ee200000, 0x0000000100000000)
  eden space 49152K, 100% used [0x00000000eab00000,0x00000000edb00000,0x00000000edb00000)
  from space 3584K, 99% used [0x00000000ede80000,0x00000000ee1fea90,0x00000000ee200000)
  to   space 3584K, 0% used [0x00000000edb00000,0x00000000edb00000,0x00000000ede80000)
 ParOldGen       total 64512K, used 3862K [0x00000000c0000000, 0x00000000c3f00000, 0x00000000eab00000)
  object space 64512K, 5% used [0x00000000c0000000,0x00000000c03c5ba0,0x00000000c3f00000)
 Metaspace       used 6316K, capacity 7154K, committed 7296K, reserved 1056768K
  class space    used 604K, capacity 618K, committed 640K, reserved 1048576K
Event: 8.803 GC heap after
Heap after GC invocations=3 (full 0):
 PSYoungGen      total 52736K, used 3568K [0x00000000eab00000, 0x00000000ee200000, 0x0000000100000000)
  eden space 49152K, 0% used [0x00000000eab00000,0x00000000eab00000,0x00000000edb00000)
  from space 3584K, 99% used [0x00000000edb00000,0x00000000ede7c010,0x00000000ede80000)
  to   space 3584K, 0% used [0x00000000ede80000,0x00000000ede80000,0x00000000ee200000)
 ParOldGen       total 64512K, used 11591K [0x00000000c0000000, 0x00000000c3f00000, 0x00000000eab00000)
  object space 64512K, 17% used [0x00000000c0000000,0x00000000c0b51d70,0x00000000c3f00000)
 Metaspace       used 6316K, capacity 7154K, committed 7296K, reserved 1056768K
  class space    used 604K, capacity 618K, committed 640K, reserved 1048576K
}

Deoptimization events (10 events):
Event: 6.370 Thread 0x00000000169fe800 Uncommon trap: reason=unstable_if action=reinterpret pc=0x0000000002be8284 method=com.android.dx.rop.code.RegisterSpecSet.<init>(I)V @ 2
Event: 6.392 Thread 0x0000000016975000 Uncommon trap: reason=bimorphic action=maybe_recompile pc=0x0000000002ed15b8 method=com.android.dx.cf.code.RopperMachine.run(Lcom/android/dx/cf/code/Frame;II)V @ 988
Event: 6.394 Thread 0x0000000016975000 Uncommon trap: reason=unstable_if action=reinterpret pc=0x0000000002dd86f0 method=com.android.dx.ssa.SCCP.simulateBranch(Lcom/android/dx/ssa/SsaInsn;)V @ 64
Event: 6.394 Thread 0x0000000016975000 Uncommon trap: reason=unstable_if action=reinterpret pc=0x0000000002df4188 method=com.android.dx.ssa.LiteralOpUpgrader$1.visitNonMoveInsn(Lcom/android/dx/ssa/NormalSsaInsn;)V @ 55
Event: 6.395 Thread 0x0000000016975000 Uncommon trap: reason=unstable_if action=reinterpret pc=0x0000000002ca135c method=com.android.dx.ssa.SsaMethod.updateOneDefinition(Lcom/android/dx/ssa/SsaInsn;Lcom/android/dx/rop/code/RegisterSpec;)V @ 4
Event: 7.110 Thread 0x0000000016975000 Uncommon trap: reason=class_check action=maybe_recompile pc=0x0000000002f23828 method=com.android.dx.cf.code.BytecodeArray.parseInstruction(ILcom/android/dx/cf/code/BytecodeArray$Visitor;)I @ 2239
Event: 7.110 Thread 0x0000000016975000 Uncommon trap: reason=class_check action=maybe_recompile pc=0x0000000002f2468c method=com.android.dx.cf.code.BytecodeArray.parseInstruction(ILcom/android/dx/cf/code/BytecodeArray$Visitor;)I @ 1777
Event: 7.110 Thread 0x0000000016975000 Uncommon trap: reason=class_check action=maybe_recompile pc=0x0000000002f24240 method=com.android.dx.cf.code.BytecodeArray.parseInstruction(ILcom/android/dx/cf/code/BytecodeArray$Visitor;)I @ 1387
Event: 7.110 Thread 0x0000000016975000 Uncommon trap: reason=class_check action=maybe_recompile pc=0x0000000002f2468c method=com.android.dx.cf.code.BytecodeArray.parseInstruction(ILcom/android/dx/cf/code/BytecodeArray$Visitor;)I @ 1777
Event: 7.773 Thread 0x0000000016a47800 Uncommon trap: reason=class_check action=maybe_recompile pc=0x0000000002f82050 method=com.android.dx.cf.code.BytecodeArray.parseInstruction(ILcom/android/dx/cf/code/BytecodeArray$Visitor;)I @ 2167

Internal exceptions (3 events):
Event: 0.078 Thread 0x000000000099e000 Exception <a 'java/lang/NoSuchMethodError': Method sun.misc.Unsafe.defineClass(Ljava/lang/String;[BII)Ljava/lang/Class; name or signature does not match> (0x00000000eab07cc0) thrown at [C:\re\workspace\8-2-build-windows-amd64-cygwin\jdk8u91\7017\hotspot\srñ°Gù
„≥?
Event: 0.078 Thread 0x000000000099e000 Exception <a 'java/lang/NoSuchMethodError': Method sun.misc.Unsafe.prefetchRead(Ljava/lang/Object;J)V name or signature does not match> (0x00000000eab07fa8) thrown at [C:\re\workspace\8-2-build-windows-amd64-cygwin\jdk8u91\7017\hotspot\src\share\vm\prims\j1øﬁÄVù	@
Event: 3.202 Thread 0x00000000169fd800 Implicit null exception at 0x0000000002b73e22 to 0x0000000002b73f12

Events (10 events):
Event: 7.110 Thread 0x0000000016975000 DEOPT UNPACKING pc=0x000000000284582a sp=0x0000000016f1e348 mode 2
Event: 7.730 Thread 0x0000000016a47800 DEOPT PACKING pc=0x0000000002bebde1 sp=0x000000001731e9a0
Event: 7.730 Thread 0x0000000016a47800 DEOPT UNPACKING pc=0x000000000284787f sp=0x000000001731e7d0 mode 0
Event: 7.773 Thread 0x0000000016a47800 Uncommon trap: trap_request=0xffffffde fr.pc=0x0000000002f82050
Event: 7.773 Thread 0x0000000016a47800 DEOPT PACKING pc=0x0000000002f82050 sp=0x000000001731e980
Event: 7.773 Thread 0x0000000016a47800 DEOPT UNPACKING pc=0x000000000284582a sp=0x000000001731e948 mode 2
Event: 8.234 Executing VM operation: ParallelGCFailedAllocation
Event: 8.803 Executing VM operation: ParallelGCFailedAllocation done
Event: 8.804 Thread 0x00000000169fd800 DEOPT PACKING pc=0x0000000002bebde1 sp=0x000000001711ecb0
Event: 8.804 Thread 0x00000000169fd800 DEOPT UNPACKING pc=0x000000000284787f sp=0x000000001711eae0 mode 0


Dynamic libraries:
0x00007ff711820000 - 0x00007ff711857000 	C:\Program Files\Java\jdk1.8.0_91\bin\java.exe
0x00007ffb54a20000 - 0x00007ffb54bf1000 	C:\WINDOWS\SYSTEM32\ntdll.dll
0x00007ffb51fb0000 - 0x00007ffb5205b000 	C:\WINDOWS\System32\KERNEL32.DLL
0x00007ffb51d30000 - 0x00007ffb51f4d000 	C:\WINDOWS\System32\KERNELBASE.dll
0x00007ffb52b10000 - 0x00007ffb52bb2000 	C:\WINDOWS\System32\ADVAPI32.dll
0x00007ffb54610000 - 0x00007ffb546ae000 	C:\WINDOWS\System32\msvcrt.dll
0x00007ffb54460000 - 0x00007ffb544b9000 	C:\WINDOWS\System32\sechost.dll
0x00007ffb52380000 - 0x00007ffb524a1000 	C:\WINDOWS\System32\RPCRT4.dll
0x00007ffb52d70000 - 0x00007ffb52ed5000 	C:\WINDOWS\System32\USER32.dll
0x00007ffb51000000 - 0x00007ffb5101e000 	C:\WINDOWS\System32\win32u.dll
0x00007ffb546b0000 - 0x00007ffb546e4000 	C:\WINDOWS\System32\GDI32.dll
0x00007ffb518d0000 - 0x00007ffb51a52000 	C:\WINDOWS\System32\gdi32full.dll
0x00007ffb4c200000 - 0x00007ffb4c479000 	C:\WINDOWS\WinSxS\amd64_microsoft.windows.common-controls_6595b64144ccf1df_6.0.14393.0_none_2d0f50fcbdb171b8\COMCTL32.dll
0x00007ffb546f0000 - 0x00007ffb549b7000 	C:\WINDOWS\System32\combase.dll
0x00007ffb51c30000 - 0x00007ffb51d25000 	C:\WINDOWS\System32\ucrtbase.dll
0x00007ffb51860000 - 0x00007ffb518ca000 	C:\WINDOWS\System32\bcryptPrimitives.dll
0x00007ffb521b0000 - 0x00007ffb521de000 	C:\WINDOWS\System32\IMM32.DLL
0x00007ffb50e20000 - 0x00007ffb50e51000 	C:\Windows\system32\nvinitx.dll
0x00007ffb50e10000 - 0x00007ffb50e1a000 	C:\WINDOWS\SYSTEM32\VERSION.dll
0x0000000063310000 - 0x00000000633e2000 	C:\Program Files\Java\jdk1.8.0_91\jre\bin\msvcr100.dll
0x0000000063770000 - 0x0000000064003000 	C:\Program Files\Java\jdk1.8.0_91\jre\bin\server\jvm.dll
0x00007ffb52d60000 - 0x00007ffb52d68000 	C:\WINDOWS\System32\PSAPI.DLL
0x00007ffb4b330000 - 0x00007ffb4b339000 	C:\WINDOWS\SYSTEM32\WSOCK32.dll
0x00007ffb52ee0000 - 0x00007ffb52f4a000 	C:\WINDOWS\System32\WS2_32.dll
0x00007ffb4eb70000 - 0x00007ffb4eb93000 	C:\WINDOWS\SYSTEM32\WINMM.dll
0x00007ffb4ea20000 - 0x00007ffb4ea4b000 	C:\WINDOWS\SYSTEM32\WINMMBASE.dll
0x00007ffb50fb0000 - 0x00007ffb50ff2000 	C:\WINDOWS\System32\cfgmgr32.dll
0x00000000641e0000 - 0x00000000641ef000 	C:\Program Files\Java\jdk1.8.0_91\jre\bin\verify.dll
0x0000000063740000 - 0x0000000063769000 	C:\Program Files\Java\jdk1.8.0_91\jre\bin\java.dll
0x0000000063720000 - 0x0000000063736000 	C:\Program Files\Java\jdk1.8.0_91\jre\bin\zip.dll
0x00007ffb52f50000 - 0x00007ffb54458000 	C:\WINDOWS\System32\SHELL32.dll
0x00007ffb51020000 - 0x00007ffb516fa000 	C:\WINDOWS\System32\windows.storage.dll
0x00007ffb50f40000 - 0x00007ffb50f8c000 	C:\WINDOWS\System32\powrprof.dll
0x00007ffb549c0000 - 0x00007ffb54a12000 	C:\WINDOWS\System32\shlwapi.dll
0x00007ffb50fa0000 - 0x00007ffb50faf000 	C:\WINDOWS\System32\kernel.appcore.dll
0x00007ffb51700000 - 0x00007ffb517a9000 	C:\WINDOWS\System32\shcore.dll
0x00007ffb50f20000 - 0x00007ffb50f34000 	C:\WINDOWS\System32\profapi.dll

VM Arguments:
jvm_args: -Djava.awt.headless=true -Xmx1024M -Dfile.encoding=windows-1252 -Duser.country=BR -Duser.language=pt -Duser.variant 
java_command: com.android.dx.command.Main --dex --force-jumbo --num-threads=4 --multi-dex --output C:\Users\Douglas\Desktop\AndroidStudio\AppPOO\app\build\intermediates\transforms\dex\debug\folders\1000\10\internal_impl-23.4.0_a8df0897c9767d09df5f078ed318edc758e8b7de C:\Users\Douglas\Desktop\AndroidStudio\AppPOO\app\build\intermediates\exploded-aar\com.android.support\support-v4\23.4.0\jars\libs\internal_impl-23.4.0.jar
java_class_path (initial): C:\Users\Douglas\AppData\Local\Android\sdk\build-tools\24.0.1\lib\dx.jar
Launcher Type: SUN_STANDARD

Environment Variables:
PATH=C:\ProgramData\Oracle\Java\javapath;C:\Program Files (x86)\Intel\iCLS Client\;C:\Program Files\Intel\iCLS Client\;C:\WINDOWS\system32;C:\WINDOWS;C:\WINDOWS\System32\Wbem;C:\WINDOWS\System32\WindowsPowerShell\v1.0\;C:\Program Files\Intel\Intel(R) Management Engine Components\DAL;C:\Program Files\Intel\Intel(R) Management Engine Components\IPT;C:\Program Files (x86)\Intel\Intel(R) Management Engine Components\DAL;C:\Program Files (x86)\Intel\Intel(R) Management Engine Components\IPT;C:\Program Files (x86)\Windows Live\Shared;C:\Program Files (x86)\Skype\Phone\;C:\Program Files (x86)\NVIDIA Corporation\PhysX\Common;C:\WINDOWS\system32;C:\WINDOWS;C:\WINDOWS\System32\Wbem;C:\WINDOWS\System32\WindowsPowerShell\v1.0\;C:\Program Files\Microsoft SQL Server\Client SDK\ODBC\110\Tools\Binn\;C:\Program Files (x86)\Microsoft SQL Server\120\Tools\Binn\;C:\Program Files\Microsoft SQL Server\120\Tools\Binn\;C:\Program Files\Microsoft SQL Server\120\DTS\Binn\;C:\Program Files (x86)\Microsoft SQL Server\120\Tools\Binn\ManagementStudio\;C:\Program Files (x86)\Microsoft SQL Server\120\DTS\Binn\;C:\Program Files\Git\cmd;C:\Users\Douglas\AppData\Local\Microsoft\WindowsApps;
USERNAME=Douglas
OS=Windows_NT
PROCESSOR_IDENTIFIER=Intel64 Family 6 Model 58 Stepping 9, GenuineIntel



---------------  S Y S T E M  ---------------

OS: Windows 10.0 , 64 bit Build 14393 (10.0.14393.0)

CPU:total 4 (2 cores per cpu, 2 threads per core) family 6 model 58 stepping 9, cmov, cx8, fxsr, mmx, sse, sse2, sse3, ssse3, sse4.1, sse4.2, popcnt, avx, aes, clmul, erms, ht, tsc, tscinvbit, tscinv

Memory: 4k page, physical 6153312k(845428k free), swap 6153312k(54652k free)

vm_info: Java HotSpot(TM) 64-Bit Server VM (25.91-b15) for windows-amd64 JRE (1.8.0_91-b15), built on May 20 2016 17:43:15 by "java_re" with MS VC++ 10.0 (VS2010)

time: Wed Aug 31 19:43:01 2016
elapsed time: 8 seconds (0d 0h 0m 8s)

