#
# There is insufficient memory for the Java Runtime Environment to continue.
# Native memory allocation (malloc) failed to allocate 165264 bytes for Chunk::new
# Possible reasons:
#   The system is out of physical RAM or swap space
#   In 32 bit mode, the process size limit was hit
# Possible solutions:
#   Reduce memory load on the system
#   Increase physical memory or swap space
#   Check if swap backing store is full
#   Use 64 bit Java on a 64 bit OS
#   Decrease Java heap size (-Xmx/-Xms)
#   Decrease number of Java threads
#   Decrease Java thread stack sizes (-Xss)
#   Set larger code cache with -XX:ReservedCodeCacheSize=
# This output file may be truncated or incomplete.
#
#  Out of Memory Error (allocation.cpp:390), pid=10092, tid=7052
#
# JRE version: Java(TM) SE Runtime Environment (8.0_91-b15) (build 1.8.0_91-b15)
# Java VM: Java HotSpot(TM) 64-Bit Server VM (25.91-b15 mixed mode windows-amd64 compressed oops)
# Failed to write core dump. Minidumps are not enabled by default on client versions of Windows
#

---------------  T H R E A D  ---------------

Current thread (0x00000000156a3800):  JavaThread "C2 CompilerThread1" daemon [_thread_in_native, id=7052, stack(0x0000000016df0000,0x0000000016ef0000)]

Stack: [0x0000000016df0000,0x0000000016ef0000]
[error occurred during error reporting (printing stack bounds), id 0xc0000005]

Native frames: (J=compiled Java code, j=interpreted, Vv=VM code, C=native code)


Current CompileTask:
C2:   1947  945       4       com.android.dx.ssa.back.LivenessAnalyzer::handleTailRecursion (94 bytes)


---------------  P R O C E S S  ---------------

Java Threads: ( => current thread )
  0x000000001714f800 JavaThread "pool-2-thread-4" [_thread_in_Java, id=11732, stack(0x00000000179f0000,0x0000000017af0000)]
  0x000000001714e000 JavaThread "pool-2-thread-3" [_thread_blocked, id=11964, stack(0x00000000178f0000,0x00000000179f0000)]
  0x000000001714c000 JavaThread "pool-2-thread-2" [_thread_in_Java, id=10660, stack(0x00000000177f0000,0x00000000178f0000)]
  0x0000000017030000 JavaThread "pool-3-thread-1" [_thread_blocked, id=10552, stack(0x00000000176f0000,0x00000000177f0000)]
  0x0000000017036000 JavaThread "pool-2-thread-1" [_thread_blocked, id=8076, stack(0x00000000175f0000,0x00000000176f0000)]
  0x00000000156fc800 JavaThread "Service Thread" daemon [_thread_blocked, id=11860, stack(0x00000000173f0000,0x00000000174f0000)]
  0x0000000016f00800 JavaThread "C1 CompilerThread2" daemon [_thread_in_native, id=8280, stack(0x00000000172f0000,0x00000000173f0000)]
=>0x00000000156a3800 JavaThread "C2 CompilerThread1" daemon [_thread_in_native, id=7052, stack(0x0000000016df0000,0x0000000016ef0000)]
  0x000000001569c800 JavaThread "C2 CompilerThread0" daemon [_thread_in_native, id=6164, stack(0x0000000016cf0000,0x0000000016df0000)]
  0x000000001569a000 JavaThread "Attach Listener" daemon [_thread_blocked, id=9232, stack(0x0000000016bf0000,0x0000000016cf0000)]
  0x0000000015699000 JavaThread "Signal Dispatcher" daemon [_thread_blocked, id=13992, stack(0x0000000016af0000,0x0000000016bf0000)]
  0x000000001568a800 JavaThread "Finalizer" daemon [_thread_blocked, id=8384, stack(0x00000000168f0000,0x00000000169f0000)]
  0x0000000002fc0800 JavaThread "Reference Handler" daemon [_thread_blocked, id=11796, stack(0x00000000167f0000,0x00000000168f0000)]
  0x0000000002d6e000 JavaThread "main" [_thread_blocked, id=940, stack(0x0000000002dd0000,0x0000000002ed0000)]

Other Threads:
  0x0000000015668000 VMThread [stack: 0x00000000166f0000,0x00000000167f0000] [id=4044]
  0x0000000016f1b800 WatcherThread [stack: 0x00000000174f0000,0x00000000175f0000] [id=5912]

VM state:not at safepoint (normal execution)

VM Mutex/Monitor currently owned by a thread: None

Heap:
 PSYoungGen      total 28160K, used 19190K [0x00000000eab00000, 0x00000000eca00000, 0x0000000100000000)
  eden space 24576K, 78% used [0x00000000eab00000,0x00000000ebdbda98,0x00000000ec300000)
  from space 3584K, 0% used [0x00000000ec680000,0x00000000ec680000,0x00000000eca00000)
  to   space 3584K, 0% used [0x00000000ec300000,0x00000000ec300000,0x00000000ec680000)
 ParOldGen       total 64512K, used 0K [0x00000000c0000000, 0x00000000c3f00000, 0x00000000eab00000)
  object space 64512K, 0% used [0x00000000c0000000,0x00000000c0000000,0x00000000c3f00000)
 Metaspace       used 5651K, capacity 6768K, committed 7040K, reserved 1056768K
  class space    used 577K, capacity 616K, committed 640K, reserved 1048576K

Card table byte_map: [0x0000000012390000,0x00000000125a0000] byte_map_base: 0x0000000011d90000

Marking Bits: (ParMarkBitMap*) 0x00000000583d2f70
 Begin Bits: [0x0000000012b00000, 0x0000000013b00000)
 End Bits:   [0x0000000013b00000, 0x0000000014b00000)

Polling page: 0x0000000001160000

CodeCache: size=245760Kb used=3864Kb max_used=3875Kb free=241895Kb
 bounds [0x0000000002fd0000, 0x00000000033a0000, 0x0000000011fd0000]
 total_blobs=1210 nmethods=949 adapters=174
 compilation: enabled

Compilation events (10 events):
Event: 1.928 Thread 0x000000001569c800 nmethod 957 0x0000000003395c50 code [0x0000000003395da0, 0x0000000003396028]
Event: 1.928 Thread 0x000000001569c800  958       4       com.android.dx.util.LabeledList::addLabelIndex (43 bytes)
Event: 1.939 Thread 0x000000001569c800 nmethod 958 0x0000000003395190 code [0x00000000033952e0, 0x0000000003395858]
Event: 1.939 Thread 0x000000001569c800  962       4       java.util.BitSet::cardinality (32 bytes)
Event: 1.941 Thread 0x000000001569c800 nmethod 962 0x000000000333de90 code [0x000000000333dfc0, 0x000000000333e078]
Event: 1.941 Thread 0x000000001569c800  955       4       com.android.dx.rop.type.Type::getBasicFrameType (60 bytes)
Event: 1.941 Thread 0x000000001569c800 nmethod 955 0x0000000003336090 code [0x00000000033361c0, 0x0000000003336238]
Event: 1.941 Thread 0x000000001569c800  960       4       com.android.dx.ssa.DeadCodeRemover::access$000 (5 bytes)
Event: 1.944 Thread 0x000000001569c800 nmethod 960 0x000000000339b690 code [0x000000000339b7e0, 0x000000000339b918]
Event: 1.945 Thread 0x000000001569c800  969       4       com.android.dx.dex.code.DalvInsn::<init> (67 bytes)

GC Heap History (0 events):
No events

Deoptimization events (10 events):
Event: 1.260 Thread 0x000000001714f800 Uncommon trap: reason=speculate_class_check action=maybe_recompile pc=0x00000000031dabcc method=com.android.dx.rop.cst.Constant.compareTo(Lcom/android/dx/rop/cst/Constant;)I @ 29
Event: 1.260 Thread 0x000000001714f800 Uncommon trap: reason=speculate_class_check action=maybe_recompile pc=0x00000000031dabcc method=com.android.dx.rop.cst.Constant.compareTo(Lcom/android/dx/rop/cst/Constant;)I @ 29
Event: 1.260 Thread 0x000000001714f800 Uncommon trap: reason=speculate_class_check action=maybe_recompile pc=0x00000000031dabcc method=com.android.dx.rop.cst.Constant.compareTo(Lcom/android/dx/rop/cst/Constant;)I @ 29
Event: 1.331 Thread 0x0000000017036000 Uncommon trap: reason=class_check action=maybe_recompile pc=0x00000000031da310 method=com.android.dx.rop.cst.CstMemberRef.compareTo0(Lcom/android/dx/rop/cst/Constant;)I @ 1
Event: 1.341 Thread 0x0000000017036000 Uncommon trap: reason=unstable_if action=reinterpret pc=0x00000000031fcbb0 method=java.util.HashMap.getNode(ILjava/lang/Object;)Ljava/util/HashMap$Node; @ 62
Event: 1.366 Thread 0x0000000002d6e000 Uncommon trap: reason=class_check action=maybe_recompile pc=0x00000000031da310 method=com.android.dx.rop.cst.CstMemberRef.compareTo0(Lcom/android/dx/rop/cst/Constant;)I @ 1
Event: 1.366 Thread 0x0000000002d6e000 Uncommon trap: reason=class_check action=maybe_recompile pc=0x00000000031da310 method=com.android.dx.rop.cst.CstMemberRef.compareTo0(Lcom/android/dx/rop/cst/Constant;)I @ 1
Event: 1.369 Thread 0x000000001714f800 Uncommon trap: reason=class_check action=maybe_recompile pc=0x00000000031da310 method=com.android.dx.rop.cst.CstMemberRef.compareTo0(Lcom/android/dx/rop/cst/Constant;)I @ 1
Event: 1.469 Thread 0x000000001714f800 Uncommon trap: reason=unstable_if action=reinterpret pc=0x00000000031f284c method=com.android.dx.rop.cst.CstFieldRef.compareTo0(Lcom/android/dx/rop/cst/Constant;)I @ 7
Event: 1.488 Thread 0x000000001714c000 Uncommon trap: reason=unstable_if action=reinterpret pc=0x00000000031dccd4 method=com.android.dx.rop.cst.CstFieldRef.compareTo0(Lcom/android/dx/rop/cst/Constant;)I @ 7

Internal exceptions (2 events):
Event: 0.075 Thread 0x0000000002d6e000 Exception <a 'java/lang/NoSuchMethodError': Method sun.misc.Unsafe.defineClass(Ljava/lang/String;[BII)Ljava/lang/Class; name or signature does not match> (0x00000000eab07cc0) thrown at [C:\re\workspace\8-2-build-windows-amd64-cygwin\jdk8u91\7017\hotspot\srld\]9³?
Event: 0.075 Thread 0x0000000002d6e000 Exception <a 'java/lang/NoSuchMethodError': Method sun.misc.Unsafe.prefetchRead(Ljava/lang/Object;J)V name or signature does not match> (0x00000000eab07fa8) thrown at [C:\re\workspace\8-2-build-windows-amd64-cygwin\jdk8u91\7017\hotspot\src\share\vm\prims\j

Events (10 events):
Event: 1.469 Thread 0x000000001714f800 DEOPT PACKING pc=0x00000000031f284c sp=0x0000000017aee8e0
Event: 1.469 Thread 0x000000001714f800 DEOPT UNPACKING pc=0x000000000301582a sp=0x0000000017aee798 mode 2
Event: 1.484 loading class java/util/ArrayList$1
Event: 1.484 loading class java/util/ArrayList$1 done
Event: 1.488 Thread 0x000000001714c000 Uncommon trap: trap_request=0xffffff65 fr.pc=0x00000000031dccd4
Event: 1.488 Thread 0x000000001714c000 DEOPT PACKING pc=0x00000000031dccd4 sp=0x00000000178eeb80
Event: 1.488 Thread 0x000000001714c000 DEOPT UNPACKING pc=0x000000000301582a sp=0x00000000178eeb08 mode 2
Event: 1.841 Executing VM operation: ForceSafepoint
Event: 1.910 Executing VM operation: ForceSafepoint done
Event: 1.945 loading class java/util/HashMap$KeySet


Dynamic libraries:
0x00007ff6c3c30000 - 0x00007ff6c3c67000 	C:\Program Files\Java\jdk1.8.0_91\bin\java.exe
0x00007ff992c00000 - 0x00007ff992dd1000 	C:\WINDOWS\SYSTEM32\ntdll.dll
0x00007ff990a10000 - 0x00007ff990abb000 	C:\WINDOWS\System32\KERNEL32.DLL
0x00007ff98f740000 - 0x00007ff98f95d000 	C:\WINDOWS\System32\KERNELBASE.dll
0x00007ff990190000 - 0x00007ff990232000 	C:\WINDOWS\System32\ADVAPI32.dll
0x00007ff9911a0000 - 0x00007ff99123e000 	C:\WINDOWS\System32\msvcrt.dll
0x00007ff9909b0000 - 0x00007ff990a09000 	C:\WINDOWS\System32\sechost.dll
0x00007ff990240000 - 0x00007ff990361000 	C:\WINDOWS\System32\RPCRT4.dll
0x00007ff991520000 - 0x00007ff991685000 	C:\WINDOWS\System32\USER32.dll
0x00007ff98f1f0000 - 0x00007ff98f20e000 	C:\WINDOWS\System32\win32u.dll
0x00007ff990380000 - 0x00007ff9903b4000 	C:\WINDOWS\System32\GDI32.dll
0x00007ff98f5b0000 - 0x00007ff98f732000 	C:\WINDOWS\System32\gdi32full.dll
0x00007ff98b6a0000 - 0x00007ff98b919000 	C:\WINDOWS\WinSxS\amd64_microsoft.windows.common-controls_6595b64144ccf1df_6.0.14393.0_none_2d0f50fcbdb171b8\COMCTL32.dll
0x00007ff990c60000 - 0x00007ff990f27000 	C:\WINDOWS\System32\combase.dll
0x00007ff990090000 - 0x00007ff990185000 	C:\WINDOWS\System32\ucrtbase.dll
0x00007ff98f540000 - 0x00007ff98f5aa000 	C:\WINDOWS\System32\bcryptPrimitives.dll
0x00007ff991490000 - 0x00007ff9914be000 	C:\WINDOWS\System32\IMM32.DLL
0x00007ff98f000000 - 0x00007ff98f031000 	C:\Windows\system32\nvinitx.dll
0x00007ff98eff0000 - 0x00007ff98effa000 	C:\WINDOWS\SYSTEM32\VERSION.dll
0x0000000057720000 - 0x00000000577f2000 	C:\Program Files\Java\jdk1.8.0_91\jre\bin\msvcr100.dll
0x0000000057bc0000 - 0x0000000058453000 	C:\Program Files\Java\jdk1.8.0_91\jre\bin\server\jvm.dll
0x00007ff991090000 - 0x00007ff991098000 	C:\WINDOWS\System32\PSAPI.DLL
0x00007ff97d650000 - 0x00007ff97d659000 	C:\WINDOWS\SYSTEM32\WSOCK32.dll
0x00007ff991240000 - 0x00007ff9912aa000 	C:\WINDOWS\System32\WS2_32.dll
0x00007ff98c440000 - 0x00007ff98c463000 	C:\WINDOWS\SYSTEM32\WINMM.dll
0x00007ff98c3e0000 - 0x00007ff98c40b000 	C:\WINDOWS\SYSTEM32\WINMMBASE.dll
0x00007ff98f960000 - 0x00007ff98f9a2000 	C:\WINDOWS\System32\cfgmgr32.dll
0x0000000057bb0000 - 0x0000000057bbf000 	C:\Program Files\Java\jdk1.8.0_91\jre\bin\verify.dll
0x0000000057b80000 - 0x0000000057ba9000 	C:\Program Files\Java\jdk1.8.0_91\jre\bin\java.dll
0x0000000057b60000 - 0x0000000057b76000 	C:\Program Files\Java\jdk1.8.0_91\jre\bin\zip.dll
0x00007ff9916f0000 - 0x00007ff992bf8000 	C:\WINDOWS\System32\SHELL32.dll
0x00007ff98f9b0000 - 0x00007ff99008a000 	C:\WINDOWS\System32\windows.storage.dll
0x00007ff98f110000 - 0x00007ff98f15c000 	C:\WINDOWS\System32\powrprof.dll
0x00007ff991690000 - 0x00007ff9916e2000 	C:\WINDOWS\System32\shlwapi.dll
0x00007ff98f180000 - 0x00007ff98f18f000 	C:\WINDOWS\System32\kernel.appcore.dll
0x00007ff98f2c0000 - 0x00007ff98f369000 	C:\WINDOWS\System32\shcore.dll
0x00007ff98f160000 - 0x00007ff98f174000 	C:\WINDOWS\System32\profapi.dll

VM Arguments:
jvm_args: -Djava.awt.headless=true -Xmx1024M -Dfile.encoding=windows-1252 -Duser.country=BR -Duser.language=pt -Duser.variant 
java_command: com.android.dx.command.Main --dex --force-jumbo --num-threads=4 --multi-dex --output C:\Users\Douglas\Desktop\AndroidStudio\AppPOO\app\build\intermediates\transforms\dex\debug\folders\1000\5\slice_2 C:\Users\Douglas\Desktop\AndroidStudio\AppPOO\app\build\intermediates\transforms\instantRunSlicer\debug\folders\1\5\slice_2
java_class_path (initial): C:\Users\Douglas\AppData\Local\Android\sdk\build-tools\24.0.1\lib\dx.jar
Launcher Type: SUN_STANDARD

Environment Variables:
PATH=C:\ProgramData\Oracle\Java\javapath;C:\Program Files (x86)\Intel\iCLS Client\;C:\Program Files\Intel\iCLS Client\;C:\WINDOWS\system32;C:\WINDOWS;C:\WINDOWS\System32\Wbem;C:\WINDOWS\System32\WindowsPowerShell\v1.0\;C:\Program Files\Intel\Intel(R) Management Engine Components\DAL;C:\Program Files\Intel\Intel(R) Management Engine Components\IPT;C:\Program Files (x86)\Intel\Intel(R) Management Engine Components\DAL;C:\Program Files (x86)\Intel\Intel(R) Management Engine Components\IPT;C:\Program Files (x86)\Windows Live\Shared;C:\Program Files (x86)\Skype\Phone\;C:\Program Files (x86)\NVIDIA Corporation\PhysX\Common;C:\WINDOWS\system32;C:\WINDOWS;C:\WINDOWS\System32\Wbem;C:\WINDOWS\System32\WindowsPowerShell\v1.0\;C:\Program Files\Microsoft SQL Server\Client SDK\ODBC\110\Tools\Binn\;C:\Program Files (x86)\Microsoft SQL Server\120\Tools\Binn\;C:\Program Files\Microsoft SQL Server\120\Tools\Binn\;C:\Program Files\Microsoft SQL Server\120\DTS\Binn\;C:\Program Files (x86)\Microsoft SQL Server\120\Tools\Binn\ManagementStudio\;C:\Program Files (x86)\Microsoft SQL Server\120\DTS\Binn\;C:\Program Files\Git\cmd;C:\Users\Douglas\AppData\Local\Microsoft\WindowsApps;
USERNAME=Douglas
OS=Windows_NT
PROCESSOR_IDENTIFIER=Intel64 Family 6 Model 58 Stepping 9, GenuineIntel



---------------  S Y S T E M  ---------------

OS: Windows 10.0 , 64 bit Build 14393 (10.0.14393.0)

CPU:total 4 (2 cores per cpu, 2 threads per core) family 6 model 58 stepping 9, cmov, cx8, fxsr, mmx, sse, sse2, sse3, ssse3, sse4.1, sse4.2, popcnt, avx, aes, clmul, erms, ht, tsc, tscinvbit, tscinv

Memory: 4k page, physical 6153312k(1198500k free), swap 6153312k(4144k free)

vm_info: Java HotSpot(TM) 64-Bit Server VM (25.91-b15) for windows-amd64 JRE (1.8.0_91-b15), built on May 20 2016 17:43:15 by "java_re" with MS VC++ 10.0 (VS2010)

time: Wed Sep 07 21:25:34 2016
elapsed time: 1 seconds (0d 0h 0m 1s)

