#
# There is insufficient memory for the Java Runtime Environment to continue.
# Native memory allocation (malloc) failed to allocate 131088 bytes for Chunk::new
# Possible reasons:
#   The system is out of physical RAM or swap space
#   In 32 bit mode, the process size limit was hit
# Possible solutions:
#   Reduce memory load on the system
#   Increase physical memory or swap space
#   Check if swap backing store is full
#   Use 64 bit Java on a 64 bit OS
#   Decrease Java heap size (-Xmx/-Xms)
#   Decrease number of Java threads
#   Decrease Java thread stack sizes (-Xss)
#   Set larger code cache with -XX:ReservedCodeCacheSize=
# This output file may be truncated or incomplete.
#
#  Out of Memory Error (allocation.cpp:390), pid=12708, tid=11680
#
# JRE version: Java(TM) SE Runtime Environment (8.0_91-b15) (build 1.8.0_91-b15)
# Java VM: Java HotSpot(TM) 64-Bit Server VM (25.91-b15 mixed mode windows-amd64 compressed oops)
# Failed to write core dump. Minidumps are not enabled by default on client versions of Windows
#

---------------  T H R E A D  ---------------

Current thread (0x000000001550d000):  JavaThread "C2 CompilerThread0" daemon [_thread_in_native, id=11680, stack(0x0000000016b90000,0x0000000016c90000)]

Stack: [0x0000000016b90000,0x0000000016c90000]
[error occurred during error reporting (printing stack bounds), id 0xc0000005]

Native frames: (J=compiled Java code, j=interpreted, Vv=VM code, C=native code)


Current CompileTask:
C2:   6212 1795       4       com.android.dx.ssa.SCCP::simulatePhi (169 bytes)


---------------  P R O C E S S  ---------------

Java Threads: ( => current thread )
  0x000000001704d000 JavaThread "pool-3-thread-1" [_thread_blocked, id=13108, stack(0x0000000017590000,0x0000000017690000)]
  0x000000001704c000 JavaThread "pool-2-thread-1" [_thread_in_Java, id=14128, stack(0x0000000017490000,0x0000000017590000)]
  0x0000000016da6000 JavaThread "Service Thread" daemon [_thread_blocked, id=9360, stack(0x0000000017290000,0x0000000017390000)]
  0x000000001556e800 JavaThread "C1 CompilerThread2" daemon [_thread_blocked, id=10012, stack(0x0000000017190000,0x0000000017290000)]
  0x0000000015512800 JavaThread "C2 CompilerThread1" daemon [_thread_in_native, id=5424, stack(0x0000000016c90000,0x0000000016d90000)]
=>0x000000001550d000 JavaThread "C2 CompilerThread0" daemon [_thread_in_native, id=11680, stack(0x0000000016b90000,0x0000000016c90000)]
  0x000000001550a800 JavaThread "Attach Listener" daemon [_thread_blocked, id=6776, stack(0x0000000016a90000,0x0000000016b90000)]
  0x0000000015509000 JavaThread "Signal Dispatcher" daemon [_thread_blocked, id=14204, stack(0x0000000016990000,0x0000000016a90000)]
  0x0000000002e35000 JavaThread "Finalizer" daemon [_thread_blocked, id=5100, stack(0x0000000016790000,0x0000000016890000)]
  0x0000000002e2f800 JavaThread "Reference Handler" daemon [_thread_blocked, id=11220, stack(0x0000000016690000,0x0000000016790000)]
  0x0000000002bce000 JavaThread "main" [_thread_blocked, id=3772, stack(0x0000000002c40000,0x0000000002d40000)]

Other Threads:
  0x00000000154d8000 VMThread [stack: 0x0000000016590000,0x0000000016690000] [id=6352]
  0x0000000016d9e800 WatcherThread [stack: 0x0000000017390000,0x0000000017490000] [id=10572]

VM state:not at safepoint (normal execution)

VM Mutex/Monitor currently owned by a thread: None

Heap:
 PSYoungGen      total 101888K, used 82076K [0x00000000eab00000, 0x00000000f8f00000, 0x0000000100000000)
  eden space 98304K, 79% used [0x00000000eab00000,0x00000000ef7a9980,0x00000000f0b00000)
  from space 3584K, 99% used [0x00000000f0b00000,0x00000000f0e7da50,0x00000000f0e80000)
  to   space 18432K, 0% used [0x00000000f7d00000,0x00000000f7d00000,0x00000000f8f00000)
 ParOldGen       total 64512K, used 32147K [0x00000000c0000000, 0x00000000c3f00000, 0x00000000eab00000)
  object space 64512K, 49% used [0x00000000c0000000,0x00000000c1f64c40,0x00000000c3f00000)
 Metaspace       used 6529K, capacity 7256K, committed 7424K, reserved 1056768K
  class space    used 626K, capacity 656K, committed 768K, reserved 1048576K

Card table byte_map: [0x0000000012200000,0x0000000012410000] byte_map_base: 0x0000000011c00000

Marking Bits: (ParMarkBitMap*) 0x00000000583d2f70
 Begin Bits: [0x0000000012970000, 0x0000000013970000)
 End Bits:   [0x0000000013970000, 0x0000000014970000)

Polling page: 0x0000000001230000

CodeCache: size=245760Kb used=8267Kb max_used=8290Kb free=237492Kb
 bounds [0x0000000002e40000, 0x0000000003670000, 0x0000000011e40000]
 total_blobs=2183 nmethods=1913 adapters=182
 compilation: enabled

Compilation events (10 events):
Event: 6.137 Thread 0x000000001556e800 1967       2       java.util.Arrays::sort (19 bytes)
Event: 6.138 Thread 0x000000001556e800 nmethod 1967 0x0000000003631810 code [0x0000000003631980, 0x0000000003631b38]
Event: 6.138 Thread 0x000000001556e800 1968       2       java.util.DualPivotQuicksort::sort (1195 bytes)
Event: 6.141 Thread 0x000000001556e800 nmethod 1968 0x0000000003647bd0 code [0x0000000003647ec0, 0x00000000036493a8]
Event: 6.179 Thread 0x000000001550d000 nmethod 1917 0x0000000003654150 code [0x0000000003654560, 0x0000000003657b98]
Event: 6.179 Thread 0x000000001550d000 1795       4       com.android.dx.ssa.SCCP::simulatePhi (169 bytes)
Event: 6.179 Thread 0x0000000015512800 nmethod 1836 0x000000000365fe10 code [0x00000000036600c0, 0x00000000036625e8]
Event: 6.179 Thread 0x0000000015512800 1892       4       com.android.dx.ssa.back.SsaToRop::convertInsns (53 bytes)
Event: 6.188 Thread 0x0000000015512800 nmethod 1892 0x0000000003630d50 code [0x0000000003630ec0, 0x00000000036312f8]
Event: 6.188 Thread 0x0000000015512800 1746       4       com.android.dx.cf.code.ValueAwareMachine::run (1142 bytes)

GC Heap History (10 events):
Event: 2.627 GC heap before
{Heap before GC invocations=1 (full 0):
 PSYoungGen      total 28160K, used 24576K [0x00000000eab00000, 0x00000000eca00000, 0x0000000100000000)
  eden space 24576K, 100% used [0x00000000eab00000,0x00000000ec300000,0x00000000ec300000)
  from space 3584K, 0% used [0x00000000ec680000,0x00000000ec680000,0x00000000eca00000)
  to   space 3584K, 0% used [0x00000000ec300000,0x00000000ec300000,0x00000000ec680000)
 ParOldGen       total 64512K, used 0K [0x00000000c0000000, 0x00000000c3f00000, 0x00000000eab00000)
  object space 64512K, 0% used [0x00000000c0000000,0x00000000c0000000,0x00000000c3f00000)
 Metaspace       used 5882K, capacity 6834K, committed 7040K, reserved 1056768K
  class space    used 602K, capacity 618K, committed 640K, reserved 1048576K
Event: 2.742 GC heap after
Heap after GC invocations=1 (full 0):
 PSYoungGen      total 28160K, used 3565K [0x00000000eab00000, 0x00000000ee200000, 0x0000000100000000)
  eden space 24576K, 0% used [0x00000000eab00000,0x00000000eab00000,0x00000000ec300000)
  from space 3584K, 99% used [0x00000000ec300000,0x00000000ec67b788,0x00000000ec680000)
  to   space 3584K, 0% used [0x00000000ede80000,0x00000000ede80000,0x00000000ee200000)
 ParOldGen       total 64512K, used 1248K [0x00000000c0000000, 0x00000000c3f00000, 0x00000000eab00000)
  object space 64512K, 1% used [0x00000000c0000000,0x00000000c0138070,0x00000000c3f00000)
 Metaspace       used 5882K, capacity 6834K, committed 7040K, reserved 1056768K
  class space    used 602K, capacity 618K, committed 640K, reserved 1048576K
}
Event: 3.545 GC heap before
{Heap before GC invocations=2 (full 0):
 PSYoungGen      total 28160K, used 28141K [0x00000000eab00000, 0x00000000ee200000, 0x0000000100000000)
  eden space 24576K, 100% used [0x00000000eab00000,0x00000000ec300000,0x00000000ec300000)
  from space 3584K, 99% used [0x00000000ec300000,0x00000000ec67b788,0x00000000ec680000)
  to   space 3584K, 0% used [0x00000000ede80000,0x00000000ede80000,0x00000000ee200000)
 ParOldGen       total 64512K, used 1248K [0x00000000c0000000, 0x00000000c3f00000, 0x00000000eab00000)
  object space 64512K, 1% used [0x00000000c0000000,0x00000000c0138070,0x00000000c3f00000)
 Metaspace       used 6138K, capacity 7026K, committed 7296K, reserved 1056768K
  class space    used 603K, capacity 618K, committed 640K, reserved 1048576K
Event: 3.561 GC heap after
Heap after GC invocations=2 (full 0):
 PSYoungGen      total 52736K, used 3565K [0x00000000eab00000, 0x00000000ee200000, 0x0000000100000000)
  eden space 49152K, 0% used [0x00000000eab00000,0x00000000eab00000,0x00000000edb00000)
  from space 3584K, 99% used [0x00000000ede80000,0x00000000ee1fb780,0x00000000ee200000)
  to   space 3584K, 0% used [0x00000000edb00000,0x00000000edb00000,0x00000000ede80000)
 ParOldGen       total 64512K, used 4436K [0x00000000c0000000, 0x00000000c3f00000, 0x00000000eab00000)
  object space 64512K, 6% used [0x00000000c0000000,0x00000000c04551e8,0x00000000c3f00000)
 Metaspace       used 6138K, capacity 7026K, committed 7296K, reserved 1056768K
  class space    used 603K, capacity 618K, committed 640K, reserved 1048576K
}
Event: 4.267 GC heap before
{Heap before GC invocations=3 (full 0):
 PSYoungGen      total 52736K, used 52717K [0x00000000eab00000, 0x00000000ee200000, 0x0000000100000000)
  eden space 49152K, 100% used [0x00000000eab00000,0x00000000edb00000,0x00000000edb00000)
  from space 3584K, 99% used [0x00000000ede80000,0x00000000ee1fb780,0x00000000ee200000)
  to   space 3584K, 0% used [0x00000000edb00000,0x00000000edb00000,0x00000000ede80000)
 ParOldGen       total 64512K, used 4436K [0x00000000c0000000, 0x00000000c3f00000, 0x00000000eab00000)
  object space 64512K, 6% used [0x00000000c0000000,0x00000000c04551e8,0x00000000c3f00000)
 Metaspace       used 6254K, capacity 7090K, committed 7296K, reserved 1056768K
  class space    used 604K, capacity 618K, committed 640K, reserved 1048576K
Event: 4.324 GC heap after
Heap after GC invocations=3 (full 0):
 PSYoungGen      total 52736K, used 3558K [0x00000000eab00000, 0x00000000f1200000, 0x0000000100000000)
  eden space 49152K, 0% used [0x00000000eab00000,0x00000000eab00000,0x00000000edb00000)
  from space 3584K, 99% used [0x00000000edb00000,0x00000000ede79a48,0x00000000ede80000)
  to   space 3584K, 0% used [0x00000000f0e80000,0x00000000f0e80000,0x00000000f1200000)
 ParOldGen       total 64512K, used 11807K [0x00000000c0000000, 0x00000000c3f00000, 0x00000000eab00000)
  object space 64512K, 18% used [0x00000000c0000000,0x00000000c0b87f68,0x00000000c3f00000)
 Metaspace       used 6254K, capacity 7090K, committed 7296K, reserved 1056768K
  class space    used 604K, capacity 618K, committed 640K, reserved 1048576K
}
Event: 4.858 GC heap before
{Heap before GC invocations=4 (full 0):
 PSYoungGen      total 52736K, used 52710K [0x00000000eab00000, 0x00000000f1200000, 0x0000000100000000)
  eden space 49152K, 100% used [0x00000000eab00000,0x00000000edb00000,0x00000000edb00000)
  from space 3584K, 99% used [0x00000000edb00000,0x00000000ede79a48,0x00000000ede80000)
  to   space 3584K, 0% used [0x00000000f0e80000,0x00000000f0e80000,0x00000000f1200000)
 ParOldGen       total 64512K, used 11807K [0x00000000c0000000, 0x00000000c3f00000, 0x00000000eab00000)
  object space 64512K, 18% used [0x00000000c0000000,0x00000000c0b87f68,0x00000000c3f00000)
 Metaspace       used 6293K, capacity 7154K, committed 7296K, reserved 1056768K
  class space    used 604K, capacity 618K, committed 640K, reserved 1048576K
Event: 4.880 GC heap after
Heap after GC invocations=4 (full 0):
 PSYoungGen      total 101888K, used 3570K [0x00000000eab00000, 0x00000000f1200000, 0x0000000100000000)
  eden space 98304K, 0% used [0x00000000eab00000,0x00000000eab00000,0x00000000f0b00000)
  from space 3584K, 99% used [0x00000000f0e80000,0x00000000f11fc8e0,0x00000000f1200000)
  to   space 3584K, 0% used [0x00000000f0b00000,0x00000000f0b00000,0x00000000f0e80000)
 ParOldGen       total 64512K, used 19493K [0x00000000c0000000, 0x00000000c3f00000, 0x00000000eab00000)
  object space 64512K, 30% used [0x00000000c0000000,0x00000000c13096f0,0x00000000c3f00000)
 Metaspace       used 6293K, capacity 7154K, committed 7296K, reserved 1056768K
  class space    used 604K, capacity 618K, committed 640K, reserved 1048576K
}
Event: 5.640 GC heap before
{Heap before GC invocations=5 (full 0):
 PSYoungGen      total 101888K, used 101874K [0x00000000eab00000, 0x00000000f1200000, 0x0000000100000000)
  eden space 98304K, 100% used [0x00000000eab00000,0x00000000f0b00000,0x00000000f0b00000)
  from space 3584K, 99% used [0x00000000f0e80000,0x00000000f11fc8e0,0x00000000f1200000)
  to   space 3584K, 0% used [0x00000000f0b00000,0x00000000f0b00000,0x00000000f0e80000)
 ParOldGen       total 64512K, used 19493K [0x00000000c0000000, 0x00000000c3f00000, 0x00000000eab00000)
  object space 64512K, 30% used [0x00000000c0000000,0x00000000c13096f0,0x00000000c3f00000)
 Metaspace       used 6422K, capacity 7192K, committed 7424K, reserved 1056768K
  class space    used 625K, capacity 656K, committed 768K, reserved 1048576K
Event: 5.681 GC heap after
Heap after GC invocations=5 (full 0):
 PSYoungGen      total 101888K, used 3574K [0x00000000eab00000, 0x00000000f8f00000, 0x0000000100000000)
  eden space 98304K, 0% used [0x00000000eab00000,0x00000000eab00000,0x00000000f0b00000)
  from space 3584K, 99% used [0x00000000f0b00000,0x00000000f0e7da50,0x00000000f0e80000)
  to   space 18432K, 0% used [0x00000000f7d00000,0x00000000f7d00000,0x00000000f8f00000)
 ParOldGen       total 64512K, used 32147K [0x00000000c0000000, 0x00000000c3f00000, 0x00000000eab00000)
  object space 64512K, 49% used [0x00000000c0000000,0x00000000c1f64c40,0x00000000c3f00000)
 Metaspace       used 6422K, capacity 7192K, committed 7424K, reserved 1056768K
  class space    used 625K, capacity 656K, committed 768K, reserved 1048576K
}

Deoptimization events (10 events):
Event: 5.321 Thread 0x000000001704f800 Uncommon trap: reason=unstable_if action=reinterpret pc=0x00000000033b67cc method=com.android.dx.ssa.MoveParamCombiner$1.visitNonMoveInsn(Lcom/android/dx/ssa/NormalSsaInsn;)V @ 27
Event: 5.321 Thread 0x0000000017051000 Uncommon trap: reason=bimorphic action=maybe_recompile pc=0x00000000035516ac method=com.android.dx.cf.code.BytecodeArray.parseInstruction(ILcom/android/dx/cf/code/BytecodeArray$Visitor;)I @ 955
Event: 5.321 Thread 0x0000000017051000 Uncommon trap: reason=bimorphic action=maybe_recompile pc=0x0000000003551738 method=com.android.dx.cf.code.BytecodeArray.parseInstruction(ILcom/android/dx/cf/code/BytecodeArray$Visitor;)I @ 971
Event: 5.322 Thread 0x0000000017051000 Uncommon trap: reason=bimorphic action=maybe_recompile pc=0x00000000035517c4 method=com.android.dx.cf.code.BytecodeArray.parseInstruction(ILcom/android/dx/cf/code/BytecodeArray$Visitor;)I @ 987
Event: 5.322 Thread 0x0000000017051000 Uncommon trap: reason=bimorphic action=maybe_recompile pc=0x0000000003551b94 method=com.android.dx.cf.code.BytecodeArray.parseInstruction(ILcom/android/dx/cf/code/BytecodeArray$Visitor;)I @ 1130
Event: 5.467 Thread 0x000000001704f800 Uncommon trap: reason=class_check action=maybe_recompile pc=0x00000000035ab618 method=com.android.dx.cf.code.RopperMachine.run(Lcom/android/dx/cf/code/Frame;II)V @ 1024
Event: 5.503 Thread 0x0000000002bce000 Uncommon trap: reason=unstable_if action=reinterpret pc=0x00000000035ab034 method=java.util.HashMap.getNode(ILjava/lang/Object;)Ljava/util/HashMap$Node; @ 84
Event: 5.538 Thread 0x0000000002bce000 Uncommon trap: reason=unstable_if action=reinterpret pc=0x0000000003514bfc method=java.util.HashMap.resize()[Ljava/util/HashMap$Node; @ 206
Event: 5.960 Thread 0x000000001704f800 Uncommon trap: reason=unstable_if action=reinterpret pc=0x0000000003602dac method=com.android.dx.rop.cst.CstNat.equals(Ljava/lang/Object;)Z @ 25
Event: 5.975 Thread 0x0000000017051000 Uncommon trap: reason=unstable_if action=reinterpret pc=0x00000000035000b4 method=com.android.dx.ssa.SCCP.simulateBranch(Lcom/android/dx/ssa/SsaInsn;)V @ 548

Internal exceptions (5 events):
Event: 0.073 Thread 0x0000000002bce000 Exception <a 'java/lang/NoSuchMethodError': Method sun.misc.Unsafe.defineClass(Ljava/lang/String;[BII)Ljava/lang/Class; name or signature does not match> (0x00000000eab07cc0) thrown at [C:\re\workspace\8-2-build-windows-amd64-cygwin\jdk8u91\7017\hotspot\srU<­j¦¾²?
Event: 0.073 Thread 0x0000000002bce000 Exception <a 'java/lang/NoSuchMethodError': Method sun.misc.Unsafe.prefetchRead(Ljava/lang/Object;J)V name or signature does not match> (0x00000000eab07fa8) thrown at [C:\re\workspace\8-2-build-windows-amd64-cygwin\jdk8u91\7017\hotspot\src\share\vm\prims\j‚‡à¥Yø@
Event: 4.993 Thread 0x0000000017051800 Exception <a 'java/lang/ArrayIndexOutOfBoundsException': 18> (0x00000000ec15b528) thrown at [C:\re\workspace\8-2-build-windows-amd64-cygwin\jdk8u91\7017\hotspot\src\share\vm\interpreter\interpreterRuntime.cpp, line 366]
Event: 4.993 Thread 0x0000000017051800 Exception <a 'java/lang/ArrayIndexOutOfBoundsException': 145> (0x00000000ec15d0a8) thrown at [C:\re\workspace\8-2-build-windows-amd64-cygwin\jdk8u91\7017\hotspot\src\share\vm\interpreter\interpreterRuntime.cpp, line 366]
Event: 4.994 Thread 0x0000000017051800 Exception <a 'java/lang/ArrayIndexOutOfBoundsException'> (0x00000000ec15e390) thrown at [C:\re\workspace\8-2-build-windows-amd64-cygwin\jdk8u91\7017\hotspot\src\share\vm\runtime\sharedRuntime.cpp, line 605]

Events (10 events):
Event: 5.975 Thread 0x0000000017051000 Uncommon trap: trap_request=0xffffff65 fr.pc=0x00000000035000b4
Event: 5.975 Thread 0x0000000017051000 DEOPT PACKING pc=0x00000000035000b4 sp=0x000000001788eab0
Event: 5.975 Thread 0x0000000017051000 DEOPT UNPACKING pc=0x0000000002e8582a sp=0x000000001788ea88 mode 2
Event: 6.152 loading class java/util/HashMap$KeySet
Event: 6.152 loading class java/util/HashMap$KeySet done
Event: 6.152 loading class java/util/HashMap$KeyIterator
Event: 6.152 loading class java/util/HashMap$KeyIterator done
Event: 6.153 Thread 0x000000001704f800 Thread exited: 0x000000001704f800
Event: 6.153 Thread 0x0000000017051000 Thread exited: 0x0000000017051000
Event: 6.156 Thread 0x0000000017051800 Thread exited: 0x0000000017051800


Dynamic libraries:
0x00007ff6c3c30000 - 0x00007ff6c3c67000 	C:\Program Files\Java\jdk1.8.0_91\bin\java.exe
0x00007ff992c00000 - 0x00007ff992dd1000 	C:\WINDOWS\SYSTEM32\ntdll.dll
0x00007ff990a10000 - 0x00007ff990abb000 	C:\WINDOWS\System32\KERNEL32.DLL
0x00007ff98f740000 - 0x00007ff98f95d000 	C:\WINDOWS\System32\KERNELBASE.dll
0x00007ff990190000 - 0x00007ff990232000 	C:\WINDOWS\System32\ADVAPI32.dll
0x00007ff9911a0000 - 0x00007ff99123e000 	C:\WINDOWS\System32\msvcrt.dll
0x00007ff9909b0000 - 0x00007ff990a09000 	C:\WINDOWS\System32\sechost.dll
0x00007ff990240000 - 0x00007ff990361000 	C:\WINDOWS\System32\RPCRT4.dll
0x00007ff991520000 - 0x00007ff991685000 	C:\WINDOWS\System32\USER32.dll
0x00007ff98f1f0000 - 0x00007ff98f20e000 	C:\WINDOWS\System32\win32u.dll
0x00007ff990380000 - 0x00007ff9903b4000 	C:\WINDOWS\System32\GDI32.dll
0x00007ff98f5b0000 - 0x00007ff98f732000 	C:\WINDOWS\System32\gdi32full.dll
0x00007ff98b6a0000 - 0x00007ff98b919000 	C:\WINDOWS\WinSxS\amd64_microsoft.windows.common-controls_6595b64144ccf1df_6.0.14393.0_none_2d0f50fcbdb171b8\COMCTL32.dll
0x00007ff990c60000 - 0x00007ff990f27000 	C:\WINDOWS\System32\combase.dll
0x00007ff990090000 - 0x00007ff990185000 	C:\WINDOWS\System32\ucrtbase.dll
0x00007ff98f540000 - 0x00007ff98f5aa000 	C:\WINDOWS\System32\bcryptPrimitives.dll
0x00007ff991490000 - 0x00007ff9914be000 	C:\WINDOWS\System32\IMM32.DLL
0x00007ff98f000000 - 0x00007ff98f031000 	C:\Windows\system32\nvinitx.dll
0x00007ff98eff0000 - 0x00007ff98effa000 	C:\WINDOWS\SYSTEM32\VERSION.dll
0x0000000057720000 - 0x00000000577f2000 	C:\Program Files\Java\jdk1.8.0_91\jre\bin\msvcr100.dll
0x0000000057bc0000 - 0x0000000058453000 	C:\Program Files\Java\jdk1.8.0_91\jre\bin\server\jvm.dll
0x00007ff991090000 - 0x00007ff991098000 	C:\WINDOWS\System32\PSAPI.DLL
0x00007ff97d650000 - 0x00007ff97d659000 	C:\WINDOWS\SYSTEM32\WSOCK32.dll
0x00007ff991240000 - 0x00007ff9912aa000 	C:\WINDOWS\System32\WS2_32.dll
0x00007ff98c440000 - 0x00007ff98c463000 	C:\WINDOWS\SYSTEM32\WINMM.dll
0x00007ff98c3e0000 - 0x00007ff98c40b000 	C:\WINDOWS\SYSTEM32\WINMMBASE.dll
0x00007ff98f960000 - 0x00007ff98f9a2000 	C:\WINDOWS\System32\cfgmgr32.dll
0x0000000057bb0000 - 0x0000000057bbf000 	C:\Program Files\Java\jdk1.8.0_91\jre\bin\verify.dll
0x0000000057b80000 - 0x0000000057ba9000 	C:\Program Files\Java\jdk1.8.0_91\jre\bin\java.dll
0x0000000057b60000 - 0x0000000057b76000 	C:\Program Files\Java\jdk1.8.0_91\jre\bin\zip.dll
0x00007ff9916f0000 - 0x00007ff992bf8000 	C:\WINDOWS\System32\SHELL32.dll
0x00007ff98f9b0000 - 0x00007ff99008a000 	C:\WINDOWS\System32\windows.storage.dll
0x00007ff98f110000 - 0x00007ff98f15c000 	C:\WINDOWS\System32\powrprof.dll
0x00007ff991690000 - 0x00007ff9916e2000 	C:\WINDOWS\System32\shlwapi.dll
0x00007ff98f180000 - 0x00007ff98f18f000 	C:\WINDOWS\System32\kernel.appcore.dll
0x00007ff98f2c0000 - 0x00007ff98f369000 	C:\WINDOWS\System32\shcore.dll
0x00007ff98f160000 - 0x00007ff98f174000 	C:\WINDOWS\System32\profapi.dll

VM Arguments:
jvm_args: -Djava.awt.headless=true -Xmx1024M -Dfile.encoding=windows-1252 -Duser.country=BR -Duser.language=pt -Duser.variant 
java_command: com.android.dx.command.Main --dex --force-jumbo --num-threads=4 --multi-dex --output C:\Users\Douglas\Desktop\AndroidStudio\AppPOO\app\build\intermediates\transforms\dex\debug\folders\1000\10\com.android.support-appcompat-v7-23.4.0_70c1ea5369273f797233c89de7d350f5e95d5fda C:\Users\Douglas\Desktop\AndroidStudio\AppPOO\app\build\intermediates\exploded-aar\com.android.support\appcompat-v7\23.4.0\jars\classes.jar
java_class_path (initial): C:\Users\Douglas\AppData\Local\Android\sdk\build-tools\24.0.1\lib\dx.jar
Launcher Type: SUN_STANDARD

Environment Variables:
PATH=C:\ProgramData\Oracle\Java\javapath;C:\Program Files (x86)\Intel\iCLS Client\;C:\Program Files\Intel\iCLS Client\;C:\WINDOWS\system32;C:\WINDOWS;C:\WINDOWS\System32\Wbem;C:\WINDOWS\System32\WindowsPowerShell\v1.0\;C:\Program Files\Intel\Intel(R) Management Engine Components\DAL;C:\Program Files\Intel\Intel(R) Management Engine Components\IPT;C:\Program Files (x86)\Intel\Intel(R) Management Engine Components\DAL;C:\Program Files (x86)\Intel\Intel(R) Management Engine Components\IPT;C:\Program Files (x86)\Windows Live\Shared;C:\Program Files (x86)\Skype\Phone\;C:\Program Files (x86)\NVIDIA Corporation\PhysX\Common;C:\WINDOWS\system32;C:\WINDOWS;C:\WINDOWS\System32\Wbem;C:\WINDOWS\System32\WindowsPowerShell\v1.0\;C:\Program Files\Microsoft SQL Server\Client SDK\ODBC\110\Tools\Binn\;C:\Program Files (x86)\Microsoft SQL Server\120\Tools\Binn\;C:\Program Files\Microsoft SQL Server\120\Tools\Binn\;C:\Program Files\Microsoft SQL Server\120\DTS\Binn\;C:\Program Files (x86)\Microsoft SQL Server\120\Tools\Binn\ManagementStudio\;C:\Program Files (x86)\Microsoft SQL Server\120\DTS\Binn\;C:\Program Files\Git\cmd;C:\Users\Douglas\AppData\Local\Microsoft\WindowsApps;
USERNAME=Douglas
OS=Windows_NT
PROCESSOR_IDENTIFIER=Intel64 Family 6 Model 58 Stepping 9, GenuineIntel



---------------  S Y S T E M  ---------------

OS: Windows 10.0 , 64 bit Build 14393 (10.0.14393.0)

CPU:total 4 (2 cores per cpu, 2 threads per core) family 6 model 58 stepping 9, cmov, cx8, fxsr, mmx, sse, sse2, sse3, ssse3, sse4.1, sse4.2, popcnt, avx, aes, clmul, erms, ht, tsc, tscinvbit, tscinv

Memory: 4k page, physical 6153312k(1127564k free), swap 6153312k(4096k free)

vm_info: Java HotSpot(TM) 64-Bit Server VM (25.91-b15) for windows-amd64 JRE (1.8.0_91-b15), built on May 20 2016 17:43:15 by "java_re" with MS VC++ 10.0 (VS2010)

time: Wed Sep 07 21:25:44 2016
elapsed time: 6 seconds (0d 0h 0m 6s)

