#
# There is insufficient memory for the Java Runtime Environment to continue.
# Native memory allocation (malloc) failed to allocate 131088 bytes for Chunk::new
# Possible reasons:
#   The system is out of physical RAM or swap space
#   In 32 bit mode, the process size limit was hit
# Possible solutions:
#   Reduce memory load on the system
#   Increase physical memory or swap space
#   Check if swap backing store is full
#   Use 64 bit Java on a 64 bit OS
#   Decrease Java heap size (-Xmx/-Xms)
#   Decrease number of Java threads
#   Decrease Java thread stack sizes (-Xss)
#   Set larger code cache with -XX:ReservedCodeCacheSize=
# This output file may be truncated or incomplete.
#
#  Out of Memory Error (allocation.cpp:390), pid=6704, tid=13188
#
# JRE version: Java(TM) SE Runtime Environment (8.0_91-b15) (build 1.8.0_91-b15)
# Java VM: Java HotSpot(TM) 64-Bit Server VM (25.91-b15 mixed mode windows-amd64 compressed oops)
# Failed to write core dump. Minidumps are not enabled by default on client versions of Windows
#

---------------  T H R E A D  ---------------

Current thread (0x0000000014c78800):  JavaThread "C2 CompilerThread1" daemon [_thread_in_native, id=13188, stack(0x0000000016380000,0x0000000016480000)]

Stack: [0x0000000016380000,0x0000000016480000]
[error occurred during error reporting (printing stack bounds), id 0xc0000005]

Native frames: (J=compiled Java code, j=interpreted, Vv=VM code, C=native code)


Current CompileTask:
C2:  17500 2597 %     4       com.android.dx.dex.code.LocalList::make @ 16 (102 bytes)


---------------  P R O C E S S  ---------------

Java Threads: ( => current thread )
  0x00000000184f7000 JavaThread "pool-1-thread-1" [_thread_in_Java, id=13232, stack(0x0000000018850000,0x0000000018950000)]
  0x000000001648e000 JavaThread "Service Thread" daemon [_thread_blocked, id=10756, stack(0x0000000016980000,0x0000000016a80000)]
  0x0000000016480800 JavaThread "C1 CompilerThread2" daemon [_thread_blocked, id=12676, stack(0x0000000016880000,0x0000000016980000)]
=>0x0000000014c78800 JavaThread "C2 CompilerThread1" daemon [_thread_in_native, id=13188, stack(0x0000000016380000,0x0000000016480000)]
  0x0000000014c1d000 JavaThread "C2 CompilerThread0" daemon [_thread_in_native, id=5948, stack(0x0000000016280000,0x0000000016380000)]
  0x0000000014c1a800 JavaThread "Attach Listener" daemon [_thread_blocked, id=4820, stack(0x0000000016180000,0x0000000016280000)]
  0x0000000014c19000 JavaThread "Signal Dispatcher" daemon [_thread_blocked, id=9600, stack(0x0000000016080000,0x0000000016180000)]
  0x0000000002545000 JavaThread "Finalizer" daemon [_thread_blocked, id=764, stack(0x0000000015e80000,0x0000000015f80000)]
  0x000000000253f800 JavaThread "Reference Handler" daemon [_thread_blocked, id=10960, stack(0x0000000015d80000,0x0000000015e80000)]
  0x0000000000a8e000 JavaThread "main" [_thread_blocked, id=8236, stack(0x0000000002350000,0x0000000002450000)]

Other Threads:
  0x0000000014be8000 VMThread [stack: 0x0000000015c80000,0x0000000015d80000] [id=6248]
  0x000000001649a800 WatcherThread [stack: 0x0000000016a80000,0x0000000016b80000] [id=5484]

VM state:not at safepoint (normal execution)

VM Mutex/Monitor currently owned by a thread: None

Heap:
 PSYoungGen      total 101888K, used 89415K [0x00000000eab00000, 0x00000000f1200000, 0x0000000100000000)
  eden space 98304K, 87% used [0x00000000eab00000,0x00000000efed5eb8,0x00000000f0b00000)
  from space 3584K, 99% used [0x00000000f0b00000,0x00000000f0e7bd88,0x00000000f0e80000)
  to   space 3584K, 0% used [0x00000000f0e80000,0x00000000f0e80000,0x00000000f1200000)
 ParOldGen       total 64512K, used 34209K [0x00000000c0000000, 0x00000000c3f00000, 0x00000000eab00000)
  object space 64512K, 53% used [0x00000000c0000000,0x00000000c21684d8,0x00000000c3f00000)
 Metaspace       used 6838K, capacity 7544K, committed 7680K, reserved 1056768K
  class space    used 644K, capacity 688K, committed 768K, reserved 1048576K

Card table byte_map: [0x0000000011910000,0x0000000011b20000] byte_map_base: 0x0000000011310000

Marking Bits: (ParMarkBitMap*) 0x0000000063f82f70
 Begin Bits: [0x0000000012080000, 0x0000000013080000)
 End Bits:   [0x0000000013080000, 0x0000000014080000)

Polling page: 0x0000000000a30000

CodeCache: size=245760Kb used=11657Kb max_used=11658Kb free=234102Kb
 bounds [0x0000000002550000, 0x00000000030c0000, 0x0000000011550000]
 total_blobs=2735 nmethods=2465 adapters=182
 compilation: enabled

Compilation events (10 events):
Event: 16.933 Thread 0x0000000014c78800 nmethod 2573 0x00000000030bb790 code [0x00000000030bb8c0, 0x00000000030bb958]
Event: 16.933 Thread 0x0000000014c78800 2587       4       com.android.dx.rop.cst.CstLiteral64::hashCode (15 bytes)
Event: 16.934 Thread 0x0000000014c78800 nmethod 2587 0x0000000002f63b50 code [0x0000000002f63c80, 0x0000000002f63cf8]
Event: 17.434 Thread 0x0000000014c78800 2597 %     4       com.android.dx.dex.code.LocalList::make @ 16 (102 bytes)
Event: 17.466 Thread 0x0000000016480800 2604       1       com.android.dx.rop.cst.CstKnownNull::fitsInInt (2 bytes)
Event: 17.466 Thread 0x0000000016480800 nmethod 2604 0x00000000030b84d0 code [0x00000000030b8620, 0x00000000030b8730]
Event: 17.466 Thread 0x0000000016480800 2605       1       com.android.dx.rop.cst.CstKnownNull::getIntBits (2 bytes)
Event: 17.467 Thread 0x0000000016480800 nmethod 2605 0x00000000030b8210 code [0x00000000030b8360, 0x00000000030b8470]
Event: 17.467 Thread 0x0000000016480800 2606       3       com.android.dx.dex.code.form.Form22t::isCompatible (72 bytes)
Event: 17.469 Thread 0x0000000016480800 nmethod 2606 0x00000000030bd290 code [0x00000000030bd500, 0x00000000030bed78]

GC Heap History (10 events):
Event: 1.542 GC heap before
{Heap before GC invocations=1 (full 0):
 PSYoungGen      total 28160K, used 24576K [0x00000000eab00000, 0x00000000eca00000, 0x0000000100000000)
  eden space 24576K, 100% used [0x00000000eab00000,0x00000000ec300000,0x00000000ec300000)
  from space 3584K, 0% used [0x00000000ec680000,0x00000000ec680000,0x00000000eca00000)
  to   space 3584K, 0% used [0x00000000ec300000,0x00000000ec300000,0x00000000ec680000)
 ParOldGen       total 64512K, used 0K [0x00000000c0000000, 0x00000000c3f00000, 0x00000000eab00000)
  object space 64512K, 0% used [0x00000000c0000000,0x00000000c0000000,0x00000000c3f00000)
 Metaspace       used 5892K, capacity 6834K, committed 7040K, reserved 1056768K
  class space    used 603K, capacity 618K, committed 640K, reserved 1048576K
Event: 1.604 GC heap after
Heap after GC invocations=1 (full 0):
 PSYoungGen      total 28160K, used 3560K [0x00000000eab00000, 0x00000000ee200000, 0x0000000100000000)
  eden space 24576K, 0% used [0x00000000eab00000,0x00000000eab00000,0x00000000ec300000)
  from space 3584K, 99% used [0x00000000ec300000,0x00000000ec67a078,0x00000000ec680000)
  to   space 3584K, 0% used [0x00000000ede80000,0x00000000ede80000,0x00000000ee200000)
 ParOldGen       total 64512K, used 993K [0x00000000c0000000, 0x00000000c3f00000, 0x00000000eab00000)
  object space 64512K, 1% used [0x00000000c0000000,0x00000000c00f8470,0x00000000c3f00000)
 Metaspace       used 5892K, capacity 6834K, committed 7040K, reserved 1056768K
  class space    used 603K, capacity 618K, committed 640K, reserved 1048576K
}
Event: 3.214 GC heap before
{Heap before GC invocations=2 (full 0):
 PSYoungGen      total 28160K, used 28136K [0x00000000eab00000, 0x00000000ee200000, 0x0000000100000000)
  eden space 24576K, 100% used [0x00000000eab00000,0x00000000ec300000,0x00000000ec300000)
  from space 3584K, 99% used [0x00000000ec300000,0x00000000ec67a078,0x00000000ec680000)
  to   space 3584K, 0% used [0x00000000ede80000,0x00000000ede80000,0x00000000ee200000)
 ParOldGen       total 64512K, used 993K [0x00000000c0000000, 0x00000000c3f00000, 0x00000000eab00000)
  object space 64512K, 1% used [0x00000000c0000000,0x00000000c00f8470,0x00000000c3f00000)
 Metaspace       used 6206K, capacity 7090K, committed 7296K, reserved 1056768K
  class space    used 603K, capacity 618K, committed 640K, reserved 1048576K
Event: 3.341 GC heap after
Heap after GC invocations=2 (full 0):
 PSYoungGen      total 52736K, used 3571K [0x00000000eab00000, 0x00000000ee200000, 0x0000000100000000)
  eden space 49152K, 0% used [0x00000000eab00000,0x00000000eab00000,0x00000000edb00000)
  from space 3584K, 99% used [0x00000000ede80000,0x00000000ee1fcc40,0x00000000ee200000)
  to   space 3584K, 0% used [0x00000000edb00000,0x00000000edb00000,0x00000000ede80000)
 ParOldGen       total 64512K, used 4227K [0x00000000c0000000, 0x00000000c3f00000, 0x00000000eab00000)
  object space 64512K, 6% used [0x00000000c0000000,0x00000000c0420eb0,0x00000000c3f00000)
 Metaspace       used 6206K, capacity 7090K, committed 7296K, reserved 1056768K
  class space    used 603K, capacity 618K, committed 640K, reserved 1048576K
}
Event: 5.503 GC heap before
{Heap before GC invocations=3 (full 0):
 PSYoungGen      total 52736K, used 52723K [0x00000000eab00000, 0x00000000ee200000, 0x0000000100000000)
  eden space 49152K, 100% used [0x00000000eab00000,0x00000000edb00000,0x00000000edb00000)
  from space 3584K, 99% used [0x00000000ede80000,0x00000000ee1fcc40,0x00000000ee200000)
  to   space 3584K, 0% used [0x00000000edb00000,0x00000000edb00000,0x00000000ede80000)
 ParOldGen       total 64512K, used 4227K [0x00000000c0000000, 0x00000000c3f00000, 0x00000000eab00000)
  object space 64512K, 6% used [0x00000000c0000000,0x00000000c0420eb0,0x00000000c3f00000)
 Metaspace       used 6279K, capacity 7154K, committed 7296K, reserved 1056768K
  class space    used 604K, capacity 618K, committed 640K, reserved 1048576K
Event: 5.650 GC heap after
Heap after GC invocations=3 (full 0):
 PSYoungGen      total 52736K, used 3558K [0x00000000eab00000, 0x00000000f1200000, 0x0000000100000000)
  eden space 49152K, 0% used [0x00000000eab00000,0x00000000eab00000,0x00000000edb00000)
  from space 3584K, 99% used [0x00000000edb00000,0x00000000ede79a48,0x00000000ede80000)
  to   space 3584K, 0% used [0x00000000f0e80000,0x00000000f0e80000,0x00000000f1200000)
 ParOldGen       total 64512K, used 11411K [0x00000000c0000000, 0x00000000c3f00000, 0x00000000eab00000)
  object space 64512K, 17% used [0x00000000c0000000,0x00000000c0b24c68,0x00000000c3f00000)
 Metaspace       used 6279K, capacity 7154K, committed 7296K, reserved 1056768K
  class space    used 604K, capacity 618K, committed 640K, reserved 1048576K
}
Event: 6.891 GC heap before
{Heap before GC invocations=4 (full 0):
 PSYoungGen      total 52736K, used 52710K [0x00000000eab00000, 0x00000000f1200000, 0x0000000100000000)
  eden space 49152K, 100% used [0x00000000eab00000,0x00000000edb00000,0x00000000edb00000)
  from space 3584K, 99% used [0x00000000edb00000,0x00000000ede79a48,0x00000000ede80000)
  to   space 3584K, 0% used [0x00000000f0e80000,0x00000000f0e80000,0x00000000f1200000)
 ParOldGen       total 64512K, used 11411K [0x00000000c0000000, 0x00000000c3f00000, 0x00000000eab00000)
  object space 64512K, 17% used [0x00000000c0000000,0x00000000c0b24c68,0x00000000c3f00000)
 Metaspace       used 6332K, capacity 7154K, committed 7296K, reserved 1056768K
  class space    used 605K, capacity 618K, committed 640K, reserved 1048576K
Event: 7.088 GC heap after
Heap after GC invocations=4 (full 0):
 PSYoungGen      total 101888K, used 3570K [0x00000000eab00000, 0x00000000f1200000, 0x0000000100000000)
  eden space 98304K, 0% used [0x00000000eab00000,0x00000000eab00000,0x00000000f0b00000)
  from space 3584K, 99% used [0x00000000f0e80000,0x00000000f11fc900,0x00000000f1200000)
  to   space 3584K, 0% used [0x00000000f0b00000,0x00000000f0b00000,0x00000000f0e80000)
 ParOldGen       total 64512K, used 19288K [0x00000000c0000000, 0x00000000c3f00000, 0x00000000eab00000)
  object space 64512K, 29% used [0x00000000c0000000,0x00000000c12d61a8,0x00000000c3f00000)
 Metaspace       used 6332K, capacity 7154K, committed 7296K, reserved 1056768K
  class space    used 605K, capacity 618K, committed 640K, reserved 1048576K
}
Event: 11.003 GC heap before
{Heap before GC invocations=5 (full 0):
 PSYoungGen      total 101888K, used 101874K [0x00000000eab00000, 0x00000000f1200000, 0x0000000100000000)
  eden space 98304K, 100% used [0x00000000eab00000,0x00000000f0b00000,0x00000000f0b00000)
  from space 3584K, 99% used [0x00000000f0e80000,0x00000000f11fc900,0x00000000f1200000)
  to   space 3584K, 0% used [0x00000000f0b00000,0x00000000f0b00000,0x00000000f0e80000)
 ParOldGen       total 64512K, used 19288K [0x00000000c0000000, 0x00000000c3f00000, 0x00000000eab00000)
  object space 64512K, 29% used [0x00000000c0000000,0x00000000c12d61a8,0x00000000c3f00000)
 Metaspace       used 6505K, capacity 7192K, committed 7424K, reserved 1056768K
  class space    used 626K, capacity 656K, committed 768K, reserved 1048576K
Event: 11.135 GC heap after
Heap after GC invocations=5 (full 0):
 PSYoungGen      total 101888K, used 3567K [0x00000000eab00000, 0x00000000f1200000, 0x0000000100000000)
  eden space 98304K, 0% used [0x00000000eab00000,0x00000000eab00000,0x00000000f0b00000)
  from space 3584K, 99% used [0x00000000f0b00000,0x00000000f0e7bd88,0x00000000f0e80000)
  to   space 3584K, 0% used [0x00000000f0e80000,0x00000000f0e80000,0x00000000f1200000)
 ParOldGen       total 64512K, used 34209K [0x00000000c0000000, 0x00000000c3f00000, 0x00000000eab00000)
  object space 64512K, 53% used [0x00000000c0000000,0x00000000c21684d8,0x00000000c3f00000)
 Metaspace       used 6505K, capacity 7192K, committed 7424K, reserved 1056768K
  class space    used 626K, capacity 656K, committed 768K, reserved 1048576K
}

Deoptimization events (10 events):
Event: 13.679 Thread 0x00000000184f7000 Uncommon trap: reason=class_check action=maybe_recompile pc=0x00000000029d1588 method=java.util.Arrays.hashCode([Ljava/lang/Object;)I @ 43
Event: 13.679 Thread 0x00000000184f7000 Uncommon trap: reason=class_check action=maybe_recompile pc=0x00000000029d1588 method=java.util.Arrays.hashCode([Ljava/lang/Object;)I @ 43
Event: 13.679 Thread 0x00000000184f7000 Uncommon trap: reason=class_check action=maybe_recompile pc=0x00000000029d1ef4 method=java.util.Arrays.hashCode([Ljava/lang/Object;)I @ 43
Event: 14.673 Thread 0x00000000184f7000 Uncommon trap: reason=speculate_class_check action=maybe_recompile pc=0x00000000028866dc method=com.android.dx.util.FixedSizeList.equals(Ljava/lang/Object;)Z @ 25
Event: 14.673 Thread 0x00000000184f7000 Uncommon trap: reason=unstable_if action=reinterpret pc=0x00000000028597f8 method=java.util.Arrays.equals([Ljava/lang/Object;[Ljava/lang/Object;)Z @ 23
Event: 14.716 Thread 0x00000000184f7000 Uncommon trap: reason=speculate_class_check action=maybe_recompile pc=0x00000000028866dc method=com.android.dx.util.FixedSizeList.equals(Ljava/lang/Object;)Z @ 25
Event: 14.716 Thread 0x00000000184f7000 Uncommon trap: reason=speculate_class_check action=maybe_recompile pc=0x00000000028866dc method=com.android.dx.util.FixedSizeList.equals(Ljava/lang/Object;)Z @ 25
Event: 14.716 Thread 0x00000000184f7000 Uncommon trap: reason=speculate_class_check action=maybe_recompile pc=0x00000000028866dc method=com.android.dx.util.FixedSizeList.equals(Ljava/lang/Object;)Z @ 25
Event: 16.892 Thread 0x00000000184f7000 Uncommon trap: reason=unstable_if action=reinterpret pc=0x0000000002d1cc8c method=java.util.TreeMap.put(Ljava/lang/Object;Ljava/lang/Object;)Ljava/lang/Object; @ 163
Event: 16.911 Thread 0x00000000184f7000 Uncommon trap: reason=unstable_if action=reinterpret pc=0x000000000306eda0 method=com.android.dx.rop.code.RegisterSpec.matchesVariable(Lcom/android/dx/rop/code/RegisterSpec;)Z @ 59

Internal exceptions (5 events):
Event: 0.336 Thread 0x0000000000a8e000 Exception <a 'java/lang/NoSuchMethodError': Method sun.misc.Unsafe.defineClass(Ljava/lang/String;[BII)Ljava/lang/Class; name or signature does not match> (0x00000000eab07cc0) thrown at [C:\re\workspace\8-2-build-windows-amd64-cygwin\jdk8u91\7017\hotspot\srüðOkÕ?
Event: 0.336 Thread 0x0000000000a8e000 Exception <a 'java/lang/NoSuchMethodError': Method sun.misc.Unsafe.prefetchRead(Ljava/lang/Object;J)V name or signature does not match> (0x00000000eab07fa8) thrown at [C:\re\workspace\8-2-build-windows-amd64-cygwin\jdk8u91\7017\hotspot\src\share\vm\prims\j±È¯GÓ• @
Event: 8.293 Thread 0x0000000000a8e000 Exception <a 'java/lang/ArrayIndexOutOfBoundsException': 18> (0x00000000ebda49d0) thrown at [C:\re\workspace\8-2-build-windows-amd64-cygwin\jdk8u91\7017\hotspot\src\share\vm\interpreter\interpreterRuntime.cpp, line 366]
Event: 8.293 Thread 0x0000000000a8e000 Exception <a 'java/lang/ArrayIndexOutOfBoundsException': 145> (0x00000000ebda6550) thrown at [C:\re\workspace\8-2-build-windows-amd64-cygwin\jdk8u91\7017\hotspot\src\share\vm\interpreter\interpreterRuntime.cpp, line 366]
Event: 8.294 Thread 0x0000000000a8e000 Exception <a 'java/lang/ArrayIndexOutOfBoundsException'> (0x00000000ebda7838) thrown at [C:\re\workspace\8-2-build-windows-amd64-cygwin\jdk8u91\7017\hotspot\src\share\vm\runtime\sharedRuntime.cpp, line 605]

Events (10 events):
Event: 14.716 Thread 0x00000000184f7000 DEOPT UNPACKING pc=0x000000000259582a sp=0x000000001894e820 mode 2
Event: 14.716 Thread 0x00000000184f7000 Uncommon trap: trap_request=0xffffff76 fr.pc=0x00000000028866dc
Event: 14.716 Thread 0x00000000184f7000 DEOPT PACKING pc=0x00000000028866dc sp=0x000000001894e860
Event: 14.716 Thread 0x00000000184f7000 DEOPT UNPACKING pc=0x000000000259582a sp=0x000000001894e820 mode 2
Event: 16.892 Thread 0x00000000184f7000 Uncommon trap: trap_request=0xffffff65 fr.pc=0x0000000002d1cc8c
Event: 16.892 Thread 0x00000000184f7000 DEOPT PACKING pc=0x0000000002d1cc8c sp=0x000000001894ea10
Event: 16.892 Thread 0x00000000184f7000 DEOPT UNPACKING pc=0x000000000259582a sp=0x000000001894e9b0 mode 2
Event: 16.911 Thread 0x00000000184f7000 Uncommon trap: trap_request=0xffffff65 fr.pc=0x000000000306eda0
Event: 16.911 Thread 0x00000000184f7000 DEOPT PACKING pc=0x000000000306eda0 sp=0x000000001894e860
Event: 16.911 Thread 0x00000000184f7000 DEOPT UNPACKING pc=0x000000000259582a sp=0x000000001894e808 mode 2


Dynamic libraries:
0x00007ff711820000 - 0x00007ff711857000 	C:\Program Files\Java\jdk1.8.0_91\bin\java.exe
0x00007ffb54a20000 - 0x00007ffb54bf1000 	C:\WINDOWS\SYSTEM32\ntdll.dll
0x00007ffb51fb0000 - 0x00007ffb5205b000 	C:\WINDOWS\System32\KERNEL32.DLL
0x00007ffb51d30000 - 0x00007ffb51f4d000 	C:\WINDOWS\System32\KERNELBASE.dll
0x00007ffb52b10000 - 0x00007ffb52bb2000 	C:\WINDOWS\System32\ADVAPI32.dll
0x00007ffb54610000 - 0x00007ffb546ae000 	C:\WINDOWS\System32\msvcrt.dll
0x00007ffb54460000 - 0x00007ffb544b9000 	C:\WINDOWS\System32\sechost.dll
0x00007ffb52380000 - 0x00007ffb524a1000 	C:\WINDOWS\System32\RPCRT4.dll
0x00007ffb52d70000 - 0x00007ffb52ed5000 	C:\WINDOWS\System32\USER32.dll
0x00007ffb51000000 - 0x00007ffb5101e000 	C:\WINDOWS\System32\win32u.dll
0x00007ffb546b0000 - 0x00007ffb546e4000 	C:\WINDOWS\System32\GDI32.dll
0x00007ffb518d0000 - 0x00007ffb51a52000 	C:\WINDOWS\System32\gdi32full.dll
0x00007ffb4c200000 - 0x00007ffb4c479000 	C:\WINDOWS\WinSxS\amd64_microsoft.windows.common-controls_6595b64144ccf1df_6.0.14393.0_none_2d0f50fcbdb171b8\COMCTL32.dll
0x00007ffb546f0000 - 0x00007ffb549b7000 	C:\WINDOWS\System32\combase.dll
0x00007ffb51c30000 - 0x00007ffb51d25000 	C:\WINDOWS\System32\ucrtbase.dll
0x00007ffb51860000 - 0x00007ffb518ca000 	C:\WINDOWS\System32\bcryptPrimitives.dll
0x00007ffb521b0000 - 0x00007ffb521de000 	C:\WINDOWS\System32\IMM32.DLL
0x00007ffb50e20000 - 0x00007ffb50e51000 	C:\Windows\system32\nvinitx.dll
0x00007ffb50e10000 - 0x00007ffb50e1a000 	C:\WINDOWS\SYSTEM32\VERSION.dll
0x0000000063310000 - 0x00000000633e2000 	C:\Program Files\Java\jdk1.8.0_91\jre\bin\msvcr100.dll
0x0000000063770000 - 0x0000000064003000 	C:\Program Files\Java\jdk1.8.0_91\jre\bin\server\jvm.dll
0x00007ffb52d60000 - 0x00007ffb52d68000 	C:\WINDOWS\System32\PSAPI.DLL
0x00007ffb4b330000 - 0x00007ffb4b339000 	C:\WINDOWS\SYSTEM32\WSOCK32.dll
0x00007ffb52ee0000 - 0x00007ffb52f4a000 	C:\WINDOWS\System32\WS2_32.dll
0x00007ffb4eb70000 - 0x00007ffb4eb93000 	C:\WINDOWS\SYSTEM32\WINMM.dll
0x00007ffb4ea20000 - 0x00007ffb4ea4b000 	C:\WINDOWS\SYSTEM32\WINMMBASE.dll
0x00007ffb50fb0000 - 0x00007ffb50ff2000 	C:\WINDOWS\System32\cfgmgr32.dll
0x00000000641e0000 - 0x00000000641ef000 	C:\Program Files\Java\jdk1.8.0_91\jre\bin\verify.dll
0x0000000063740000 - 0x0000000063769000 	C:\Program Files\Java\jdk1.8.0_91\jre\bin\java.dll
0x0000000063720000 - 0x0000000063736000 	C:\Program Files\Java\jdk1.8.0_91\jre\bin\zip.dll
0x00007ffb52f50000 - 0x00007ffb54458000 	C:\WINDOWS\System32\SHELL32.dll
0x00007ffb51020000 - 0x00007ffb516fa000 	C:\WINDOWS\System32\windows.storage.dll
0x00007ffb50f40000 - 0x00007ffb50f8c000 	C:\WINDOWS\System32\powrprof.dll
0x00007ffb549c0000 - 0x00007ffb54a12000 	C:\WINDOWS\System32\shlwapi.dll
0x00007ffb50fa0000 - 0x00007ffb50faf000 	C:\WINDOWS\System32\kernel.appcore.dll
0x00007ffb51700000 - 0x00007ffb517a9000 	C:\WINDOWS\System32\shcore.dll
0x00007ffb50f20000 - 0x00007ffb50f34000 	C:\WINDOWS\System32\profapi.dll

VM Arguments:
jvm_args: -Djava.awt.headless=true -Xmx1024M -Dfile.encoding=windows-1252 -Duser.country=BR -Duser.language=pt -Duser.variant 
java_command: com.android.dx.command.Main --dex --force-jumbo --num-threads=4 --multi-dex --output C:\Users\Douglas\Desktop\AndroidStudio\AppPOO\app\build\intermediates\transforms\dex\debug\folders\1000\10\com.android.support-appcompat-v7-23.4.0_70c1ea5369273f797233c89de7d350f5e95d5fda C:\Users\Douglas\Desktop\AndroidStudio\AppPOO\app\build\intermediates\exploded-aar\com.android.support\appcompat-v7\23.4.0\jars\classes.jar
java_class_path (initial): C:\Users\Douglas\AppData\Local\Android\sdk\build-tools\24.0.1\lib\dx.jar
Launcher Type: SUN_STANDARD

Environment Variables:
PATH=C:\ProgramData\Oracle\Java\javapath;C:\Program Files (x86)\Intel\iCLS Client\;C:\Program Files\Intel\iCLS Client\;C:\WINDOWS\system32;C:\WINDOWS;C:\WINDOWS\System32\Wbem;C:\WINDOWS\System32\WindowsPowerShell\v1.0\;C:\Program Files\Intel\Intel(R) Management Engine Components\DAL;C:\Program Files\Intel\Intel(R) Management Engine Components\IPT;C:\Program Files (x86)\Intel\Intel(R) Management Engine Components\DAL;C:\Program Files (x86)\Intel\Intel(R) Management Engine Components\IPT;C:\Program Files (x86)\Windows Live\Shared;C:\Program Files (x86)\Skype\Phone\;C:\Program Files (x86)\NVIDIA Corporation\PhysX\Common;C:\WINDOWS\system32;C:\WINDOWS;C:\WINDOWS\System32\Wbem;C:\WINDOWS\System32\WindowsPowerShell\v1.0\;C:\Program Files\Microsoft SQL Server\Client SDK\ODBC\110\Tools\Binn\;C:\Program Files (x86)\Microsoft SQL Server\120\Tools\Binn\;C:\Program Files\Microsoft SQL Server\120\Tools\Binn\;C:\Program Files\Microsoft SQL Server\120\DTS\Binn\;C:\Program Files (x86)\Microsoft SQL Server\120\Tools\Binn\ManagementStudio\;C:\Program Files (x86)\Microsoft SQL Server\120\DTS\Binn\;C:\Program Files\Git\cmd;C:\Users\Douglas\AppData\Local\Microsoft\WindowsApps;
USERNAME=Douglas
OS=Windows_NT
PROCESSOR_IDENTIFIER=Intel64 Family 6 Model 58 Stepping 9, GenuineIntel



---------------  S Y S T E M  ---------------

OS: Windows 10.0 , 64 bit Build 14393 (10.0.14393.0)

CPU:total 4 (2 cores per cpu, 2 threads per core) family 6 model 58 stepping 9, cmov, cx8, fxsr, mmx, sse, sse2, sse3, ssse3, sse4.1, sse4.2, popcnt, avx, aes, clmul, erms, ht, tsc, tscinvbit, tscinv

Memory: 4k page, physical 6153312k(701328k free), swap 6153312k(5124k free)

vm_info: Java HotSpot(TM) 64-Bit Server VM (25.91-b15) for windows-amd64 JRE (1.8.0_91-b15), built on May 20 2016 17:43:15 by "java_re" with MS VC++ 10.0 (VS2010)

time: Wed Aug 31 19:41:21 2016
elapsed time: 17 seconds (0d 0h 0m 17s)

