#
# There is insufficient memory for the Java Runtime Environment to continue.
# Native memory allocation (malloc) failed to allocate 1499136 bytes for Chunk::new
# Possible reasons:
#   The system is out of physical RAM or swap space
#   In 32 bit mode, the process size limit was hit
# Possible solutions:
#   Reduce memory load on the system
#   Increase physical memory or swap space
#   Check if swap backing store is full
#   Use 64 bit Java on a 64 bit OS
#   Decrease Java heap size (-Xmx/-Xms)
#   Decrease number of Java threads
#   Decrease Java thread stack sizes (-Xss)
#   Set larger code cache with -XX:ReservedCodeCacheSize=
# This output file may be truncated or incomplete.
#
#  Out of Memory Error (allocation.cpp:390), pid=12928, tid=10236
#
# JRE version: Java(TM) SE Runtime Environment (8.0_91-b15) (build 1.8.0_91-b15)
# Java VM: Java HotSpot(TM) 64-Bit Server VM (25.91-b15 mixed mode windows-amd64 compressed oops)
# Failed to write core dump. Minidumps are not enabled by default on client versions of Windows
#

---------------  T H R E A D  ---------------

Current thread (0x00000000152a0800):  JavaThread "C2 CompilerThread1" daemon [_thread_in_native, id=10236, stack(0x00000000169c0000,0x0000000016ac0000)]

Stack: [0x00000000169c0000,0x0000000016ac0000]
[error occurred during error reporting (printing stack bounds), id 0xc0000005]

Native frames: (J=compiled Java code, j=interpreted, Vv=VM code, C=native code)


Current CompileTask:
C2:   3728 1309   !   4       com.android.dx.cf.code.BytecodeArray::parseInstruction (2764 bytes)


---------------  P R O C E S S  ---------------

Java Threads: ( => current thread )
  0x0000000016d66000 JavaThread "pool-2-thread-4" [_thread_blocked, id=12404, stack(0x00000000175c0000,0x00000000176c0000)]
  0x0000000016d65800 JavaThread "pool-2-thread-3" [_thread_blocked, id=8176, stack(0x00000000174c0000,0x00000000175c0000)]
  0x0000000016d64000 JavaThread "pool-2-thread-2" [_thread_in_Java, id=12040, stack(0x00000000173c0000,0x00000000174c0000)]
  0x0000000016d5f000 JavaThread "pool-3-thread-1" [_thread_blocked, id=2944, stack(0x00000000172c0000,0x00000000173c0000)]
  0x0000000016d41000 JavaThread "pool-2-thread-1" [_thread_blocked, id=36, stack(0x00000000171c0000,0x00000000172c0000)]
  0x0000000016ac5800 JavaThread "Service Thread" daemon [_thread_blocked, id=1716, stack(0x0000000016fc0000,0x00000000170c0000)]
  0x0000000016ac0800 JavaThread "C1 CompilerThread2" daemon [_thread_blocked, id=4556, stack(0x0000000016ec0000,0x0000000016fc0000)]
=>0x00000000152a0800 JavaThread "C2 CompilerThread1" daemon [_thread_in_native, id=10236, stack(0x00000000169c0000,0x0000000016ac0000)]
  0x000000001524d000 JavaThread "C2 CompilerThread0" daemon [_thread_in_native, id=928, stack(0x00000000168c0000,0x00000000169c0000)]
  0x000000001524a800 JavaThread "Attach Listener" daemon [_thread_blocked, id=6804, stack(0x00000000167c0000,0x00000000168c0000)]
  0x0000000015249000 JavaThread "Signal Dispatcher" daemon [_thread_blocked, id=4212, stack(0x00000000166c0000,0x00000000167c0000)]
  0x0000000002b75000 JavaThread "Finalizer" daemon [_thread_blocked, id=12376, stack(0x00000000164c0000,0x00000000165c0000)]
  0x0000000002b6f800 JavaThread "Reference Handler" daemon [_thread_blocked, id=5284, stack(0x00000000163c0000,0x00000000164c0000)]
  0x000000000108e000 JavaThread "main" [_thread_blocked, id=9544, stack(0x0000000002830000,0x0000000002930000)]

Other Threads:
  0x0000000015218000 VMThread [stack: 0x00000000162c0000,0x00000000163c0000] [id=12636]
  0x0000000016adb000 WatcherThread [stack: 0x00000000170c0000,0x00000000171c0000] [id=3264]

VM state:not at safepoint (normal execution)

VM Mutex/Monitor currently owned by a thread: None

Heap:
 PSYoungGen      total 52736K, used 6055K [0x00000000eab00000, 0x00000000ee200000, 0x0000000100000000)
  eden space 49152K, 5% used [0x00000000eab00000,0x00000000ead6dad0,0x00000000edb00000)
  from space 3584K, 99% used [0x00000000ede80000,0x00000000ee1fc4b8,0x00000000ee200000)
  to   space 3584K, 0% used [0x00000000edb00000,0x00000000edb00000,0x00000000ede80000)
 ParOldGen       total 64512K, used 2832K [0x00000000c0000000, 0x00000000c3f00000, 0x00000000eab00000)
  object space 64512K, 4% used [0x00000000c0000000,0x00000000c02c4390,0x00000000c3f00000)
 Metaspace       used 6137K, capacity 7026K, committed 7296K, reserved 1056768K
  class space    used 602K, capacity 618K, committed 640K, reserved 1048576K

Card table byte_map: [0x0000000011f40000,0x0000000012150000] byte_map_base: 0x0000000011940000

Marking Bits: (ParMarkBitMap*) 0x0000000063f82f70
 Begin Bits: [0x00000000126b0000, 0x00000000136b0000)
 End Bits:   [0x00000000136b0000, 0x00000000146b0000)

Polling page: 0x0000000001090000

CodeCache: size=245760Kb used=5738Kb max_used=5750Kb free=240022Kb
 bounds [0x0000000002b80000, 0x0000000003130000, 0x0000000011b80000]
 total_blobs=1632 nmethods=1363 adapters=182
 compilation: enabled

Compilation events (10 events):
Event: 3.693 Thread 0x0000000016ac0800 nmethod 1360 0x0000000003118890 code [0x0000000003118ae0, 0x0000000003119638]
Event: 3.694 Thread 0x000000001524d000 1361       4       java.lang.StringBuilder::append (8 bytes)
Event: 3.701 Thread 0x000000001524d000 nmethod 1361 0x0000000003117e90 code [0x0000000003117fe0, 0x00000000031183f8]
Event: 3.701 Thread 0x0000000016ac0800 1362       3       com.android.dx.rop.type.Type::getInitializedType (42 bytes)
Event: 3.702 Thread 0x0000000016ac0800 nmethod 1362 0x0000000003121550 code [0x0000000003121720, 0x0000000003121f38]
Event: 3.703 Thread 0x000000001524d000 1363       4       com.android.dx.rop.type.Type::isCategory2 (36 bytes)
Event: 3.704 Thread 0x000000001524d000 nmethod 1363 0x0000000002f75e90 code [0x0000000002f75fc0, 0x0000000002f76038]
Event: 3.705 Thread 0x000000001524d000 1364       4       com.android.dx.rop.code.BasicBlockList::set (12 bytes)
Event: 3.720 Thread 0x000000001524d000 nmethod 1364 0x000000000311ae50 code [0x000000000311afc0, 0x000000000311b628]
Event: 3.720 Thread 0x000000001524d000 1365       4       com.android.dx.ssa.SsaMethod::bitSetFromLabelList (47 bytes)

GC Heap History (4 events):
Event: 2.262 GC heap before
{Heap before GC invocations=1 (full 0):
 PSYoungGen      total 28160K, used 24576K [0x00000000eab00000, 0x00000000eca00000, 0x0000000100000000)
  eden space 24576K, 100% used [0x00000000eab00000,0x00000000ec300000,0x00000000ec300000)
  from space 3584K, 0% used [0x00000000ec680000,0x00000000ec680000,0x00000000eca00000)
  to   space 3584K, 0% used [0x00000000ec300000,0x00000000ec300000,0x00000000ec680000)
 ParOldGen       total 64512K, used 0K [0x00000000c0000000, 0x00000000c3f00000, 0x00000000eab00000)
  object space 64512K, 0% used [0x00000000c0000000,0x00000000c0000000,0x00000000c3f00000)
 Metaspace       used 5652K, capacity 6576K, committed 6784K, reserved 1056768K
  class space    used 597K, capacity 616K, committed 640K, reserved 1048576K
Event: 2.452 GC heap after
Heap after GC invocations=1 (full 0):
 PSYoungGen      total 28160K, used 3552K [0x00000000eab00000, 0x00000000ee200000, 0x0000000100000000)
  eden space 24576K, 0% used [0x00000000eab00000,0x00000000eab00000,0x00000000ec300000)
  from space 3584K, 99% used [0x00000000ec300000,0x00000000ec678368,0x00000000ec680000)
  to   space 3584K, 0% used [0x00000000ede80000,0x00000000ede80000,0x00000000ee200000)
 ParOldGen       total 64512K, used 0K [0x00000000c0000000, 0x00000000c3f00000, 0x00000000eab00000)
  object space 64512K, 0% used [0x00000000c0000000,0x00000000c0000000,0x00000000c3f00000)
 Metaspace       used 5652K, capacity 6576K, committed 6784K, reserved 1056768K
  class space    used 597K, capacity 616K, committed 640K, reserved 1048576K
}
Event: 3.617 GC heap before
{Heap before GC invocations=2 (full 0):
 PSYoungGen      total 28160K, used 28128K [0x00000000eab00000, 0x00000000ee200000, 0x0000000100000000)
  eden space 24576K, 100% used [0x00000000eab00000,0x00000000ec300000,0x00000000ec300000)
  from space 3584K, 99% used [0x00000000ec300000,0x00000000ec678368,0x00000000ec680000)
  to   space 3584K, 0% used [0x00000000ede80000,0x00000000ede80000,0x00000000ee200000)
 ParOldGen       total 64512K, used 0K [0x00000000c0000000, 0x00000000c3f00000, 0x00000000eab00000)
  object space 64512K, 0% used [0x00000000c0000000,0x00000000c0000000,0x00000000c3f00000)
 Metaspace       used 6135K, capacity 7026K, committed 7296K, reserved 1056768K
  class space    used 602K, capacity 618K, committed 640K, reserved 1048576K
Event: 3.628 GC heap after
Heap after GC invocations=2 (full 0):
 PSYoungGen      total 52736K, used 3569K [0x00000000eab00000, 0x00000000ee200000, 0x0000000100000000)
  eden space 49152K, 0% used [0x00000000eab00000,0x00000000eab00000,0x00000000edb00000)
  from space 3584K, 99% used [0x00000000ede80000,0x00000000ee1fc4b8,0x00000000ee200000)
  to   space 3584K, 0% used [0x00000000edb00000,0x00000000edb00000,0x00000000ede80000)
 ParOldGen       total 64512K, used 2832K [0x00000000c0000000, 0x00000000c3f00000, 0x00000000eab00000)
  object space 64512K, 4% used [0x00000000c0000000,0x00000000c02c4390,0x00000000c3f00000)
 Metaspace       used 6135K, capacity 7026K, committed 7296K, reserved 1056768K
  class space    used 602K, capacity 618K, committed 640K, reserved 1048576K
}

Deoptimization events (7 events):
Event: 0.980 Thread 0x000000000108e000 Uncommon trap: reason=unstable_if action=reinterpret pc=0x0000000002ce08d4 method=java.lang.String.compareTo(Ljava/lang/String;)I @ 38
Event: 2.512 Thread 0x0000000016d41000 Uncommon trap: reason=unstable_if action=reinterpret pc=0x0000000002dadcfc method=java.util.HashMap.getNode(ILjava/lang/Object;)Ljava/util/HashMap$Node; @ 62
Event: 2.823 Thread 0x0000000016d64000 Uncommon trap: reason=unstable_if action=reinterpret pc=0x0000000002dd1570 method=java.util.BitSet.nextSetBit(I)I @ 87
Event: 3.153 Thread 0x0000000016d65800 Uncommon trap: reason=class_check action=maybe_recompile pc=0x0000000002f2eee0 method=com.android.dx.rop.type.Type.equals(Ljava/lang/Object;)Z @ 8
Event: 3.154 Thread 0x0000000016d65800 Uncommon trap: reason=null_check action=make_not_entrant pc=0x0000000002f2eef0 method=com.android.dx.rop.type.Type.equals(Ljava/lang/Object;)Z @ 8
Event: 3.552 Thread 0x0000000016d65800 Uncommon trap: reason=unstable_if action=reinterpret pc=0x000000000302a7f8 method=com.android.dx.cf.code.Ropper.labelToResultIndex(I)I @ 34
Event: 3.567 Thread 0x000000000108e000 Uncommon trap: reason=unloaded action=reinterpret pc=0x00000000030b9894 method=com.android.dx.cf.cst.ConstantPoolParser.parse0(ILjava/util/BitSet;)Lcom/android/dx/rop/cst/Constant; @ 198

Internal exceptions (3 events):
Event: 0.480 Thread 0x000000000108e000 Exception <a 'java/lang/NoSuchMethodError': Method sun.misc.Unsafe.defineClass(Ljava/lang/String;[BII)Ljava/lang/Class; name or signature does not match> (0x00000000eab07cc0) thrown at [C:\re\workspace\8-2-build-windows-amd64-cygwin\jdk8u91\7017\hotspot\sr†¯·µÞ?
Event: 0.480 Thread 0x000000000108e000 Exception <a 'java/lang/NoSuchMethodError': Method sun.misc.Unsafe.prefetchRead(Ljava/lang/Object;J)V name or signature does not match> (0x00000000eab07fa8) thrown at [C:\re\workspace\8-2-build-windows-amd64-cygwin\jdk8u91\7017\hotspot\src\share\vm\prims\j¡Ïç-û:	@
Event: 3.154 Thread 0x0000000016d65800 Implicit null exception at 0x0000000002f2ede2 to 0x0000000002f2eee1

Events (10 events):
Event: 3.552 loading class java/util/HashMap$ValueIterator
Event: 3.552 loading class java/util/HashMap$ValueIterator done
Event: 3.552 Thread 0x0000000016d65800 Uncommon trap: trap_request=0xffffff65 fr.pc=0x000000000302a7f8
Event: 3.552 Thread 0x0000000016d65800 DEOPT PACKING pc=0x000000000302a7f8 sp=0x00000000175be960
Event: 3.552 Thread 0x0000000016d65800 DEOPT UNPACKING pc=0x0000000002bc582a sp=0x00000000175be908 mode 2
Event: 3.567 Thread 0x000000000108e000 Uncommon trap: trap_request=0x000000d2 fr.pc=0x00000000030b9894
Event: 3.567 Thread 0x000000000108e000 DEOPT PACKING pc=0x00000000030b9894 sp=0x000000000292e860
Event: 3.567 Thread 0x000000000108e000 DEOPT UNPACKING pc=0x0000000002bc582a sp=0x000000000292e828 mode 2
Event: 3.599 Executing VM operation: ParallelGCFailedAllocation
Event: 3.628 Executing VM operation: ParallelGCFailedAllocation done


Dynamic libraries:
0x00007ff711820000 - 0x00007ff711857000 	C:\Program Files\Java\jdk1.8.0_91\bin\java.exe
0x00007ffb54a20000 - 0x00007ffb54bf1000 	C:\WINDOWS\SYSTEM32\ntdll.dll
0x00007ffb51fb0000 - 0x00007ffb5205b000 	C:\WINDOWS\System32\KERNEL32.DLL
0x00007ffb51d30000 - 0x00007ffb51f4d000 	C:\WINDOWS\System32\KERNELBASE.dll
0x00007ffb52b10000 - 0x00007ffb52bb2000 	C:\WINDOWS\System32\ADVAPI32.dll
0x00007ffb54610000 - 0x00007ffb546ae000 	C:\WINDOWS\System32\msvcrt.dll
0x00007ffb54460000 - 0x00007ffb544b9000 	C:\WINDOWS\System32\sechost.dll
0x00007ffb52380000 - 0x00007ffb524a1000 	C:\WINDOWS\System32\RPCRT4.dll
0x00007ffb52d70000 - 0x00007ffb52ed5000 	C:\WINDOWS\System32\USER32.dll
0x00007ffb51000000 - 0x00007ffb5101e000 	C:\WINDOWS\System32\win32u.dll
0x00007ffb546b0000 - 0x00007ffb546e4000 	C:\WINDOWS\System32\GDI32.dll
0x00007ffb518d0000 - 0x00007ffb51a52000 	C:\WINDOWS\System32\gdi32full.dll
0x00007ffb4c200000 - 0x00007ffb4c479000 	C:\WINDOWS\WinSxS\amd64_microsoft.windows.common-controls_6595b64144ccf1df_6.0.14393.0_none_2d0f50fcbdb171b8\COMCTL32.dll
0x00007ffb546f0000 - 0x00007ffb549b7000 	C:\WINDOWS\System32\combase.dll
0x00007ffb51c30000 - 0x00007ffb51d25000 	C:\WINDOWS\System32\ucrtbase.dll
0x00007ffb51860000 - 0x00007ffb518ca000 	C:\WINDOWS\System32\bcryptPrimitives.dll
0x00007ffb521b0000 - 0x00007ffb521de000 	C:\WINDOWS\System32\IMM32.DLL
0x00007ffb50e20000 - 0x00007ffb50e51000 	C:\Windows\system32\nvinitx.dll
0x00007ffb50e10000 - 0x00007ffb50e1a000 	C:\WINDOWS\SYSTEM32\VERSION.dll
0x0000000063310000 - 0x00000000633e2000 	C:\Program Files\Java\jdk1.8.0_91\jre\bin\msvcr100.dll
0x0000000063770000 - 0x0000000064003000 	C:\Program Files\Java\jdk1.8.0_91\jre\bin\server\jvm.dll
0x00007ffb52d60000 - 0x00007ffb52d68000 	C:\WINDOWS\System32\PSAPI.DLL
0x00007ffb4b330000 - 0x00007ffb4b339000 	C:\WINDOWS\SYSTEM32\WSOCK32.dll
0x00007ffb52ee0000 - 0x00007ffb52f4a000 	C:\WINDOWS\System32\WS2_32.dll
0x00007ffb4eb70000 - 0x00007ffb4eb93000 	C:\WINDOWS\SYSTEM32\WINMM.dll
0x00007ffb4ea20000 - 0x00007ffb4ea4b000 	C:\WINDOWS\SYSTEM32\WINMMBASE.dll
0x00007ffb50fb0000 - 0x00007ffb50ff2000 	C:\WINDOWS\System32\cfgmgr32.dll
0x00000000641e0000 - 0x00000000641ef000 	C:\Program Files\Java\jdk1.8.0_91\jre\bin\verify.dll
0x0000000063740000 - 0x0000000063769000 	C:\Program Files\Java\jdk1.8.0_91\jre\bin\java.dll
0x0000000063720000 - 0x0000000063736000 	C:\Program Files\Java\jdk1.8.0_91\jre\bin\zip.dll
0x00007ffb52f50000 - 0x00007ffb54458000 	C:\WINDOWS\System32\SHELL32.dll
0x00007ffb51020000 - 0x00007ffb516fa000 	C:\WINDOWS\System32\windows.storage.dll
0x00007ffb50f40000 - 0x00007ffb50f8c000 	C:\WINDOWS\System32\powrprof.dll
0x00007ffb549c0000 - 0x00007ffb54a12000 	C:\WINDOWS\System32\shlwapi.dll
0x00007ffb50fa0000 - 0x00007ffb50faf000 	C:\WINDOWS\System32\kernel.appcore.dll
0x00007ffb51700000 - 0x00007ffb517a9000 	C:\WINDOWS\System32\shcore.dll
0x00007ffb50f20000 - 0x00007ffb50f34000 	C:\WINDOWS\System32\profapi.dll

VM Arguments:
jvm_args: -Djava.awt.headless=true -Xmx1024M -Dfile.encoding=windows-1252 -Duser.country=BR -Duser.language=pt -Duser.variant 
java_command: com.android.dx.command.Main --dex --force-jumbo --num-threads=4 --multi-dex --output C:\Users\Douglas\Desktop\AndroidStudio\AppPOO\app\build\intermediates\transforms\dex\debug\folders\1000\10\com.android.support-support-v4-23.4.0_1180ba4a4ee8d2a7f78c5c11206ff5e80e55b73e C:\Users\Douglas\Desktop\AndroidStudio\AppPOO\app\build\intermediates\exploded-aar\com.android.support\support-v4\23.4.0\jars\classes.jar
java_class_path (initial): C:\Users\Douglas\AppData\Local\Android\sdk\build-tools\24.0.1\lib\dx.jar
Launcher Type: SUN_STANDARD

Environment Variables:
PATH=C:\ProgramData\Oracle\Java\javapath;C:\Program Files (x86)\Intel\iCLS Client\;C:\Program Files\Intel\iCLS Client\;C:\WINDOWS\system32;C:\WINDOWS;C:\WINDOWS\System32\Wbem;C:\WINDOWS\System32\WindowsPowerShell\v1.0\;C:\Program Files\Intel\Intel(R) Management Engine Components\DAL;C:\Program Files\Intel\Intel(R) Management Engine Components\IPT;C:\Program Files (x86)\Intel\Intel(R) Management Engine Components\DAL;C:\Program Files (x86)\Intel\Intel(R) Management Engine Components\IPT;C:\Program Files (x86)\Windows Live\Shared;C:\Program Files (x86)\Skype\Phone\;C:\Program Files (x86)\NVIDIA Corporation\PhysX\Common;C:\WINDOWS\system32;C:\WINDOWS;C:\WINDOWS\System32\Wbem;C:\WINDOWS\System32\WindowsPowerShell\v1.0\;C:\Program Files\Microsoft SQL Server\Client SDK\ODBC\110\Tools\Binn\;C:\Program Files (x86)\Microsoft SQL Server\120\Tools\Binn\;C:\Program Files\Microsoft SQL Server\120\Tools\Binn\;C:\Program Files\Microsoft SQL Server\120\DTS\Binn\;C:\Program Files (x86)\Microsoft SQL Server\120\Tools\Binn\ManagementStudio\;C:\Program Files (x86)\Microsoft SQL Server\120\DTS\Binn\;C:\Program Files\Git\cmd;C:\Users\Douglas\AppData\Local\Microsoft\WindowsApps;
USERNAME=Douglas
OS=Windows_NT
PROCESSOR_IDENTIFIER=Intel64 Family 6 Model 58 Stepping 9, GenuineIntel



---------------  S Y S T E M  ---------------

OS: Windows 10.0 , 64 bit Build 14393 (10.0.14393.0)

CPU:total 4 (2 cores per cpu, 2 threads per core) family 6 model 58 stepping 9, cmov, cx8, fxsr, mmx, sse, sse2, sse3, ssse3, sse4.1, sse4.2, popcnt, avx, aes, clmul, erms, ht, tsc, tscinvbit, tscinv

Memory: 4k page, physical 6153312k(1001976k free), swap 6153312k(6092k free)

vm_info: Java HotSpot(TM) 64-Bit Server VM (25.91-b15) for windows-amd64 JRE (1.8.0_91-b15), built on May 20 2016 17:43:15 by "java_re" with MS VC++ 10.0 (VS2010)

time: Wed Aug 31 20:33:00 2016
elapsed time: 3 seconds (0d 0h 0m 3s)

