#
# There is insufficient memory for the Java Runtime Environment to continue.
# Native memory allocation (malloc) failed to allocate 938656 bytes for Chunk::new
# Possible reasons:
#   The system is out of physical RAM or swap space
#   In 32 bit mode, the process size limit was hit
# Possible solutions:
#   Reduce memory load on the system
#   Increase physical memory or swap space
#   Check if swap backing store is full
#   Use 64 bit Java on a 64 bit OS
#   Decrease Java heap size (-Xmx/-Xms)
#   Decrease number of Java threads
#   Decrease Java thread stack sizes (-Xss)
#   Set larger code cache with -XX:ReservedCodeCacheSize=
# This output file may be truncated or incomplete.
#
#  Out of Memory Error (allocation.cpp:390), pid=13916, tid=5980
#
# JRE version: Java(TM) SE Runtime Environment (8.0_91-b15) (build 1.8.0_91-b15)
# Java VM: Java HotSpot(TM) 64-Bit Server VM (25.91-b15 mixed mode windows-amd64 compressed oops)
# Failed to write core dump. Minidumps are not enabled by default on client versions of Windows
#

---------------  T H R E A D  ---------------

Current thread (0x00000000153d2800):  JavaThread "C2 CompilerThread1" daemon [_thread_in_native, id=5980, stack(0x0000000016b30000,0x0000000016c30000)]

Stack: [0x0000000016b30000,0x0000000016c30000]
[error occurred during error reporting (printing stack bounds), id 0xc0000005]

Native frames: (J=compiled Java code, j=interpreted, Vv=VM code, C=native code)


Current CompileTask:
C2:   1840 1184   !   4       com.android.dx.cf.code.RopperMachine::run (1550 bytes)


---------------  P R O C E S S  ---------------

Java Threads: ( => current thread )
  0x0000000016f9c800 JavaThread "pool-2-thread-4" [_thread_in_Java, id=608, stack(0x0000000017730000,0x0000000017830000)]
  0x0000000016fa5000 JavaThread "pool-2-thread-3" [_thread_in_Java, id=4076, stack(0x0000000017630000,0x0000000017730000)]
  0x0000000016e94000 JavaThread "pool-2-thread-2" [_thread_in_Java, id=4928, stack(0x0000000017530000,0x0000000017630000)]
  0x0000000016e7b800 JavaThread "pool-3-thread-1" [_thread_blocked, id=7820, stack(0x0000000017430000,0x0000000017530000)]
  0x0000000016e7b000 JavaThread "pool-2-thread-1" [_thread_in_Java, id=12156, stack(0x0000000017330000,0x0000000017430000)]
  0x0000000016d36800 JavaThread "Service Thread" daemon [_thread_blocked, id=9300, stack(0x0000000017130000,0x0000000017230000)]
  0x000000001542c000 JavaThread "C1 CompilerThread2" daemon [_thread_blocked, id=6504, stack(0x0000000016c30000,0x0000000016d30000)]
=>0x00000000153d2800 JavaThread "C2 CompilerThread1" daemon [_thread_in_native, id=5980, stack(0x0000000016b30000,0x0000000016c30000)]
  0x00000000153cd000 JavaThread "C2 CompilerThread0" daemon [_thread_in_native, id=6872, stack(0x0000000016a30000,0x0000000016b30000)]
  0x00000000153ca800 JavaThread "Attach Listener" daemon [_thread_blocked, id=12244, stack(0x0000000016930000,0x0000000016a30000)]
  0x00000000153db800 JavaThread "Signal Dispatcher" daemon [_thread_blocked, id=11284, stack(0x0000000016830000,0x0000000016930000)]
  0x0000000002cfb800 JavaThread "Finalizer" daemon [_thread_blocked, id=10480, stack(0x0000000016630000,0x0000000016730000)]
  0x0000000002cf0800 JavaThread "Reference Handler" daemon [_thread_blocked, id=1264, stack(0x0000000016530000,0x0000000016630000)]
  0x0000000002b8e000 JavaThread "main" [_thread_in_Java, id=12484, stack(0x0000000002a40000,0x0000000002b40000)]

Other Threads:
  0x0000000015398000 VMThread [stack: 0x0000000016430000,0x0000000016530000] [id=7852]
  0x0000000016d4b800 WatcherThread [stack: 0x0000000017230000,0x0000000017330000] [id=1192]

VM state:not at safepoint (normal execution)

VM Mutex/Monitor currently owned by a thread: None

Heap:
 PSYoungGen      total 28160K, used 19121K [0x00000000eab00000, 0x00000000eca00000, 0x0000000100000000)
  eden space 24576K, 63% used [0x00000000eab00000,0x00000000eba32818,0x00000000ec300000)
  from space 3584K, 99% used [0x00000000ec300000,0x00000000ec679e30,0x00000000ec680000)
  to   space 3584K, 0% used [0x00000000ec680000,0x00000000ec680000,0x00000000eca00000)
 ParOldGen       total 64512K, used 2321K [0x00000000c0000000, 0x00000000c3f00000, 0x00000000eab00000)
  object space 64512K, 3% used [0x00000000c0000000,0x00000000c0244748,0x00000000c3f00000)
 Metaspace       used 5747K, capacity 6896K, committed 7040K, reserved 1056768K
  class space    used 580K, capacity 616K, committed 640K, reserved 1048576K

Card table byte_map: [0x00000000120c0000,0x00000000122d0000] byte_map_base: 0x0000000011ac0000

Marking Bits: (ParMarkBitMap*) 0x00000000583d2f70
 Begin Bits: [0x0000000012830000, 0x0000000013830000)
 End Bits:   [0x0000000013830000, 0x0000000014830000)

Polling page: 0x0000000000e80000

CodeCache: size=245760Kb used=4762Kb max_used=4776Kb free=240997Kb
 bounds [0x0000000002d00000, 0x00000000031b0000, 0x0000000011d00000]
 total_blobs=1443 nmethods=1181 adapters=175
 compilation: enabled

Compilation events (10 events):
Event: 1.734 Thread 0x000000001542c000 1182   !   3       com.android.dx.cf.code.Ropper::doit (126 bytes)
Event: 1.736 Thread 0x000000001542c000 nmethod 1182 0x00000000031a3610 code [0x00000000031a3900, 0x00000000031a4d58]
Event: 1.742 Thread 0x00000000153d2800 nmethod 1178 0x00000000031a5990 code [0x00000000031a5b20, 0x00000000031a60f8]
Event: 1.742 Thread 0x00000000153d2800 1185       4       com.android.dx.cf.code.RopperMachine::getSources (264 bytes)
Event: 1.750 Thread 0x000000001542c000 1188       3       com.android.dx.rop.type.Type::asUninitialized (140 bytes)
Event: 1.752 Thread 0x000000001542c000 nmethod 1188 0x00000000031a6910 code [0x00000000031a6c60, 0x00000000031a8898]
Event: 1.766 Thread 0x00000000153d2800 nmethod 1185 0x00000000031a1a90 code [0x00000000031a1c80, 0x00000000031a2718]
Event: 1.766 Thread 0x00000000153d2800 1186       4       com.android.dx.cf.code.BaseMachine::storeResults (90 bytes)
Event: 1.786 Thread 0x00000000153d2800 nmethod 1186 0x00000000031ab710 code [0x00000000031ab8e0, 0x00000000031ac378]
Event: 1.786 Thread 0x00000000153d2800 1184   !   4       com.android.dx.cf.code.RopperMachine::run (1550 bytes)

GC Heap History (2 events):
Event: 1.219 GC heap before
{Heap before GC invocations=1 (full 0):
 PSYoungGen      total 28160K, used 24576K [0x00000000eab00000, 0x00000000eca00000, 0x0000000100000000)
  eden space 24576K, 100% used [0x00000000eab00000,0x00000000ec300000,0x00000000ec300000)
  from space 3584K, 0% used [0x00000000ec680000,0x00000000ec680000,0x00000000eca00000)
  to   space 3584K, 0% used [0x00000000ec300000,0x00000000ec300000,0x00000000ec680000)
 ParOldGen       total 64512K, used 0K [0x00000000c0000000, 0x00000000c3f00000, 0x00000000eab00000)
  object space 64512K, 0% used [0x00000000c0000000,0x00000000c0000000,0x00000000c3f00000)
 Metaspace       used 5681K, capacity 6832K, committed 7040K, reserved 1056768K
  class space    used 580K, capacity 616K, committed 640K, reserved 1048576K
Event: 1.230 GC heap after
Heap after GC invocations=1 (full 0):
 PSYoungGen      total 28160K, used 3559K [0x00000000eab00000, 0x00000000eca00000, 0x0000000100000000)
  eden space 24576K, 0% used [0x00000000eab00000,0x00000000eab00000,0x00000000ec300000)
  from space 3584K, 99% used [0x00000000ec300000,0x00000000ec679e30,0x00000000ec680000)
  to   space 3584K, 0% used [0x00000000ec680000,0x00000000ec680000,0x00000000eca00000)
 ParOldGen       total 64512K, used 2321K [0x00000000c0000000, 0x00000000c3f00000, 0x00000000eab00000)
  object space 64512K, 3% used [0x00000000c0000000,0x00000000c0244748,0x00000000c3f00000)
 Metaspace       used 5681K, capacity 6832K, committed 7040K, reserved 1056768K
  class space    used 580K, capacity 616K, committed 640K, reserved 1048576K
}

Deoptimization events (10 events):
Event: 1.291 Thread 0x0000000002b8e000 Uncommon trap: reason=unstable_if action=reinterpret pc=0x000000000302685c method=com.android.dx.rop.code.RegisterSpec.equals(ILcom/android/dx/rop/type/TypeBearer;Lcom/android/dx/rop/code/LocalItem;)Z @ 16
Event: 1.291 Thread 0x0000000002b8e000 Uncommon trap: reason=class_check action=maybe_recompile pc=0x0000000002fbc870 method=com.android.dx.rop.type.Type.equals(Ljava/lang/Object;)Z @ 8
Event: 1.291 Thread 0x0000000002b8e000 Uncommon trap: reason=unstable_if action=reinterpret pc=0x0000000003047140 method=com.android.dx.rop.code.RegisterSpec.equals(ILcom/android/dx/rop/type/TypeBearer;Lcom/android/dx/rop/code/LocalItem;)Z @ 16
Event: 1.383 Thread 0x0000000016e7b000 Uncommon trap: reason=class_check action=maybe_recompile pc=0x0000000002fbc870 method=com.android.dx.rop.type.Type.equals(Ljava/lang/Object;)Z @ 8
Event: 1.383 Thread 0x0000000016e7b000 Uncommon trap: reason=class_check action=maybe_recompile pc=0x0000000002fbc870 method=com.android.dx.rop.type.Type.equals(Ljava/lang/Object;)Z @ 8
Event: 1.565 Thread 0x0000000016f9c800 Uncommon trap: reason=class_check action=maybe_recompile pc=0x0000000002fbc870 method=com.android.dx.rop.type.Type.equals(Ljava/lang/Object;)Z @ 8
Event: 1.571 Thread 0x0000000016fa5000 Uncommon trap: reason=class_check action=maybe_recompile pc=0x00000000030f21c8 method=com.android.dx.cf.code.BytecodeArray.parseInstruction(ILcom/android/dx/cf/code/BytecodeArray$Visitor;)I @ 1130
Event: 1.572 Thread 0x0000000016fa5000 Uncommon trap: reason=class_check action=maybe_recompile pc=0x00000000030f21c8 method=com.android.dx.cf.code.BytecodeArray.parseInstruction(ILcom/android/dx/cf/code/BytecodeArray$Visitor;)I @ 1130
Event: 1.572 Thread 0x0000000016fa5000 Uncommon trap: reason=class_check action=maybe_recompile pc=0x00000000030f21c8 method=com.android.dx.cf.code.BytecodeArray.parseInstruction(ILcom/android/dx/cf/code/BytecodeArray$Visitor;)I @ 1130
Event: 1.594 Thread 0x0000000016fa5000 Uncommon trap: reason=class_check action=maybe_recompile pc=0x00000000030f21c8 method=com.android.dx.cf.code.BytecodeArray.parseInstruction(ILcom/android/dx/cf/code/BytecodeArray$Visitor;)I @ 1130

Internal exceptions (3 events):
Event: 0.078 Thread 0x0000000002b8e000 Exception <a 'java/lang/NoSuchMethodError': Method sun.misc.Unsafe.defineClass(Ljava/lang/String;[BII)Ljava/lang/Class; name or signature does not match> (0x00000000eab07cc0) thrown at [C:\re\workspace\8-2-build-windows-amd64-cygwin\jdk8u91\7017\hotspot\srQÂ6\_î³?
Event: 0.078 Thread 0x0000000002b8e000 Exception <a 'java/lang/NoSuchMethodError': Method sun.misc.Unsafe.prefetchRead(Ljava/lang/Object;J)V name or signature does not match> (0x00000000eab07fa8) thrown at [C:\re\workspace\8-2-build-windows-amd64-cygwin\jdk8u91\7017\hotspot\src\share\vm\prims\jùšc˜³í?
Event: 0.928 Thread 0x0000000016e7b000 Implicit null exception at 0x0000000002fab01c to 0x0000000002fac665

Events (10 events):
Event: 1.572 Thread 0x0000000016fa5000 DEOPT PACKING pc=0x00000000030f21c8 sp=0x000000001772eb80
Event: 1.572 Thread 0x0000000016fa5000 DEOPT UNPACKING pc=0x0000000002d4582a sp=0x000000001772eae0 mode 2
Event: 1.572 Thread 0x0000000016fa5000 Uncommon trap: trap_request=0xffffffde fr.pc=0x00000000030f21c8
Event: 1.572 Thread 0x0000000016fa5000 DEOPT PACKING pc=0x00000000030f21c8 sp=0x000000001772eb80
Event: 1.572 Thread 0x0000000016fa5000 DEOPT UNPACKING pc=0x0000000002d4582a sp=0x000000001772eae0 mode 2
Event: 1.594 Thread 0x0000000016fa5000 Uncommon trap: trap_request=0xffffffde fr.pc=0x00000000030f21c8
Event: 1.594 Thread 0x0000000016fa5000 DEOPT PACKING pc=0x00000000030f21c8 sp=0x000000001772eb80
Event: 1.594 Thread 0x0000000016fa5000 DEOPT UNPACKING pc=0x0000000002d4582a sp=0x000000001772eae0 mode 2
Event: 1.614 Thread 0x0000000016e94000 DEOPT PACKING pc=0x0000000003115c6d sp=0x000000001762e720
Event: 1.614 Thread 0x0000000016e94000 DEOPT UNPACKING pc=0x0000000002d4787f sp=0x000000001762e4b8 mode 0


Dynamic libraries:
0x00007ff6c3c30000 - 0x00007ff6c3c67000 	C:\Program Files\Java\jdk1.8.0_91\bin\java.exe
0x00007ff992c00000 - 0x00007ff992dd1000 	C:\WINDOWS\SYSTEM32\ntdll.dll
0x00007ff990a10000 - 0x00007ff990abb000 	C:\WINDOWS\System32\KERNEL32.DLL
0x00007ff98f740000 - 0x00007ff98f95d000 	C:\WINDOWS\System32\KERNELBASE.dll
0x00007ff990190000 - 0x00007ff990232000 	C:\WINDOWS\System32\ADVAPI32.dll
0x00007ff9911a0000 - 0x00007ff99123e000 	C:\WINDOWS\System32\msvcrt.dll
0x00007ff9909b0000 - 0x00007ff990a09000 	C:\WINDOWS\System32\sechost.dll
0x00007ff990240000 - 0x00007ff990361000 	C:\WINDOWS\System32\RPCRT4.dll
0x00007ff991520000 - 0x00007ff991685000 	C:\WINDOWS\System32\USER32.dll
0x00007ff98f1f0000 - 0x00007ff98f20e000 	C:\WINDOWS\System32\win32u.dll
0x00007ff990380000 - 0x00007ff9903b4000 	C:\WINDOWS\System32\GDI32.dll
0x00007ff98f5b0000 - 0x00007ff98f732000 	C:\WINDOWS\System32\gdi32full.dll
0x00007ff98b6a0000 - 0x00007ff98b919000 	C:\WINDOWS\WinSxS\amd64_microsoft.windows.common-controls_6595b64144ccf1df_6.0.14393.0_none_2d0f50fcbdb171b8\COMCTL32.dll
0x00007ff990c60000 - 0x00007ff990f27000 	C:\WINDOWS\System32\combase.dll
0x00007ff990090000 - 0x00007ff990185000 	C:\WINDOWS\System32\ucrtbase.dll
0x00007ff98f540000 - 0x00007ff98f5aa000 	C:\WINDOWS\System32\bcryptPrimitives.dll
0x00007ff991490000 - 0x00007ff9914be000 	C:\WINDOWS\System32\IMM32.DLL
0x00007ff98f000000 - 0x00007ff98f031000 	C:\Windows\system32\nvinitx.dll
0x00007ff98eff0000 - 0x00007ff98effa000 	C:\WINDOWS\SYSTEM32\VERSION.dll
0x0000000057720000 - 0x00000000577f2000 	C:\Program Files\Java\jdk1.8.0_91\jre\bin\msvcr100.dll
0x0000000057bc0000 - 0x0000000058453000 	C:\Program Files\Java\jdk1.8.0_91\jre\bin\server\jvm.dll
0x00007ff991090000 - 0x00007ff991098000 	C:\WINDOWS\System32\PSAPI.DLL
0x00007ff97d650000 - 0x00007ff97d659000 	C:\WINDOWS\SYSTEM32\WSOCK32.dll
0x00007ff991240000 - 0x00007ff9912aa000 	C:\WINDOWS\System32\WS2_32.dll
0x00007ff98c440000 - 0x00007ff98c463000 	C:\WINDOWS\SYSTEM32\WINMM.dll
0x00007ff98c3e0000 - 0x00007ff98c40b000 	C:\WINDOWS\SYSTEM32\WINMMBASE.dll
0x00007ff98f960000 - 0x00007ff98f9a2000 	C:\WINDOWS\System32\cfgmgr32.dll
0x0000000057bb0000 - 0x0000000057bbf000 	C:\Program Files\Java\jdk1.8.0_91\jre\bin\verify.dll
0x0000000057b80000 - 0x0000000057ba9000 	C:\Program Files\Java\jdk1.8.0_91\jre\bin\java.dll
0x0000000057b60000 - 0x0000000057b76000 	C:\Program Files\Java\jdk1.8.0_91\jre\bin\zip.dll
0x00007ff9916f0000 - 0x00007ff992bf8000 	C:\WINDOWS\System32\SHELL32.dll
0x00007ff98f9b0000 - 0x00007ff99008a000 	C:\WINDOWS\System32\windows.storage.dll
0x00007ff98f110000 - 0x00007ff98f15c000 	C:\WINDOWS\System32\powrprof.dll
0x00007ff991690000 - 0x00007ff9916e2000 	C:\WINDOWS\System32\shlwapi.dll
0x00007ff98f180000 - 0x00007ff98f18f000 	C:\WINDOWS\System32\kernel.appcore.dll
0x00007ff98f2c0000 - 0x00007ff98f369000 	C:\WINDOWS\System32\shcore.dll
0x00007ff98f160000 - 0x00007ff98f174000 	C:\WINDOWS\System32\profapi.dll

VM Arguments:
jvm_args: -Djava.awt.headless=true -Xmx1024M -Dfile.encoding=windows-1252 -Duser.country=BR -Duser.language=pt -Duser.variant 
java_command: com.android.dx.command.Main --dex --force-jumbo --num-threads=4 --multi-dex --output C:\Users\Douglas\Desktop\AndroidStudio\AppPOO\app\build\intermediates\transforms\dex\debug\folders\1000\5\slice_3 C:\Users\Douglas\Desktop\AndroidStudio\AppPOO\app\build\intermediates\transforms\instantRunSlicer\debug\folders\1\5\slice_3
java_class_path (initial): C:\Users\Douglas\AppData\Local\Android\sdk\build-tools\24.0.1\lib\dx.jar
Launcher Type: SUN_STANDARD

Environment Variables:
PATH=C:\ProgramData\Oracle\Java\javapath;C:\Program Files (x86)\Intel\iCLS Client\;C:\Program Files\Intel\iCLS Client\;C:\WINDOWS\system32;C:\WINDOWS;C:\WINDOWS\System32\Wbem;C:\WINDOWS\System32\WindowsPowerShell\v1.0\;C:\Program Files\Intel\Intel(R) Management Engine Components\DAL;C:\Program Files\Intel\Intel(R) Management Engine Components\IPT;C:\Program Files (x86)\Intel\Intel(R) Management Engine Components\DAL;C:\Program Files (x86)\Intel\Intel(R) Management Engine Components\IPT;C:\Program Files (x86)\Windows Live\Shared;C:\Program Files (x86)\Skype\Phone\;C:\Program Files (x86)\NVIDIA Corporation\PhysX\Common;C:\WINDOWS\system32;C:\WINDOWS;C:\WINDOWS\System32\Wbem;C:\WINDOWS\System32\WindowsPowerShell\v1.0\;C:\Program Files\Microsoft SQL Server\Client SDK\ODBC\110\Tools\Binn\;C:\Program Files (x86)\Microsoft SQL Server\120\Tools\Binn\;C:\Program Files\Microsoft SQL Server\120\Tools\Binn\;C:\Program Files\Microsoft SQL Server\120\DTS\Binn\;C:\Program Files (x86)\Microsoft SQL Server\120\Tools\Binn\ManagementStudio\;C:\Program Files (x86)\Microsoft SQL Server\120\DTS\Binn\;C:\Program Files\Git\cmd;C:\Users\Douglas\AppData\Local\Microsoft\WindowsApps;
USERNAME=Douglas
OS=Windows_NT
PROCESSOR_IDENTIFIER=Intel64 Family 6 Model 58 Stepping 9, GenuineIntel



---------------  S Y S T E M  ---------------

OS: Windows 10.0 , 64 bit Build 14393 (10.0.14393.0)

CPU:total 4 (2 cores per cpu, 2 threads per core) family 6 model 58 stepping 9, cmov, cx8, fxsr, mmx, sse, sse2, sse3, ssse3, sse4.1, sse4.2, popcnt, avx, aes, clmul, erms, ht, tsc, tscinvbit, tscinv

Memory: 4k page, physical 6153312k(1205300k free), swap 6153312k(5628k free)

vm_info: Java HotSpot(TM) 64-Bit Server VM (25.91-b15) for windows-amd64 JRE (1.8.0_91-b15), built on May 20 2016 17:43:15 by "java_re" with MS VC++ 10.0 (VS2010)

time: Wed Sep 07 21:25:34 2016
elapsed time: 1 seconds (0d 0h 0m 1s)

