#
# There is insufficient memory for the Java Runtime Environment to continue.
# Native memory allocation (malloc) failed to allocate 1392176 bytes for Chunk::new
# Possible reasons:
#   The system is out of physical RAM or swap space
#   In 32 bit mode, the process size limit was hit
# Possible solutions:
#   Reduce memory load on the system
#   Increase physical memory or swap space
#   Check if swap backing store is full
#   Use 64 bit Java on a 64 bit OS
#   Decrease Java heap size (-Xmx/-Xms)
#   Decrease number of Java threads
#   Decrease Java thread stack sizes (-Xss)
#   Set larger code cache with -XX:ReservedCodeCacheSize=
# This output file may be truncated or incomplete.
#
#  Out of Memory Error (allocation.cpp:390), pid=4404, tid=8360
#
# JRE version: Java(TM) SE Runtime Environment (8.0_91-b15) (build 1.8.0_91-b15)
# Java VM: Java HotSpot(TM) 64-Bit Server VM (25.91-b15 mixed mode windows-amd64 compressed oops)
# Failed to write core dump. Minidumps are not enabled by default on client versions of Windows
#

---------------  T H R E A D  ---------------

Current thread (0x00000000159dd000):  JavaThread "C2 CompilerThread0" daemon [_thread_in_native, id=8360, stack(0x0000000017040000,0x0000000017140000)]

Stack: [0x0000000017040000,0x0000000017140000]
[error occurred during error reporting (printing stack bounds), id 0xc0000005]

Native frames: (J=compiled Java code, j=interpreted, Vv=VM code, C=native code)


Current CompileTask:
C2:   8669 1756       4       com.android.dx.ssa.SsaRenamer$BlockRenamer::process (191 bytes)


---------------  P R O C E S S  ---------------

Java Threads: ( => current thread )
  0x000000001750e800 JavaThread "pool-2-thread-4" [_thread_blocked, id=2244, stack(0x0000000017d40000,0x0000000017e40000)]
  0x000000001750c000 JavaThread "pool-2-thread-3" [_thread_in_vm, id=828, stack(0x0000000017c40000,0x0000000017d40000)]
  0x000000001750a000 JavaThread "pool-2-thread-2" [_thread_blocked, id=8448, stack(0x0000000017b40000,0x0000000017c40000)]
  0x0000000017505000 JavaThread "pool-3-thread-1" [_thread_blocked, id=11992, stack(0x0000000017a40000,0x0000000017b40000)]
  0x0000000017504000 JavaThread "pool-2-thread-1" [_thread_blocked, id=1728, stack(0x0000000017940000,0x0000000017a40000)]
  0x000000001724c800 JavaThread "Service Thread" daemon [_thread_blocked, id=764, stack(0x0000000017740000,0x0000000017840000)]
  0x0000000017248800 JavaThread "C1 CompilerThread2" daemon [_thread_blocked, id=6248, stack(0x0000000017640000,0x0000000017740000)]
  0x0000000015a0f800 JavaThread "C2 CompilerThread1" daemon [_thread_in_native, id=13304, stack(0x0000000017140000,0x0000000017240000)]
=>0x00000000159dd000 JavaThread "C2 CompilerThread0" daemon [_thread_in_native, id=8360, stack(0x0000000017040000,0x0000000017140000)]
  0x00000000159da800 JavaThread "Attach Listener" daemon [_thread_blocked, id=10416, stack(0x0000000016f40000,0x0000000017040000)]
  0x00000000159d9800 JavaThread "Signal Dispatcher" daemon [_thread_blocked, id=8236, stack(0x0000000016e40000,0x0000000016f40000)]
  0x00000000159ca000 JavaThread "Finalizer" daemon [_thread_blocked, id=12988, stack(0x0000000016c40000,0x0000000016d40000)]
  0x00000000159a9000 JavaThread "Reference Handler" daemon [_thread_blocked, id=8604, stack(0x0000000016b40000,0x0000000016c40000)]
  0x000000000320e000 JavaThread "main" [_thread_in_Java, id=13088, stack(0x00000000030d0000,0x00000000031d0000)]

Other Threads:
  0x00000000159a7000 VMThread [stack: 0x0000000016a40000,0x0000000016b40000] [id=8244]
  0x0000000017266000 WatcherThread [stack: 0x0000000017840000,0x0000000017940000] [id=10756]

VM state:not at safepoint (normal execution)

VM Mutex/Monitor currently owned by a thread: None

Heap:
 PSYoungGen      total 52736K, used 39282K [0x00000000eab00000, 0x00000000ee200000, 0x0000000100000000)
  eden space 49152K, 72% used [0x00000000eab00000,0x00000000ecde15b8,0x00000000edb00000)
  from space 3584K, 99% used [0x00000000ede80000,0x00000000ee1fb350,0x00000000ee200000)
  to   space 3584K, 0% used [0x00000000edb00000,0x00000000edb00000,0x00000000ede80000)
 ParOldGen       total 64512K, used 10804K [0x00000000c0000000, 0x00000000c3f00000, 0x00000000eab00000)
  object space 64512K, 16% used [0x00000000c0000000,0x00000000c0a8d2a0,0x00000000c3f00000)
 Metaspace       used 6269K, capacity 7154K, committed 7296K, reserved 1056768K
  class space    used 603K, capacity 618K, committed 640K, reserved 1048576K

Card table byte_map: [0x00000000126d0000,0x00000000128e0000] byte_map_base: 0x00000000120d0000

Marking Bits: (ParMarkBitMap*) 0x0000000063f82f70
 Begin Bits: [0x0000000012e40000, 0x0000000013e40000)
 End Bits:   [0x0000000013e40000, 0x0000000014e40000)

Polling page: 0x0000000001aa0000

CodeCache: size=245760Kb used=7347Kb max_used=7347Kb free=238412Kb
 bounds [0x0000000003310000, 0x0000000003a50000, 0x0000000012310000]
 total_blobs=1984 nmethods=1714 adapters=182
 compilation: enabled

Compilation events (10 events):
Event: 8.495 Thread 0x00000000159dd000 nmethod 1749 0x0000000003a0d510 code [0x0000000003a0d660, 0x0000000003a0d8b8]
Event: 8.497 Thread 0x00000000159dd000 1750       4       com.android.dx.rop.code.BasicBlockList$RegCountVisitor::visitThrowingCstInsn (6 bytes)
Event: 8.504 Thread 0x00000000159dd000 nmethod 1750 0x0000000003a1da50 code [0x0000000003a1dbc0, 0x0000000003a1de78]
Event: 8.504 Thread 0x00000000159dd000 1752       4       com.android.dx.cf.code.ExecutionStack::peek (42 bytes)
Event: 8.505 Thread 0x00000000159dd000 nmethod 1752 0x0000000003a24090 code [0x0000000003a241e0, 0x0000000003a242b8]
Event: 8.505 Thread 0x00000000159dd000 1755       4       java.util.ArrayList::clear (39 bytes)
Event: 8.507 Thread 0x00000000159dd000 nmethod 1755 0x00000000039fadd0 code [0x00000000039faf00, 0x00000000039fafd8]
Event: 8.507 Thread 0x00000000159dd000 1756       4       com.android.dx.ssa.SsaRenamer$BlockRenamer::process (191 bytes)
Event: 8.528 Thread 0x0000000017248800 1774   !   2       com.android.dx.cf.code.BytecodeArray::parseInstruction (2764 bytes)
Event: 8.544 Thread 0x0000000017248800 nmethod 1774 0x0000000003a35150 code [0x0000000003a36080, 0x0000000003a3c668]

GC Heap History (8 events):
Event: 1.303 GC heap before
{Heap before GC invocations=1 (full 0):
 PSYoungGen      total 28160K, used 24576K [0x00000000eab00000, 0x00000000eca00000, 0x0000000100000000)
  eden space 24576K, 100% used [0x00000000eab00000,0x00000000ec300000,0x00000000ec300000)
  from space 3584K, 0% used [0x00000000ec680000,0x00000000ec680000,0x00000000eca00000)
  to   space 3584K, 0% used [0x00000000ec300000,0x00000000ec300000,0x00000000ec680000)
 ParOldGen       total 64512K, used 0K [0x00000000c0000000, 0x00000000c3f00000, 0x00000000eab00000)
  object space 64512K, 0% used [0x00000000c0000000,0x00000000c0000000,0x00000000c3f00000)
 Metaspace       used 5587K, capacity 6576K, committed 6784K, reserved 1056768K
  class space    used 597K, capacity 616K, committed 640K, reserved 1048576K
Event: 1.309 GC heap after
Heap after GC invocations=1 (full 0):
 PSYoungGen      total 28160K, used 3570K [0x00000000eab00000, 0x00000000eca00000, 0x0000000100000000)
  eden space 24576K, 0% used [0x00000000eab00000,0x00000000eab00000,0x00000000ec300000)
  from space 3584K, 99% used [0x00000000ec300000,0x00000000ec67c8d8,0x00000000ec680000)
  to   space 3584K, 0% used [0x00000000ec680000,0x00000000ec680000,0x00000000eca00000)
 ParOldGen       total 64512K, used 153K [0x00000000c0000000, 0x00000000c3f00000, 0x00000000eab00000)
  object space 64512K, 0% used [0x00000000c0000000,0x00000000c0026550,0x00000000c3f00000)
 Metaspace       used 5587K, capacity 6576K, committed 6784K, reserved 1056768K
  class space    used 597K, capacity 616K, committed 640K, reserved 1048576K
}
Event: 3.342 GC heap before
{Heap before GC invocations=2 (full 0):
 PSYoungGen      total 28160K, used 28146K [0x00000000eab00000, 0x00000000eca00000, 0x0000000100000000)
  eden space 24576K, 100% used [0x00000000eab00000,0x00000000ec300000,0x00000000ec300000)
  from space 3584K, 99% used [0x00000000ec300000,0x00000000ec67c8d8,0x00000000ec680000)
  to   space 3584K, 0% used [0x00000000ec680000,0x00000000ec680000,0x00000000eca00000)
 ParOldGen       total 64512K, used 153K [0x00000000c0000000, 0x00000000c3f00000, 0x00000000eab00000)
  object space 64512K, 0% used [0x00000000c0000000,0x00000000c0026550,0x00000000c3f00000)
 Metaspace       used 6133K, capacity 7026K, committed 7296K, reserved 1056768K
  class space    used 602K, capacity 618K, committed 640K, reserved 1048576K
Event: 3.780 GC heap after
Heap after GC invocations=2 (full 0):
 PSYoungGen      total 28160K, used 3568K [0x00000000eab00000, 0x00000000ee200000, 0x0000000100000000)
  eden space 24576K, 0% used [0x00000000eab00000,0x00000000eab00000,0x00000000ec300000)
  from space 3584K, 99% used [0x00000000ec680000,0x00000000ec9fc200,0x00000000eca00000)
  to   space 3584K, 0% used [0x00000000ec300000,0x00000000ec300000,0x00000000ec680000)
 ParOldGen       total 64512K, used 2611K [0x00000000c0000000, 0x00000000c3f00000, 0x00000000eab00000)
  object space 64512K, 4% used [0x00000000c0000000,0x00000000c028ceb0,0x00000000c3f00000)
 Metaspace       used 6133K, capacity 7026K, committed 7296K, reserved 1056768K
  class space    used 602K, capacity 618K, committed 640K, reserved 1048576K
}
Event: 4.871 GC heap before
{Heap before GC invocations=3 (full 0):
 PSYoungGen      total 28160K, used 28144K [0x00000000eab00000, 0x00000000ee200000, 0x0000000100000000)
  eden space 24576K, 100% used [0x00000000eab00000,0x00000000ec300000,0x00000000ec300000)
  from space 3584K, 99% used [0x00000000ec680000,0x00000000ec9fc200,0x00000000eca00000)
  to   space 3584K, 0% used [0x00000000ec300000,0x00000000ec300000,0x00000000ec680000)
 ParOldGen       total 64512K, used 2611K [0x00000000c0000000, 0x00000000c3f00000, 0x00000000eab00000)
  object space 64512K, 4% used [0x00000000c0000000,0x00000000c028ceb0,0x00000000c3f00000)
 Metaspace       used 6205K, capacity 7090K, committed 7296K, reserved 1056768K
  class space    used 603K, capacity 618K, committed 640K, reserved 1048576K
Event: 5.527 GC heap after
Heap after GC invocations=3 (full 0):
 PSYoungGen      total 28160K, used 3580K [0x00000000eab00000, 0x00000000ee200000, 0x0000000100000000)
  eden space 24576K, 0% used [0x00000000eab00000,0x00000000eab00000,0x00000000ec300000)
  from space 3584K, 99% used [0x00000000ec300000,0x00000000ec67f360,0x00000000ec680000)
  to   space 3584K, 0% used [0x00000000ede80000,0x00000000ede80000,0x00000000ee200000)
 ParOldGen       total 64512K, used 6610K [0x00000000c0000000, 0x00000000c3f00000, 0x00000000eab00000)
  object space 64512K, 10% used [0x00000000c0000000,0x00000000c0674958,0x00000000c3f00000)
 Metaspace       used 6205K, capacity 7090K, committed 7296K, reserved 1056768K
  class space    used 603K, capacity 618K, committed 640K, reserved 1048576K
}
Event: 6.872 GC heap before
{Heap before GC invocations=4 (full 0):
 PSYoungGen      total 28160K, used 28156K [0x00000000eab00000, 0x00000000ee200000, 0x0000000100000000)
  eden space 24576K, 100% used [0x00000000eab00000,0x00000000ec300000,0x00000000ec300000)
  from space 3584K, 99% used [0x00000000ec300000,0x00000000ec67f360,0x00000000ec680000)
  to   space 3584K, 0% used [0x00000000ede80000,0x00000000ede80000,0x00000000ee200000)
 ParOldGen       total 64512K, used 6610K [0x00000000c0000000, 0x00000000c3f00000, 0x00000000eab00000)
  object space 64512K, 10% used [0x00000000c0000000,0x00000000c0674958,0x00000000c3f00000)
 Metaspace       used 6232K, capacity 7090K, committed 7296K, reserved 1056768K
  class space    used 603K, capacity 618K, committed 640K, reserved 1048576K
Event: 7.275 GC heap after
Heap after GC invocations=4 (full 0):
 PSYoungGen      total 52736K, used 3564K [0x00000000eab00000, 0x00000000ee200000, 0x0000000100000000)
  eden space 49152K, 0% used [0x00000000eab00000,0x00000000eab00000,0x00000000edb00000)
  from space 3584K, 99% used [0x00000000ede80000,0x00000000ee1fb350,0x00000000ee200000)
  to   space 3584K, 0% used [0x00000000edb00000,0x00000000edb00000,0x00000000ede80000)
 ParOldGen       total 64512K, used 10804K [0x00000000c0000000, 0x00000000c3f00000, 0x00000000eab00000)
  object space 64512K, 16% used [0x00000000c0000000,0x00000000c0a8d2a0,0x00000000c3f00000)
 Metaspace       used 6232K, capacity 7090K, committed 7296K, reserved 1056768K
  class space    used 603K, capacity 618K, committed 640K, reserved 1048576K
}

Deoptimization events (10 events):
Event: 5.593 Thread 0x000000001750e800 Uncommon trap: reason=class_check action=maybe_recompile pc=0x0000000003742904 method=java.util.HashMap.putVal(ILjava/lang/Object;Ljava/lang/Object;ZZ)Ljava/lang/Object; @ 203
Event: 5.593 Thread 0x000000001750e800 Uncommon trap: reason=bimorphic action=maybe_recompile pc=0x0000000003768058 method=java.util.HashMap.getNode(ILjava/lang/Object;)Ljava/util/HashMap$Node; @ 126
Event: 5.593 Thread 0x000000001750e800 Uncommon trap: reason=class_check action=maybe_recompile pc=0x0000000003742904 method=java.util.HashMap.putVal(ILjava/lang/Object;Ljava/lang/Object;ZZ)Ljava/lang/Object; @ 203
Event: 5.593 Thread 0x000000001750e800 Uncommon trap: reason=bimorphic action=maybe_recompile pc=0x00000000035a837c method=java.util.HashMap.getNode(ILjava/lang/Object;)Ljava/util/HashMap$Node; @ 126
Event: 5.593 Thread 0x000000001750e800 Uncommon trap: reason=bimorphic action=maybe_recompile pc=0x00000000035a837c method=java.util.HashMap.getNode(ILjava/lang/Object;)Ljava/util/HashMap$Node; @ 126
Event: 5.593 Thread 0x000000001750e800 Uncommon trap: reason=class_check action=maybe_recompile pc=0x00000000037bf744 method=java.util.HashMap.putVal(ILjava/lang/Object;Ljava/lang/Object;ZZ)Ljava/lang/Object; @ 203
Event: 5.593 Thread 0x000000001750e800 Uncommon trap: reason=bimorphic action=maybe_recompile pc=0x0000000003768058 method=java.util.HashMap.getNode(ILjava/lang/Object;)Ljava/util/HashMap$Node; @ 126
Event: 6.285 Thread 0x000000001750c000 Uncommon trap: reason=unstable_if action=reinterpret pc=0x00000000039b6f60 method=com.android.dx.ssa.SsaRenamer$BlockRenamer.visitMoveInsn(Lcom/android/dx/ssa/NormalSsaInsn;)V @ 104
Event: 8.526 Thread 0x000000001750c000 Uncommon trap: reason=bimorphic action=maybe_recompile pc=0x0000000003986bc0 method=com.android.dx.cf.code.BytecodeArray.parseInstruction(ILcom/android/dx/cf/code/BytecodeArray$Visitor;)I @ 1501
Event: 8.528 Thread 0x000000001750c000 Uncommon trap: reason=bimorphic action=maybe_recompile pc=0x0000000003986bc0 method=com.android.dx.cf.code.BytecodeArray.parseInstruction(ILcom/android/dx/cf/code/BytecodeArray$Visitor;)I @ 1501

Internal exceptions (3 events):
Event: 0.043 Thread 0x000000000320e000 Exception <a 'java/lang/NoSuchMethodError': Method sun.misc.Unsafe.defineClass(Ljava/lang/String;[BII)Ljava/lang/Class; name or signature does not match> (0x00000000eab07cc0) thrown at [C:\re\workspace\8-2-build-windows-amd64-cygwin\jdk8u91\7017\hotspot\sr|≤∂¶?
Event: 0.043 Thread 0x000000000320e000 Exception <a 'java/lang/NoSuchMethodError': Method sun.misc.Unsafe.prefetchRead(Ljava/lang/Object;J)V name or signature does not match> (0x00000000eab07fa8) thrown at [C:\re\workspace\8-2-build-windows-amd64-cygwin\jdk8u91\7017\hotspot\src\share\vm\prims\j€FΩæG@
Event: 5.569 Thread 0x0000000017504000 Implicit null exception at 0x000000000392334d to 0x0000000003925bfd

Events (10 events):
Event: 8.467 Thread 0x000000001750a000 DEOPT PACKING pc=0x0000000003589642 sp=0x0000000017c3ea20
Event: 8.467 Thread 0x000000001750a000 DEOPT UNPACKING pc=0x000000000335787f sp=0x0000000017c3e738 mode 0
Event: 8.489 Thread 0x000000001750a000 DEOPT PACKING pc=0x0000000003745b75 sp=0x0000000017c3e960
Event: 8.491 Thread 0x000000001750a000 DEOPT UNPACKING pc=0x000000000335787f sp=0x0000000017c3e640 mode 0
Event: 8.526 Thread 0x000000001750c000 Uncommon trap: trap_request=0xffffffc6 fr.pc=0x0000000003986bc0
Event: 8.526 Thread 0x000000001750c000 DEOPT PACKING pc=0x0000000003986bc0 sp=0x0000000017d3e7e0
Event: 8.526 Thread 0x000000001750c000 DEOPT UNPACKING pc=0x000000000335582a sp=0x0000000017d3e760 mode 2
Event: 8.528 Thread 0x000000001750c000 Uncommon trap: trap_request=0xffffffc6 fr.pc=0x0000000003986bc0
Event: 8.528 Thread 0x000000001750c000 DEOPT PACKING pc=0x0000000003986bc0 sp=0x0000000017d3e630
Event: 8.528 Thread 0x000000001750c000 DEOPT UNPACKING pc=0x000000000335582a sp=0x0000000017d3e5b0 mode 2


Dynamic libraries:
0x00007ff711820000 - 0x00007ff711857000 	C:\Program Files\Java\jdk1.8.0_91\bin\java.exe
0x00007ffb54a20000 - 0x00007ffb54bf1000 	C:\WINDOWS\SYSTEM32\ntdll.dll
0x00007ffb51fb0000 - 0x00007ffb5205b000 	C:\WINDOWS\System32\KERNEL32.DLL
0x00007ffb51d30000 - 0x00007ffb51f4d000 	C:\WINDOWS\System32\KERNELBASE.dll
0x00007ffb52b10000 - 0x00007ffb52bb2000 	C:\WINDOWS\System32\ADVAPI32.dll
0x00007ffb54610000 - 0x00007ffb546ae000 	C:\WINDOWS\System32\msvcrt.dll
0x00007ffb54460000 - 0x00007ffb544b9000 	C:\WINDOWS\System32\sechost.dll
0x00007ffb52380000 - 0x00007ffb524a1000 	C:\WINDOWS\System32\RPCRT4.dll
0x00007ffb52d70000 - 0x00007ffb52ed5000 	C:\WINDOWS\System32\USER32.dll
0x00007ffb51000000 - 0x00007ffb5101e000 	C:\WINDOWS\System32\win32u.dll
0x00007ffb546b0000 - 0x00007ffb546e4000 	C:\WINDOWS\System32\GDI32.dll
0x00007ffb518d0000 - 0x00007ffb51a52000 	C:\WINDOWS\System32\gdi32full.dll
0x00007ffb4c200000 - 0x00007ffb4c479000 	C:\WINDOWS\WinSxS\amd64_microsoft.windows.common-controls_6595b64144ccf1df_6.0.14393.0_none_2d0f50fcbdb171b8\COMCTL32.dll
0x00007ffb546f0000 - 0x00007ffb549b7000 	C:\WINDOWS\System32\combase.dll
0x00007ffb51c30000 - 0x00007ffb51d25000 	C:\WINDOWS\System32\ucrtbase.dll
0x00007ffb51860000 - 0x00007ffb518ca000 	C:\WINDOWS\System32\bcryptPrimitives.dll
0x00007ffb521b0000 - 0x00007ffb521de000 	C:\WINDOWS\System32\IMM32.DLL
0x00007ffb50e20000 - 0x00007ffb50e51000 	C:\Windows\system32\nvinitx.dll
0x00007ffb50e10000 - 0x00007ffb50e1a000 	C:\WINDOWS\SYSTEM32\VERSION.dll
0x0000000063310000 - 0x00000000633e2000 	C:\Program Files\Java\jdk1.8.0_91\jre\bin\msvcr100.dll
0x0000000063770000 - 0x0000000064003000 	C:\Program Files\Java\jdk1.8.0_91\jre\bin\server\jvm.dll
0x00007ffb52d60000 - 0x00007ffb52d68000 	C:\WINDOWS\System32\PSAPI.DLL
0x00007ffb4b330000 - 0x00007ffb4b339000 	C:\WINDOWS\SYSTEM32\WSOCK32.dll
0x00007ffb4eb70000 - 0x00007ffb4eb93000 	C:\WINDOWS\SYSTEM32\WINMM.dll
0x00007ffb52ee0000 - 0x00007ffb52f4a000 	C:\WINDOWS\System32\WS2_32.dll
0x0000000001a70000 - 0x0000000001a9b000 	C:\WINDOWS\SYSTEM32\WINMMBASE.dll
0x00007ffb50fb0000 - 0x00007ffb50ff2000 	C:\WINDOWS\System32\cfgmgr32.dll
0x00000000641e0000 - 0x00000000641ef000 	C:\Program Files\Java\jdk1.8.0_91\jre\bin\verify.dll
0x0000000063740000 - 0x0000000063769000 	C:\Program Files\Java\jdk1.8.0_91\jre\bin\java.dll
0x0000000063720000 - 0x0000000063736000 	C:\Program Files\Java\jdk1.8.0_91\jre\bin\zip.dll
0x00007ffb52f50000 - 0x00007ffb54458000 	C:\WINDOWS\System32\SHELL32.dll
0x00007ffb51020000 - 0x00007ffb516fa000 	C:\WINDOWS\System32\windows.storage.dll
0x00007ffb50f40000 - 0x00007ffb50f8c000 	C:\WINDOWS\System32\powrprof.dll
0x00007ffb549c0000 - 0x00007ffb54a12000 	C:\WINDOWS\System32\shlwapi.dll
0x00007ffb50fa0000 - 0x00007ffb50faf000 	C:\WINDOWS\System32\kernel.appcore.dll
0x00007ffb51700000 - 0x00007ffb517a9000 	C:\WINDOWS\System32\shcore.dll
0x00007ffb50f20000 - 0x00007ffb50f34000 	C:\WINDOWS\System32\profapi.dll

VM Arguments:
jvm_args: -Djava.awt.headless=true -Xmx1024M -Dfile.encoding=windows-1252 -Duser.country=BR -Duser.language=pt -Duser.variant 
java_command: com.android.dx.command.Main --dex --force-jumbo --num-threads=4 --multi-dex --output C:\Users\Douglas\Desktop\AndroidStudio\AppPOO\app\build\intermediates\transforms\dex\debug\folders\1000\10\com.android.support-support-v4-23.4.0_1180ba4a4ee8d2a7f78c5c11206ff5e80e55b73e C:\Users\Douglas\Desktop\AndroidStudio\AppPOO\app\build\intermediates\exploded-aar\com.android.support\support-v4\23.4.0\jars\classes.jar
java_class_path (initial): C:\Users\Douglas\AppData\Local\Android\sdk\build-tools\24.0.1\lib\dx.jar
Launcher Type: SUN_STANDARD

Environment Variables:
PATH=C:\ProgramData\Oracle\Java\javapath;C:\Program Files (x86)\Intel\iCLS Client\;C:\Program Files\Intel\iCLS Client\;C:\WINDOWS\system32;C:\WINDOWS;C:\WINDOWS\System32\Wbem;C:\WINDOWS\System32\WindowsPowerShell\v1.0\;C:\Program Files\Intel\Intel(R) Management Engine Components\DAL;C:\Program Files\Intel\Intel(R) Management Engine Components\IPT;C:\Program Files (x86)\Intel\Intel(R) Management Engine Components\DAL;C:\Program Files (x86)\Intel\Intel(R) Management Engine Components\IPT;C:\Program Files (x86)\Windows Live\Shared;C:\Program Files (x86)\Skype\Phone\;C:\Program Files (x86)\NVIDIA Corporation\PhysX\Common;C:\WINDOWS\system32;C:\WINDOWS;C:\WINDOWS\System32\Wbem;C:\WINDOWS\System32\WindowsPowerShell\v1.0\;C:\Program Files\Microsoft SQL Server\Client SDK\ODBC\110\Tools\Binn\;C:\Program Files (x86)\Microsoft SQL Server\120\Tools\Binn\;C:\Program Files\Microsoft SQL Server\120\Tools\Binn\;C:\Program Files\Microsoft SQL Server\120\DTS\Binn\;C:\Program Files (x86)\Microsoft SQL Server\120\Tools\Binn\ManagementStudio\;C:\Program Files (x86)\Microsoft SQL Server\120\DTS\Binn\;C:\Program Files\Git\cmd;C:\Users\Douglas\AppData\Local\Microsoft\WindowsApps;
USERNAME=Douglas
OS=Windows_NT
PROCESSOR_IDENTIFIER=Intel64 Family 6 Model 58 Stepping 9, GenuineIntel



---------------  S Y S T E M  ---------------

OS: Windows 10.0 , 64 bit Build 14393 (10.0.14393.0)

CPU:total 4 (2 cores per cpu, 2 threads per core) family 6 model 58 stepping 9, cmov, cx8, fxsr, mmx, sse, sse2, sse3, ssse3, sse4.1, sse4.2, popcnt, avx, aes, clmul, erms, ht, tsc, tscinvbit, tscinv

Memory: 4k page, physical 6153312k(816948k free), swap 6153312k(5412k free)

vm_info: Java HotSpot(TM) 64-Bit Server VM (25.91-b15) for windows-amd64 JRE (1.8.0_91-b15), built on May 20 2016 17:43:15 by "java_re" with MS VC++ 10.0 (VS2010)

time: Wed Aug 31 19:43:00 2016
elapsed time: 8 seconds (0d 0h 0m 8s)

